# gmm-latgen-faster --max-active=7000 --beam=13.0 --lattice-beam=6.0 --acoustic-scale=0.083333 --allow-partial=true --word-symbol-table=exp/mono/graph/words.txt exp/mono/final.mdl exp/mono/graph/HCLG.fst "ark,s,cs:apply-cmvn  --utt2spk=ark:data/test/split1/1/utt2spk scp:data/test/split1/1/cmvn.scp scp:data/test/split1/1/feats.scp ark:- | add-deltas  ark:- ark:- |" "ark:|gzip -c > exp/mono/decode/lat.1.gz" 
# Started at Mon Oct 14 16:04:25 DST 2019
#
gmm-latgen-faster --max-active=7000 --beam=13.0 --lattice-beam=6.0 --acoustic-scale=0.083333 --allow-partial=true --word-symbol-table=exp/mono/graph/words.txt exp/mono/final.mdl exp/mono/graph/HCLG.fst 'ark,s,cs:apply-cmvn  --utt2spk=ark:data/test/split1/1/utt2spk scp:data/test/split1/1/cmvn.scp scp:data/test/split1/1/feats.scp ark:- | add-deltas  ark:- ark:- |' 'ark:|gzip -c > exp/mono/decode/lat.1.gz' 
apply-cmvn --utt2spk=ark:data/test/split1/1/utt2spk scp:data/test/split1/1/cmvn.scp scp:data/test/split1/1/feats.scp ark:- 
add-deltas ark:- ark:- 
jackson-0-0 zero 
LOG (gmm-latgen-faster[5.5.510~1-68cfb]:DecodeUtteranceLatticeFaster():decoder-wrappers.cc:289) Log-like per frame for utterance jackson-0-0 is -7.98731 over 62 frames.
jackson-0-1 zero 
LOG (gmm-latgen-faster[5.5.510~1-68cfb]:DecodeUtteranceLatticeFaster():decoder-wrappers.cc:289) Log-like per frame for utterance jackson-0-1 is -7.95893 over 51 frames.
jackson-0-2 zero 
LOG (gmm-latgen-faster[5.5.510~1-68cfb]:DecodeUtteranceLatticeFaster():decoder-wrappers.cc:289) Log-like per frame for utterance jackson-0-2 is -7.68605 over 51 frames.
jackson-0-3 zero 
LOG (gmm-latgen-faster[5.5.510~1-68cfb]:DecodeUtteranceLatticeFaster():decoder-wrappers.cc:289) Log-like per frame for utterance jackson-0-3 is -7.34696 over 58 frames.
jackson-0-4 zero 
LOG (gmm-latgen-faster[5.5.510~1-68cfb]:DecodeUtteranceLatticeFaster():decoder-wrappers.cc:289) Log-like per frame for utterance jackson-0-4 is -7.52442 over 52 frames.
jackson-1-0 one 
LOG (gmm-latgen-faster[5.5.510~1-68cfb]:DecodeUtteranceLatticeFaster():decoder-wrappers.cc:289) Log-like per frame for utterance jackson-1-0 is -8.13723 over 50 frames.
jackson-1-1 one 
LOG (gmm-latgen-faster[5.5.510~1-68cfb]:DecodeUtteranceLatticeFaster():decoder-wrappers.cc:289) Log-like per frame for utterance jackson-1-1 is -7.70611 over 51 frames.
jackson-1-2 one 
LOG (gmm-latgen-faster[5.5.510~1-68cfb]:DecodeUtteranceLatticeFaster():decoder-wrappers.cc:289) Log-like per frame for utterance jackson-1-2 is -7.77599 over 46 frames.
jackson-1-3 one 
LOG (gmm-latgen-faster[5.5.510~1-68cfb]:DecodeUtteranceLatticeFaster():decoder-wrappers.cc:289) Log-like per frame for utterance jackson-1-3 is -7.70476 over 48 frames.
jackson-1-4 one 
LOG (gmm-latgen-faster[5.5.510~1-68cfb]:DecodeUtteranceLatticeFaster():decoder-wrappers.cc:289) Log-like per frame for utterance jackson-1-4 is -8.22563 over 51 frames.
jackson-2-0 two 
LOG (gmm-latgen-faster[5.5.510~1-68cfb]:DecodeUtteranceLatticeFaster():decoder-wrappers.cc:289) Log-like per frame for utterance jackson-2-0 is -7.54896 over 48 frames.
jackson-2-1 two 
LOG (gmm-latgen-faster[5.5.510~1-68cfb]:DecodeUtteranceLatticeFaster():decoder-wrappers.cc:289) Log-like per frame for utterance jackson-2-1 is -7.5205 over 53 frames.
jackson-2-2 two 
LOG (gmm-latgen-faster[5.5.510~1-68cfb]:DecodeUtteranceLatticeFaster():decoder-wrappers.cc:289) Log-like per frame for utterance jackson-2-2 is -8.11319 over 42 frames.
jackson-2-3 two 
LOG (gmm-latgen-faster[5.5.510~1-68cfb]:DecodeUtteranceLatticeFaster():decoder-wrappers.cc:289) Log-like per frame for utterance jackson-2-3 is -8.31865 over 48 frames.
jackson-2-4 two 
LOG (gmm-latgen-faster[5.5.510~1-68cfb]:DecodeUtteranceLatticeFaster():decoder-wrappers.cc:289) Log-like per frame for utterance jackson-2-4 is -7.65389 over 46 frames.
jackson-3-0 three 
LOG (gmm-latgen-faster[5.5.510~1-68cfb]:DecodeUtteranceLatticeFaster():decoder-wrappers.cc:289) Log-like per frame for utterance jackson-3-0 is -7.83473 over 47 frames.
jackson-3-1 three 
LOG (gmm-latgen-faster[5.5.510~1-68cfb]:DecodeUtteranceLatticeFaster():decoder-wrappers.cc:289) Log-like per frame for utterance jackson-3-1 is -8.01087 over 45 frames.
jackson-3-2 three 
LOG (gmm-latgen-faster[5.5.510~1-68cfb]:DecodeUtteranceLatticeFaster():decoder-wrappers.cc:289) Log-like per frame for utterance jackson-3-2 is -7.67567 over 49 frames.
jackson-3-3 three 
LOG (gmm-latgen-faster[5.5.510~1-68cfb]:DecodeUtteranceLatticeFaster():decoder-wrappers.cc:289) Log-like per frame for utterance jackson-3-3 is -7.76768 over 49 frames.
jackson-3-4 three 
LOG (gmm-latgen-faster[5.5.510~1-68cfb]:DecodeUtteranceLatticeFaster():decoder-wrappers.cc:289) Log-like per frame for utterance jackson-3-4 is -7.53859 over 43 frames.
jackson-4-0 four 
LOG (gmm-latgen-faster[5.5.510~1-68cfb]:DecodeUtteranceLatticeFaster():decoder-wrappers.cc:289) Log-like per frame for utterance jackson-4-0 is -7.95208 over 44 frames.
jackson-4-1 four 
LOG (gmm-latgen-faster[5.5.510~1-68cfb]:DecodeUtteranceLatticeFaster():decoder-wrappers.cc:289) Log-like per frame for utterance jackson-4-1 is -7.55496 over 40 frames.
jackson-4-2 four 
LOG (gmm-latgen-faster[5.5.510~1-68cfb]:DecodeUtteranceLatticeFaster():decoder-wrappers.cc:289) Log-like per frame for utterance jackson-4-2 is -7.63057 over 40 frames.
jackson-4-3 four 
LOG (gmm-latgen-faster[5.5.510~1-68cfb]:DecodeUtteranceLatticeFaster():decoder-wrappers.cc:289) Log-like per frame for utterance jackson-4-3 is -7.82041 over 39 frames.
jackson-4-4 four 
LOG (gmm-latgen-faster[5.5.510~1-68cfb]:DecodeUtteranceLatticeFaster():decoder-wrappers.cc:289) Log-like per frame for utterance jackson-4-4 is -7.68552 over 41 frames.
jackson-5-0 five 
LOG (gmm-latgen-faster[5.5.510~1-68cfb]:DecodeUtteranceLatticeFaster():decoder-wrappers.cc:289) Log-like per frame for utterance jackson-5-0 is -7.49807 over 40 frames.
jackson-5-1 five 
LOG (gmm-latgen-faster[5.5.510~1-68cfb]:DecodeUtteranceLatticeFaster():decoder-wrappers.cc:289) Log-like per frame for utterance jackson-5-1 is -7.5214 over 39 frames.
jackson-5-2 five 
LOG (gmm-latgen-faster[5.5.510~1-68cfb]:DecodeUtteranceLatticeFaster():decoder-wrappers.cc:289) Log-like per frame for utterance jackson-5-2 is -7.6082 over 43 frames.
jackson-5-3 five 
LOG (gmm-latgen-faster[5.5.510~1-68cfb]:DecodeUtteranceLatticeFaster():decoder-wrappers.cc:289) Log-like per frame for utterance jackson-5-3 is -7.47419 over 38 frames.
jackson-5-4 five 
LOG (gmm-latgen-faster[5.5.510~1-68cfb]:DecodeUtteranceLatticeFaster():decoder-wrappers.cc:289) Log-like per frame for utterance jackson-5-4 is -7.94404 over 51 frames.
jackson-6-0 six 
LOG (gmm-latgen-faster[5.5.510~1-68cfb]:DecodeUtteranceLatticeFaster():decoder-wrappers.cc:289) Log-like per frame for utterance jackson-6-0 is -7.83302 over 81 frames.
jackson-6-1 six 
LOG (gmm-latgen-faster[5.5.510~1-68cfb]:DecodeUtteranceLatticeFaster():decoder-wrappers.cc:289) Log-like per frame for utterance jackson-6-1 is -8.48508 over 62 frames.
jackson-6-2 six 
LOG (gmm-latgen-faster[5.5.510~1-68cfb]:DecodeUtteranceLatticeFaster():decoder-wrappers.cc:289) Log-like per frame for utterance jackson-6-2 is -7.54836 over 61 frames.
jackson-6-3 six 
LOG (gmm-latgen-faster[5.5.510~1-68cfb]:DecodeUtteranceLatticeFaster():decoder-wrappers.cc:289) Log-like per frame for utterance jackson-6-3 is -7.76631 over 85 frames.
jackson-6-4 six 
LOG (gmm-latgen-faster[5.5.510~1-68cfb]:DecodeUtteranceLatticeFaster():decoder-wrappers.cc:289) Log-like per frame for utterance jackson-6-4 is -7.83418 over 61 frames.
jackson-7-0 seven 
LOG (gmm-latgen-faster[5.5.510~1-68cfb]:DecodeUtteranceLatticeFaster():decoder-wrappers.cc:289) Log-like per frame for utterance jackson-7-0 is -7.96043 over 41 frames.
jackson-7-1 seven 
LOG (gmm-latgen-faster[5.5.510~1-68cfb]:DecodeUtteranceLatticeFaster():decoder-wrappers.cc:289) Log-like per frame for utterance jackson-7-1 is -7.46674 over 45 frames.
jackson-7-2 seven 
LOG (gmm-latgen-faster[5.5.510~1-68cfb]:DecodeUtteranceLatticeFaster():decoder-wrappers.cc:289) Log-like per frame for utterance jackson-7-2 is -7.72297 over 36 frames.
jackson-7-3 seven 
LOG (gmm-latgen-faster[5.5.510~1-68cfb]:DecodeUtteranceLatticeFaster():decoder-wrappers.cc:289) Log-like per frame for utterance jackson-7-3 is -7.40086 over 41 frames.
jackson-7-4 seven 
LOG (gmm-latgen-faster[5.5.510~1-68cfb]:DecodeUtteranceLatticeFaster():decoder-wrappers.cc:289) Log-like per frame for utterance jackson-7-4 is -8.21764 over 40 frames.
jackson-8-0 eight 
LOG (gmm-latgen-faster[5.5.510~1-68cfb]:DecodeUtteranceLatticeFaster():decoder-wrappers.cc:289) Log-like per frame for utterance jackson-8-0 is -7.68886 over 33 frames.
jackson-8-1 eight 
LOG (gmm-latgen-faster[5.5.510~1-68cfb]:DecodeUtteranceLatticeFaster():decoder-wrappers.cc:289) Log-like per frame for utterance jackson-8-1 is -7.75138 over 38 frames.
jackson-8-2 eight 
LOG (gmm-latgen-faster[5.5.510~1-68cfb]:DecodeUtteranceLatticeFaster():decoder-wrappers.cc:289) Log-like per frame for utterance jackson-8-2 is -8.03743 over 36 frames.
jackson-8-3 eight 
LOG (gmm-latgen-faster[5.5.510~1-68cfb]:DecodeUtteranceLatticeFaster():decoder-wrappers.cc:289) Log-like per frame for utterance jackson-8-3 is -7.91905 over 37 frames.
jackson-8-4 eight 
LOG (gmm-latgen-faster[5.5.510~1-68cfb]:DecodeUtteranceLatticeFaster():decoder-wrappers.cc:289) Log-like per frame for utterance jackson-8-4 is -7.84453 over 39 frames.
jackson-9-0 nine 
LOG (gmm-latgen-faster[5.5.510~1-68cfb]:DecodeUtteranceLatticeFaster():decoder-wrappers.cc:289) Log-like per frame for utterance jackson-9-0 is -7.45361 over 58 frames.
jackson-9-1 nine 
LOG (gmm-latgen-faster[5.5.510~1-68cfb]:DecodeUtteranceLatticeFaster():decoder-wrappers.cc:289) Log-like per frame for utterance jackson-9-1 is -7.8037 over 55 frames.
jackson-9-2 nine 
LOG (gmm-latgen-faster[5.5.510~1-68cfb]:DecodeUtteranceLatticeFaster():decoder-wrappers.cc:289) Log-like per frame for utterance jackson-9-2 is -7.67406 over 56 frames.
jackson-9-3 nine 
LOG (gmm-latgen-faster[5.5.510~1-68cfb]:DecodeUtteranceLatticeFaster():decoder-wrappers.cc:289) Log-like per frame for utterance jackson-9-3 is -7.72388 over 52 frames.
jackson-9-4 nine 
LOG (gmm-latgen-faster[5.5.510~1-68cfb]:DecodeUtteranceLatticeFaster():decoder-wrappers.cc:289) Log-like per frame for utterance jackson-9-4 is -7.41737 over 56 frames.
nicolas-0-0 zero 
LOG (gmm-latgen-faster[5.5.510~1-68cfb]:DecodeUtteranceLatticeFaster():decoder-wrappers.cc:289) Log-like per frame for utterance nicolas-0-0 is -7.66606 over 42 frames.
nicolas-0-1 zero 
LOG (gmm-latgen-faster[5.5.510~1-68cfb]:DecodeUtteranceLatticeFaster():decoder-wrappers.cc:289) Log-like per frame for utterance nicolas-0-1 is -7.34947 over 45 frames.
nicolas-0-2 zero 
LOG (gmm-latgen-faster[5.5.510~1-68cfb]:DecodeUtteranceLatticeFaster():decoder-wrappers.cc:289) Log-like per frame for utterance nicolas-0-2 is -7.30447 over 34 frames.
nicolas-0-3 zero 
LOG (gmm-latgen-faster[5.5.510~1-68cfb]:DecodeUtteranceLatticeFaster():decoder-wrappers.cc:289) Log-like per frame for utterance nicolas-0-3 is -7.00279 over 53 frames.
nicolas-0-4 zero 
LOG (gmm-latgen-faster[5.5.510~1-68cfb]:DecodeUtteranceLatticeFaster():decoder-wrappers.cc:289) Log-like per frame for utterance nicolas-0-4 is -7.37671 over 47 frames.
nicolas-1-0 one 
LOG (gmm-latgen-faster[5.5.510~1-68cfb]:DecodeUtteranceLatticeFaster():decoder-wrappers.cc:289) Log-like per frame for utterance nicolas-1-0 is -7.23512 over 35 frames.
nicolas-1-1 one 
LOG (gmm-latgen-faster[5.5.510~1-68cfb]:DecodeUtteranceLatticeFaster():decoder-wrappers.cc:289) Log-like per frame for utterance nicolas-1-1 is -6.39699 over 27 frames.
nicolas-1-2 one 
LOG (gmm-latgen-faster[5.5.510~1-68cfb]:DecodeUtteranceLatticeFaster():decoder-wrappers.cc:289) Log-like per frame for utterance nicolas-1-2 is -7.11029 over 24 frames.
nicolas-1-3 one 
LOG (gmm-latgen-faster[5.5.510~1-68cfb]:DecodeUtteranceLatticeFaster():decoder-wrappers.cc:289) Log-like per frame for utterance nicolas-1-3 is -7.06362 over 27 frames.
nicolas-1-4 one 
LOG (gmm-latgen-faster[5.5.510~1-68cfb]:DecodeUtteranceLatticeFaster():decoder-wrappers.cc:289) Log-like per frame for utterance nicolas-1-4 is -6.79546 over 27 frames.
nicolas-2-0 two 
LOG (gmm-latgen-faster[5.5.510~1-68cfb]:DecodeUtteranceLatticeFaster():decoder-wrappers.cc:289) Log-like per frame for utterance nicolas-2-0 is -7.24662 over 34 frames.
nicolas-2-1 two 
LOG (gmm-latgen-faster[5.5.510~1-68cfb]:DecodeUtteranceLatticeFaster():decoder-wrappers.cc:289) Log-like per frame for utterance nicolas-2-1 is -7.41946 over 28 frames.
nicolas-2-2 two 
LOG (gmm-latgen-faster[5.5.510~1-68cfb]:DecodeUtteranceLatticeFaster():decoder-wrappers.cc:289) Log-like per frame for utterance nicolas-2-2 is -7.16357 over 34 frames.
nicolas-2-3 two 
LOG (gmm-latgen-faster[5.5.510~1-68cfb]:DecodeUtteranceLatticeFaster():decoder-wrappers.cc:289) Log-like per frame for utterance nicolas-2-3 is -6.89988 over 22 frames.
nicolas-2-4 two 
LOG (gmm-latgen-faster[5.5.510~1-68cfb]:DecodeUtteranceLatticeFaster():decoder-wrappers.cc:289) Log-like per frame for utterance nicolas-2-4 is -7.1476 over 31 frames.
nicolas-3-0 three 
LOG (gmm-latgen-faster[5.5.510~1-68cfb]:DecodeUtteranceLatticeFaster():decoder-wrappers.cc:289) Log-like per frame for utterance nicolas-3-0 is -7.3635 over 31 frames.
nicolas-3-1 three 
LOG (gmm-latgen-faster[5.5.510~1-68cfb]:DecodeUtteranceLatticeFaster():decoder-wrappers.cc:289) Log-like per frame for utterance nicolas-3-1 is -7.10447 over 31 frames.
nicolas-3-2 three 
LOG (gmm-latgen-faster[5.5.510~1-68cfb]:DecodeUtteranceLatticeFaster():decoder-wrappers.cc:289) Log-like per frame for utterance nicolas-3-2 is -6.88972 over 24 frames.
nicolas-3-3 three 
LOG (gmm-latgen-faster[5.5.510~1-68cfb]:DecodeUtteranceLatticeFaster():decoder-wrappers.cc:289) Log-like per frame for utterance nicolas-3-3 is -6.65589 over 22 frames.
nicolas-3-4 three 
LOG (gmm-latgen-faster[5.5.510~1-68cfb]:DecodeUtteranceLatticeFaster():decoder-wrappers.cc:289) Log-like per frame for utterance nicolas-3-4 is -7.17269 over 34 frames.
nicolas-4-0 four 
LOG (gmm-latgen-faster[5.5.510~1-68cfb]:DecodeUtteranceLatticeFaster():decoder-wrappers.cc:289) Log-like per frame for utterance nicolas-4-0 is -6.88366 over 29 frames.
nicolas-4-1 four 
LOG (gmm-latgen-faster[5.5.510~1-68cfb]:DecodeUtteranceLatticeFaster():decoder-wrappers.cc:289) Log-like per frame for utterance nicolas-4-1 is -7.54492 over 33 frames.
nicolas-4-2 four 
LOG (gmm-latgen-faster[5.5.510~1-68cfb]:DecodeUtteranceLatticeFaster():decoder-wrappers.cc:289) Log-like per frame for utterance nicolas-4-2 is -7.44934 over 29 frames.
nicolas-4-3 four 
LOG (gmm-latgen-faster[5.5.510~1-68cfb]:DecodeUtteranceLatticeFaster():decoder-wrappers.cc:289) Log-like per frame for utterance nicolas-4-3 is -6.99946 over 31 frames.
nicolas-4-4 four 
LOG (gmm-latgen-faster[5.5.510~1-68cfb]:DecodeUtteranceLatticeFaster():decoder-wrappers.cc:289) Log-like per frame for utterance nicolas-4-4 is -7.40617 over 30 frames.
nicolas-5-0 five 
LOG (gmm-latgen-faster[5.5.510~1-68cfb]:DecodeUtteranceLatticeFaster():decoder-wrappers.cc:289) Log-like per frame for utterance nicolas-5-0 is -6.56566 over 32 frames.
nicolas-5-1 five 
LOG (gmm-latgen-faster[5.5.510~1-68cfb]:DecodeUtteranceLatticeFaster():decoder-wrappers.cc:289) Log-like per frame for utterance nicolas-5-1 is -6.86076 over 36 frames.
nicolas-5-2 five 
LOG (gmm-latgen-faster[5.5.510~1-68cfb]:DecodeUtteranceLatticeFaster():decoder-wrappers.cc:289) Log-like per frame for utterance nicolas-5-2 is -6.85033 over 29 frames.
nicolas-5-3 five 
LOG (gmm-latgen-faster[5.5.510~1-68cfb]:DecodeUtteranceLatticeFaster():decoder-wrappers.cc:289) Log-like per frame for utterance nicolas-5-3 is -6.81834 over 34 frames.
nicolas-5-4 five 
LOG (gmm-latgen-faster[5.5.510~1-68cfb]:DecodeUtteranceLatticeFaster():decoder-wrappers.cc:289) Log-like per frame for utterance nicolas-5-4 is -6.44057 over 33 frames.
nicolas-6-0 six 
LOG (gmm-latgen-faster[5.5.510~1-68cfb]:DecodeUtteranceLatticeFaster():decoder-wrappers.cc:289) Log-like per frame for utterance nicolas-6-0 is -8.47525 over 20 frames.
nicolas-6-1 six 
LOG (gmm-latgen-faster[5.5.510~1-68cfb]:DecodeUtteranceLatticeFaster():decoder-wrappers.cc:289) Log-like per frame for utterance nicolas-6-1 is -7.93933 over 21 frames.
nicolas-6-2 six 
LOG (gmm-latgen-faster[5.5.510~1-68cfb]:DecodeUtteranceLatticeFaster():decoder-wrappers.cc:289) Log-like per frame for utterance nicolas-6-2 is -8.04641 over 24 frames.
nicolas-6-3 six 
LOG (gmm-latgen-faster[5.5.510~1-68cfb]:DecodeUtteranceLatticeFaster():decoder-wrappers.cc:289) Log-like per frame for utterance nicolas-6-3 is -7.79056 over 37 frames.
nicolas-6-4 six 
LOG (gmm-latgen-faster[5.5.510~1-68cfb]:DecodeUtteranceLatticeFaster():decoder-wrappers.cc:289) Log-like per frame for utterance nicolas-6-4 is -7.48288 over 45 frames.
nicolas-7-0 seven 
LOG (gmm-latgen-faster[5.5.510~1-68cfb]:DecodeUtteranceLatticeFaster():decoder-wrappers.cc:289) Log-like per frame for utterance nicolas-7-0 is -7.03828 over 35 frames.
nicolas-7-1 seven 
LOG (gmm-latgen-faster[5.5.510~1-68cfb]:DecodeUtteranceLatticeFaster():decoder-wrappers.cc:289) Log-like per frame for utterance nicolas-7-1 is -7.1511 over 44 frames.
nicolas-7-2 seven 
LOG (gmm-latgen-faster[5.5.510~1-68cfb]:DecodeUtteranceLatticeFaster():decoder-wrappers.cc:289) Log-like per frame for utterance nicolas-7-2 is -7.14925 over 43 frames.
nicolas-7-3 seven 
LOG (gmm-latgen-faster[5.5.510~1-68cfb]:DecodeUtteranceLatticeFaster():decoder-wrappers.cc:289) Log-like per frame for utterance nicolas-7-3 is -6.82121 over 35 frames.
nicolas-7-4 seven 
LOG (gmm-latgen-faster[5.5.510~1-68cfb]:DecodeUtteranceLatticeFaster():decoder-wrappers.cc:289) Log-like per frame for utterance nicolas-7-4 is -7.57225 over 43 frames.
nicolas-8-0 eight 
LOG (gmm-latgen-faster[5.5.510~1-68cfb]:DecodeUtteranceLatticeFaster():decoder-wrappers.cc:289) Log-like per frame for utterance nicolas-8-0 is -7.39034 over 21 frames.
nicolas-8-1 eight 
LOG (gmm-latgen-faster[5.5.510~1-68cfb]:DecodeUtteranceLatticeFaster():decoder-wrappers.cc:289) Log-like per frame for utterance nicolas-8-1 is -8.04725 over 21 frames.
nicolas-8-2 eight 
LOG (gmm-latgen-faster[5.5.510~1-68cfb]:DecodeUtteranceLatticeFaster():decoder-wrappers.cc:289) Log-like per frame for utterance nicolas-8-2 is -7.46105 over 22 frames.
nicolas-8-3 eight 
LOG (gmm-latgen-faster[5.5.510~1-68cfb]:DecodeUtteranceLatticeFaster():decoder-wrappers.cc:289) Log-like per frame for utterance nicolas-8-3 is -7.30828 over 23 frames.
nicolas-8-4 eight 
LOG (gmm-latgen-faster[5.5.510~1-68cfb]:DecodeUtteranceLatticeFaster():decoder-wrappers.cc:289) Log-like per frame for utterance nicolas-8-4 is -7.03645 over 24 frames.
nicolas-9-0 nine 
LOG (gmm-latgen-faster[5.5.510~1-68cfb]:DecodeUtteranceLatticeFaster():decoder-wrappers.cc:289) Log-like per frame for utterance nicolas-9-0 is -7.29361 over 40 frames.
nicolas-9-1 nine 
LOG (gmm-latgen-faster[5.5.510~1-68cfb]:DecodeUtteranceLatticeFaster():decoder-wrappers.cc:289) Log-like per frame for utterance nicolas-9-1 is -6.65356 over 47 frames.
nicolas-9-2 nine 
LOG (gmm-latgen-faster[5.5.510~1-68cfb]:DecodeUtteranceLatticeFaster():decoder-wrappers.cc:289) Log-like per frame for utterance nicolas-9-2 is -6.5812 over 42 frames.
nicolas-9-3 nine 
LOG (gmm-latgen-faster[5.5.510~1-68cfb]:DecodeUtteranceLatticeFaster():decoder-wrappers.cc:289) Log-like per frame for utterance nicolas-9-3 is -6.74029 over 42 frames.
nicolas-9-4 nine 
LOG (gmm-latgen-faster[5.5.510~1-68cfb]:DecodeUtteranceLatticeFaster():decoder-wrappers.cc:289) Log-like per frame for utterance nicolas-9-4 is -7.32126 over 34 frames.
theo-0-0 zero 
LOG (gmm-latgen-faster[5.5.510~1-68cfb]:DecodeUtteranceLatticeFaster():decoder-wrappers.cc:289) Log-like per frame for utterance theo-0-0 is -7.84719 over 37 frames.
theo-0-1 zero 
LOG (gmm-latgen-faster[5.5.510~1-68cfb]:DecodeUtteranceLatticeFaster():decoder-wrappers.cc:289) Log-like per frame for utterance theo-0-1 is -7.58345 over 33 frames.
theo-0-2 zero 
LOG (gmm-latgen-faster[5.5.510~1-68cfb]:DecodeUtteranceLatticeFaster():decoder-wrappers.cc:289) Log-like per frame for utterance theo-0-2 is -8.12791 over 32 frames.
theo-0-3 zero 
LOG (gmm-latgen-faster[5.5.510~1-68cfb]:DecodeUtteranceLatticeFaster():decoder-wrappers.cc:289) Log-like per frame for utterance theo-0-3 is -7.64763 over 32 frames.
theo-0-4 zero 
LOG (gmm-latgen-faster[5.5.510~1-68cfb]:DecodeUtteranceLatticeFaster():decoder-wrappers.cc:289) Log-like per frame for utterance theo-0-4 is -7.14038 over 39 frames.
theo-1-0 one 
LOG (gmm-latgen-faster[5.5.510~1-68cfb]:DecodeUtteranceLatticeFaster():decoder-wrappers.cc:289) Log-like per frame for utterance theo-1-0 is -7.98947 over 22 frames.
theo-1-1 one 
LOG (gmm-latgen-faster[5.5.510~1-68cfb]:DecodeUtteranceLatticeFaster():decoder-wrappers.cc:289) Log-like per frame for utterance theo-1-1 is -7.76539 over 21 frames.
theo-1-2 one 
LOG (gmm-latgen-faster[5.5.510~1-68cfb]:DecodeUtteranceLatticeFaster():decoder-wrappers.cc:289) Log-like per frame for utterance theo-1-2 is -8.54916 over 17 frames.
theo-1-3 one 
LOG (gmm-latgen-faster[5.5.510~1-68cfb]:DecodeUtteranceLatticeFaster():decoder-wrappers.cc:289) Log-like per frame for utterance theo-1-3 is -7.79311 over 23 frames.
theo-1-4 one 
LOG (gmm-latgen-faster[5.5.510~1-68cfb]:DecodeUtteranceLatticeFaster():decoder-wrappers.cc:289) Log-like per frame for utterance theo-1-4 is -7.83688 over 20 frames.
theo-2-0 two 
LOG (gmm-latgen-faster[5.5.510~1-68cfb]:DecodeUtteranceLatticeFaster():decoder-wrappers.cc:289) Log-like per frame for utterance theo-2-0 is -7.96599 over 22 frames.
theo-2-1 two 
LOG (gmm-latgen-faster[5.5.510~1-68cfb]:DecodeUtteranceLatticeFaster():decoder-wrappers.cc:289) Log-like per frame for utterance theo-2-1 is -7.80631 over 21 frames.
theo-2-2 two 
LOG (gmm-latgen-faster[5.5.510~1-68cfb]:DecodeUtteranceLatticeFaster():decoder-wrappers.cc:289) Log-like per frame for utterance theo-2-2 is -7.80279 over 51 frames.
theo-2-3 two 
LOG (gmm-latgen-faster[5.5.510~1-68cfb]:DecodeUtteranceLatticeFaster():decoder-wrappers.cc:289) Log-like per frame for utterance theo-2-3 is -8.04249 over 18 frames.
theo-2-4 two 
LOG (gmm-latgen-faster[5.5.510~1-68cfb]:DecodeUtteranceLatticeFaster():decoder-wrappers.cc:289) Log-like per frame for utterance theo-2-4 is -7.67509 over 25 frames.
theo-3-0 three 
LOG (gmm-latgen-faster[5.5.510~1-68cfb]:DecodeUtteranceLatticeFaster():decoder-wrappers.cc:289) Log-like per frame for utterance theo-3-0 is -8.32396 over 22 frames.
theo-3-1 three 
LOG (gmm-latgen-faster[5.5.510~1-68cfb]:DecodeUtteranceLatticeFaster():decoder-wrappers.cc:289) Log-like per frame for utterance theo-3-1 is -8.25162 over 26 frames.
theo-3-2 three 
LOG (gmm-latgen-faster[5.5.510~1-68cfb]:DecodeUtteranceLatticeFaster():decoder-wrappers.cc:289) Log-like per frame for utterance theo-3-2 is -8.4231 over 25 frames.
theo-3-3 three 
LOG (gmm-latgen-faster[5.5.510~1-68cfb]:DecodeUtteranceLatticeFaster():decoder-wrappers.cc:289) Log-like per frame for utterance theo-3-3 is -8.12875 over 21 frames.
theo-3-4 three 
LOG (gmm-latgen-faster[5.5.510~1-68cfb]:DecodeUtteranceLatticeFaster():decoder-wrappers.cc:289) Log-like per frame for utterance theo-3-4 is -7.88519 over 20 frames.
theo-4-0 four 
LOG (gmm-latgen-faster[5.5.510~1-68cfb]:DecodeUtteranceLatticeFaster():decoder-wrappers.cc:289) Log-like per frame for utterance theo-4-0 is -7.7331 over 25 frames.
theo-4-1 four 
LOG (gmm-latgen-faster[5.5.510~1-68cfb]:DecodeUtteranceLatticeFaster():decoder-wrappers.cc:289) Log-like per frame for utterance theo-4-1 is -7.61962 over 23 frames.
theo-4-2 four 
LOG (gmm-latgen-faster[5.5.510~1-68cfb]:DecodeUtteranceLatticeFaster():decoder-wrappers.cc:289) Log-like per frame for utterance theo-4-2 is -7.41745 over 21 frames.
theo-4-3 four 
LOG (gmm-latgen-faster[5.5.510~1-68cfb]:DecodeUtteranceLatticeFaster():decoder-wrappers.cc:289) Log-like per frame for utterance theo-4-3 is -7.88805 over 23 frames.
theo-4-4 four 
LOG (gmm-latgen-faster[5.5.510~1-68cfb]:DecodeUtteranceLatticeFaster():decoder-wrappers.cc:289) Log-like per frame for utterance theo-4-4 is -7.66443 over 27 frames.
theo-5-0 five 
LOG (gmm-latgen-faster[5.5.510~1-68cfb]:DecodeUtteranceLatticeFaster():decoder-wrappers.cc:289) Log-like per frame for utterance theo-5-0 is -7.36871 over 28 frames.
theo-5-1 five 
LOG (gmm-latgen-faster[5.5.510~1-68cfb]:DecodeUtteranceLatticeFaster():decoder-wrappers.cc:289) Log-like per frame for utterance theo-5-1 is -7.22203 over 27 frames.
theo-5-2 five 
LOG (gmm-latgen-faster[5.5.510~1-68cfb]:DecodeUtteranceLatticeFaster():decoder-wrappers.cc:289) Log-like per frame for utterance theo-5-2 is -7.04718 over 25 frames.
theo-5-3 five 
LOG (gmm-latgen-faster[5.5.510~1-68cfb]:DecodeUtteranceLatticeFaster():decoder-wrappers.cc:289) Log-like per frame for utterance theo-5-3 is -7.46715 over 26 frames.
theo-5-4 five 
LOG (gmm-latgen-faster[5.5.510~1-68cfb]:DecodeUtteranceLatticeFaster():decoder-wrappers.cc:289) Log-like per frame for utterance theo-5-4 is -7.11161 over 26 frames.
theo-6-0 six 
LOG (gmm-latgen-faster[5.5.510~1-68cfb]:DecodeUtteranceLatticeFaster():decoder-wrappers.cc:289) Log-like per frame for utterance theo-6-0 is -7.64331 over 47 frames.
theo-6-1 six 
LOG (gmm-latgen-faster[5.5.510~1-68cfb]:DecodeUtteranceLatticeFaster():decoder-wrappers.cc:289) Log-like per frame for utterance theo-6-1 is -7.68602 over 46 frames.
theo-6-2 six 
LOG (gmm-latgen-faster[5.5.510~1-68cfb]:DecodeUtteranceLatticeFaster():decoder-wrappers.cc:289) Log-like per frame for utterance theo-6-2 is -7.57612 over 48 frames.
theo-6-3 six 
LOG (gmm-latgen-faster[5.5.510~1-68cfb]:DecodeUtteranceLatticeFaster():decoder-wrappers.cc:289) Log-like per frame for utterance theo-6-3 is -7.8307 over 46 frames.
theo-6-4 six 
LOG (gmm-latgen-faster[5.5.510~1-68cfb]:DecodeUtteranceLatticeFaster():decoder-wrappers.cc:289) Log-like per frame for utterance theo-6-4 is -7.79992 over 46 frames.
theo-7-0 seven 
LOG (gmm-latgen-faster[5.5.510~1-68cfb]:DecodeUtteranceLatticeFaster():decoder-wrappers.cc:289) Log-like per frame for utterance theo-7-0 is -7.44037 over 41 frames.
theo-7-1 seven 
LOG (gmm-latgen-faster[5.5.510~1-68cfb]:DecodeUtteranceLatticeFaster():decoder-wrappers.cc:289) Log-like per frame for utterance theo-7-1 is -7.33083 over 34 frames.
theo-7-2 seven 
LOG (gmm-latgen-faster[5.5.510~1-68cfb]:DecodeUtteranceLatticeFaster():decoder-wrappers.cc:289) Log-like per frame for utterance theo-7-2 is -8.02626 over 23 frames.
theo-7-3 seven 
LOG (gmm-latgen-faster[5.5.510~1-68cfb]:DecodeUtteranceLatticeFaster():decoder-wrappers.cc:289) Log-like per frame for utterance theo-7-3 is -7.86607 over 27 frames.
theo-7-4 seven 
LOG (gmm-latgen-faster[5.5.510~1-68cfb]:DecodeUtteranceLatticeFaster():decoder-wrappers.cc:289) Log-like per frame for utterance theo-7-4 is -7.53188 over 41 frames.
theo-8-0 eight 
LOG (gmm-latgen-faster[5.5.510~1-68cfb]:DecodeUtteranceLatticeFaster():decoder-wrappers.cc:289) Log-like per frame for utterance theo-8-0 is -7.6748 over 34 frames.
theo-8-1 eight 
LOG (gmm-latgen-faster[5.5.510~1-68cfb]:DecodeUtteranceLatticeFaster():decoder-wrappers.cc:289) Log-like per frame for utterance theo-8-1 is -7.99867 over 30 frames.
theo-8-2 eight 
LOG (gmm-latgen-faster[5.5.510~1-68cfb]:DecodeUtteranceLatticeFaster():decoder-wrappers.cc:289) Log-like per frame for utterance theo-8-2 is -8.03481 over 34 frames.
theo-8-3 eight 
LOG (gmm-latgen-faster[5.5.510~1-68cfb]:DecodeUtteranceLatticeFaster():decoder-wrappers.cc:289) Log-like per frame for utterance theo-8-3 is -7.41607 over 27 frames.
theo-8-4 eight 
LOG (gmm-latgen-faster[5.5.510~1-68cfb]:DecodeUtteranceLatticeFaster():decoder-wrappers.cc:289) Log-like per frame for utterance theo-8-4 is -7.44414 over 33 frames.
theo-9-0 nine 
LOG (gmm-latgen-faster[5.5.510~1-68cfb]:DecodeUtteranceLatticeFaster():decoder-wrappers.cc:289) Log-like per frame for utterance theo-9-0 is -7.43325 over 36 frames.
LOG (apply-cmvn[5.5.510~1-68cfb]:main():apply-cmvn.cc:162) Applied cepstral mean normalization to 200 utterances, errors on 0
theo-9-1 nine 
LOG (gmm-latgen-faster[5.5.510~1-68cfb]:DecodeUtteranceLatticeFaster():decoder-wrappers.cc:289) Log-like per frame for utterance theo-9-1 is -8.16818 over 27 frames.
theo-9-2 nine 
LOG (gmm-latgen-faster[5.5.510~1-68cfb]:DecodeUtteranceLatticeFaster():decoder-wrappers.cc:289) Log-like per frame for utterance theo-9-2 is -7.70205 over 26 frames.
theo-9-3 nine 
LOG (gmm-latgen-faster[5.5.510~1-68cfb]:DecodeUtteranceLatticeFaster():decoder-wrappers.cc:289) Log-like per frame for utterance theo-9-3 is -7.38292 over 43 frames.
theo-9-4 nine 
LOG (gmm-latgen-faster[5.5.510~1-68cfb]:DecodeUtteranceLatticeFaster():decoder-wrappers.cc:289) Log-like per frame for utterance theo-9-4 is -6.85057 over 42 frames.
yweweler-0-0 zero 
LOG (gmm-latgen-faster[5.5.510~1-68cfb]:DecodeUtteranceLatticeFaster():decoder-wrappers.cc:289) Log-like per frame for utterance yweweler-0-0 is -7.73248 over 37 frames.
yweweler-0-1 zero 
LOG (gmm-latgen-faster[5.5.510~1-68cfb]:DecodeUtteranceLatticeFaster():decoder-wrappers.cc:289) Log-like per frame for utterance yweweler-0-1 is -8.15734 over 31 frames.
yweweler-0-2 zero 
LOG (gmm-latgen-faster[5.5.510~1-68cfb]:DecodeUtteranceLatticeFaster():decoder-wrappers.cc:289) Log-like per frame for utterance yweweler-0-2 is -7.12686 over 33 frames.
yweweler-0-3 zero 
LOG (gmm-latgen-faster[5.5.510~1-68cfb]:DecodeUtteranceLatticeFaster():decoder-wrappers.cc:289) Log-like per frame for utterance yweweler-0-3 is -7.27898 over 34 frames.
yweweler-0-4 zero 
LOG (gmm-latgen-faster[5.5.510~1-68cfb]:DecodeUtteranceLatticeFaster():decoder-wrappers.cc:289) Log-like per frame for utterance yweweler-0-4 is -7.60313 over 30 frames.
yweweler-1-0 one 
LOG (gmm-latgen-faster[5.5.510~1-68cfb]:DecodeUtteranceLatticeFaster():decoder-wrappers.cc:289) Log-like per frame for utterance yweweler-1-0 is -8.33431 over 40 frames.
yweweler-1-1 one 
LOG (gmm-latgen-faster[5.5.510~1-68cfb]:DecodeUtteranceLatticeFaster():decoder-wrappers.cc:289) Log-like per frame for utterance yweweler-1-1 is -7.00432 over 20 frames.
yweweler-1-2 one 
LOG (gmm-latgen-faster[5.5.510~1-68cfb]:DecodeUtteranceLatticeFaster():decoder-wrappers.cc:289) Log-like per frame for utterance yweweler-1-2 is -7.29771 over 32 frames.
yweweler-1-3 one 
LOG (gmm-latgen-faster[5.5.510~1-68cfb]:DecodeUtteranceLatticeFaster():decoder-wrappers.cc:289) Log-like per frame for utterance yweweler-1-3 is -7.60465 over 29 frames.
yweweler-1-4 one 
LOG (gmm-latgen-faster[5.5.510~1-68cfb]:DecodeUtteranceLatticeFaster():decoder-wrappers.cc:289) Log-like per frame for utterance yweweler-1-4 is -7.52248 over 28 frames.
yweweler-2-0 two 
LOG (gmm-latgen-faster[5.5.510~1-68cfb]:DecodeUtteranceLatticeFaster():decoder-wrappers.cc:289) Log-like per frame for utterance yweweler-2-0 is -8.18649 over 25 frames.
yweweler-2-1 two 
LOG (gmm-latgen-faster[5.5.510~1-68cfb]:DecodeUtteranceLatticeFaster():decoder-wrappers.cc:289) Log-like per frame for utterance yweweler-2-1 is -8.55704 over 28 frames.
yweweler-2-2 two 
LOG (gmm-latgen-faster[5.5.510~1-68cfb]:DecodeUtteranceLatticeFaster():decoder-wrappers.cc:289) Log-like per frame for utterance yweweler-2-2 is -7.93642 over 22 frames.
yweweler-2-3 two 
LOG (gmm-latgen-faster[5.5.510~1-68cfb]:DecodeUtteranceLatticeFaster():decoder-wrappers.cc:289) Log-like per frame for utterance yweweler-2-3 is -7.85907 over 26 frames.
yweweler-2-4 two 
LOG (gmm-latgen-faster[5.5.510~1-68cfb]:DecodeUtteranceLatticeFaster():decoder-wrappers.cc:289) Log-like per frame for utterance yweweler-2-4 is -7.37525 over 27 frames.
yweweler-3-0 three 
LOG (gmm-latgen-faster[5.5.510~1-68cfb]:DecodeUtteranceLatticeFaster():decoder-wrappers.cc:289) Log-like per frame for utterance yweweler-3-0 is -7.88073 over 37 frames.
yweweler-3-1 three 
LOG (gmm-latgen-faster[5.5.510~1-68cfb]:DecodeUtteranceLatticeFaster():decoder-wrappers.cc:289) Log-like per frame for utterance yweweler-3-1 is -7.98905 over 29 frames.
yweweler-3-2 three 
LOG (gmm-latgen-faster[5.5.510~1-68cfb]:DecodeUtteranceLatticeFaster():decoder-wrappers.cc:289) Log-like per frame for utterance yweweler-3-2 is -7.00943 over 23 frames.
yweweler-3-3 three 
LOG (gmm-latgen-faster[5.5.510~1-68cfb]:DecodeUtteranceLatticeFaster():decoder-wrappers.cc:289) Log-like per frame for utterance yweweler-3-3 is -7.78092 over 38 frames.
yweweler-3-4 three 
LOG (gmm-latgen-faster[5.5.510~1-68cfb]:DecodeUtteranceLatticeFaster():decoder-wrappers.cc:289) Log-like per frame for utterance yweweler-3-4 is -7.71959 over 38 frames.
yweweler-4-0 four 
LOG (gmm-latgen-faster[5.5.510~1-68cfb]:DecodeUtteranceLatticeFaster():decoder-wrappers.cc:289) Log-like per frame for utterance yweweler-4-0 is -7.92406 over 39 frames.
yweweler-4-1 four 
LOG (gmm-latgen-faster[5.5.510~1-68cfb]:DecodeUtteranceLatticeFaster():decoder-wrappers.cc:289) Log-like per frame for utterance yweweler-4-1 is -7.57149 over 37 frames.
yweweler-4-2 four 
LOG (gmm-latgen-faster[5.5.510~1-68cfb]:DecodeUtteranceLatticeFaster():decoder-wrappers.cc:289) Log-like per frame for utterance yweweler-4-2 is -7.02672 over 31 frames.
yweweler-4-3 four 
LOG (gmm-latgen-faster[5.5.510~1-68cfb]:DecodeUtteranceLatticeFaster():decoder-wrappers.cc:289) Log-like per frame for utterance yweweler-4-3 is -7.34504 over 25 frames.
yweweler-4-4 four 
LOG (gmm-latgen-faster[5.5.510~1-68cfb]:DecodeUtteranceLatticeFaster():decoder-wrappers.cc:289) Log-like per frame for utterance yweweler-4-4 is -7.17429 over 33 frames.
yweweler-5-0 five 
LOG (gmm-latgen-faster[5.5.510~1-68cfb]:DecodeUtteranceLatticeFaster():decoder-wrappers.cc:289) Log-like per frame for utterance yweweler-5-0 is -7.32045 over 28 frames.
yweweler-5-1 five 
LOG (gmm-latgen-faster[5.5.510~1-68cfb]:DecodeUtteranceLatticeFaster():decoder-wrappers.cc:289) Log-like per frame for utterance yweweler-5-1 is -7.54204 over 40 frames.
yweweler-5-2 five 
LOG (gmm-latgen-faster[5.5.510~1-68cfb]:DecodeUtteranceLatticeFaster():decoder-wrappers.cc:289) Log-like per frame for utterance yweweler-5-2 is -7.22568 over 37 frames.
yweweler-5-3 five 
LOG (gmm-latgen-faster[5.5.510~1-68cfb]:DecodeUtteranceLatticeFaster():decoder-wrappers.cc:289) Log-like per frame for utterance yweweler-5-3 is -7.34736 over 40 frames.
yweweler-5-4 five 
LOG (gmm-latgen-faster[5.5.510~1-68cfb]:DecodeUtteranceLatticeFaster():decoder-wrappers.cc:289) Log-like per frame for utterance yweweler-5-4 is -7.08378 over 48 frames.
yweweler-6-0 six 
LOG (gmm-latgen-faster[5.5.510~1-68cfb]:DecodeUtteranceLatticeFaster():decoder-wrappers.cc:289) Log-like per frame for utterance yweweler-6-0 is -7.76788 over 31 frames.
yweweler-6-1 three 
LOG (gmm-latgen-faster[5.5.510~1-68cfb]:DecodeUtteranceLatticeFaster():decoder-wrappers.cc:289) Log-like per frame for utterance yweweler-6-1 is -8.59886 over 14 frames.
yweweler-6-2 six 
LOG (gmm-latgen-faster[5.5.510~1-68cfb]:DecodeUtteranceLatticeFaster():decoder-wrappers.cc:289) Log-like per frame for utterance yweweler-6-2 is -7.58769 over 21 frames.
yweweler-6-3 six 
LOG (gmm-latgen-faster[5.5.510~1-68cfb]:DecodeUtteranceLatticeFaster():decoder-wrappers.cc:289) Log-like per frame for utterance yweweler-6-3 is -8.50421 over 12 frames.
yweweler-6-4 six 
LOG (gmm-latgen-faster[5.5.510~1-68cfb]:DecodeUtteranceLatticeFaster():decoder-wrappers.cc:289) Log-like per frame for utterance yweweler-6-4 is -7.26838 over 16 frames.
yweweler-7-0 seven 
LOG (gmm-latgen-faster[5.5.510~1-68cfb]:DecodeUtteranceLatticeFaster():decoder-wrappers.cc:289) Log-like per frame for utterance yweweler-7-0 is -7.30539 over 42 frames.
yweweler-7-1 seven 
LOG (gmm-latgen-faster[5.5.510~1-68cfb]:DecodeUtteranceLatticeFaster():decoder-wrappers.cc:289) Log-like per frame for utterance yweweler-7-1 is -7.49215 over 37 frames.
yweweler-7-2 seven 
LOG (gmm-latgen-faster[5.5.510~1-68cfb]:DecodeUtteranceLatticeFaster():decoder-wrappers.cc:289) Log-like per frame for utterance yweweler-7-2 is -7.43578 over 40 frames.
yweweler-7-3 seven 
LOG (gmm-latgen-faster[5.5.510~1-68cfb]:DecodeUtteranceLatticeFaster():decoder-wrappers.cc:289) Log-like per frame for utterance yweweler-7-3 is -8.0561 over 40 frames.
yweweler-7-4 seven 
LOG (gmm-latgen-faster[5.5.510~1-68cfb]:DecodeUtteranceLatticeFaster():decoder-wrappers.cc:289) Log-like per frame for utterance yweweler-7-4 is -7.49477 over 34 frames.
yweweler-8-0 eight 
LOG (gmm-latgen-faster[5.5.510~1-68cfb]:DecodeUtteranceLatticeFaster():decoder-wrappers.cc:289) Log-like per frame for utterance yweweler-8-0 is -8.13793 over 30 frames.
yweweler-8-1 eight 
LOG (gmm-latgen-faster[5.5.510~1-68cfb]:DecodeUtteranceLatticeFaster():decoder-wrappers.cc:289) Log-like per frame for utterance yweweler-8-1 is -7.64545 over 33 frames.
yweweler-8-2 eight 
LOG (gmm-latgen-faster[5.5.510~1-68cfb]:DecodeUtteranceLatticeFaster():decoder-wrappers.cc:289) Log-like per frame for utterance yweweler-8-2 is -7.83707 over 25 frames.
yweweler-8-3 eight 
LOG (gmm-latgen-faster[5.5.510~1-68cfb]:DecodeUtteranceLatticeFaster():decoder-wrappers.cc:289) Log-like per frame for utterance yweweler-8-3 is -7.52334 over 30 frames.
yweweler-8-4 eight 
LOG (gmm-latgen-faster[5.5.510~1-68cfb]:DecodeUtteranceLatticeFaster():decoder-wrappers.cc:289) Log-like per frame for utterance yweweler-8-4 is -7.60777 over 31 frames.
yweweler-9-0 nine 
LOG (gmm-latgen-faster[5.5.510~1-68cfb]:DecodeUtteranceLatticeFaster():decoder-wrappers.cc:289) Log-like per frame for utterance yweweler-9-0 is -7.3789 over 34 frames.
yweweler-9-1 nine 
LOG (gmm-latgen-faster[5.5.510~1-68cfb]:DecodeUtteranceLatticeFaster():decoder-wrappers.cc:289) Log-like per frame for utterance yweweler-9-1 is -6.86587 over 37 frames.
yweweler-9-2 nine 
LOG (gmm-latgen-faster[5.5.510~1-68cfb]:DecodeUtteranceLatticeFaster():decoder-wrappers.cc:289) Log-like per frame for utterance yweweler-9-2 is -6.85782 over 38 frames.
yweweler-9-3 nine 
LOG (gmm-latgen-faster[5.5.510~1-68cfb]:DecodeUtteranceLatticeFaster():decoder-wrappers.cc:289) Log-like per frame for utterance yweweler-9-3 is -8.23498 over 53 frames.
yweweler-9-4 nine 
LOG (gmm-latgen-faster[5.5.510~1-68cfb]:DecodeUtteranceLatticeFaster():decoder-wrappers.cc:289) Log-like per frame for utterance yweweler-9-4 is -6.90443 over 40 frames.
LOG (gmm-latgen-faster[5.5.510~1-68cfb]:main():gmm-latgen-faster.cc:176) Time taken 1.52405s: real-time factor assuming 100 frames/sec is 0.0212826
LOG (gmm-latgen-faster[5.5.510~1-68cfb]:main():gmm-latgen-faster.cc:179) Done 200 utterances, failed for 0
LOG (gmm-latgen-faster[5.5.510~1-68cfb]:main():gmm-latgen-faster.cc:181) Overall log-likelihood per frame is -7.57142 over 7161 frames.
# Accounting: time=2 threads=1
# Ended (code 0) at Mon Oct 14 16:04:27 DST 2019, elapsed time 2 seconds
