# gmm-acc-stats-ali exp/tri1/29.mdl "ark,s,cs:apply-cmvn  --utt2spk=ark:data/train/split1/1/utt2spk scp:data/train/split1/1/cmvn.scp scp:data/train/split1/1/feats.scp ark:- | add-deltas  ark:- ark:- |" "ark,s,cs:gunzip -c exp/tri1/ali.1.gz|" exp/tri1/29.1.acc 
# Started at Mon Oct 14 16:06:15 DST 2019
#
gmm-acc-stats-ali exp/tri1/29.mdl 'ark,s,cs:apply-cmvn  --utt2spk=ark:data/train/split1/1/utt2spk scp:data/train/split1/1/cmvn.scp scp:data/train/split1/1/feats.scp ark:- | add-deltas  ark:- ark:- |' 'ark,s,cs:gunzip -c exp/tri1/ali.1.gz|' exp/tri1/29.1.acc 
apply-cmvn --utt2spk=ark:data/train/split1/1/utt2spk scp:data/train/split1/1/cmvn.scp scp:data/train/split1/1/feats.scp ark:- 
add-deltas ark:- ark:- 
LOG (gmm-acc-stats-ali[5.5.510~1-68cfb]:main():gmm-acc-stats-ali.cc:105) Processed 50 utterances; for utterance jackson-1-14 avg. like is -87.0528 over 66 frames.
LOG (gmm-acc-stats-ali[5.5.510~1-68cfb]:main():gmm-acc-stats-ali.cc:105) Processed 100 utterances; for utterance jackson-2-19 avg. like is -80.7898 over 50 frames.
LOG (gmm-acc-stats-ali[5.5.510~1-68cfb]:main():gmm-acc-stats-ali.cc:105) Processed 150 utterances; for utterance jackson-3-24 avg. like is -85.761 over 41 frames.
LOG (gmm-acc-stats-ali[5.5.510~1-68cfb]:main():gmm-acc-stats-ali.cc:105) Processed 200 utterances; for utterance jackson-4-29 avg. like is -81.1591 over 42 frames.
LOG (gmm-acc-stats-ali[5.5.510~1-68cfb]:main():gmm-acc-stats-ali.cc:105) Processed 250 utterances; for utterance jackson-5-34 avg. like is -79.7546 over 34 frames.
LOG (gmm-acc-stats-ali[5.5.510~1-68cfb]:main():gmm-acc-stats-ali.cc:105) Processed 300 utterances; for utterance jackson-6-39 avg. like is -83.5267 over 64 frames.
LOG (gmm-acc-stats-ali[5.5.510~1-68cfb]:main():gmm-acc-stats-ali.cc:105) Processed 350 utterances; for utterance jackson-7-44 avg. like is -84.2722 over 49 frames.
LOG (gmm-acc-stats-ali[5.5.510~1-68cfb]:main():gmm-acc-stats-ali.cc:105) Processed 400 utterances; for utterance jackson-8-49 avg. like is -85.2231 over 45 frames.
LOG (gmm-acc-stats-ali[5.5.510~1-68cfb]:main():gmm-acc-stats-ali.cc:105) Processed 450 utterances; for utterance jackson-9-9 avg. like is -80.5558 over 52 frames.
LOG (gmm-acc-stats-ali[5.5.510~1-68cfb]:main():gmm-acc-stats-ali.cc:105) Processed 500 utterances; for utterance nicolas-1-14 avg. like is -81.2147 over 30 frames.
LOG (gmm-acc-stats-ali[5.5.510~1-68cfb]:main():gmm-acc-stats-ali.cc:105) Processed 550 utterances; for utterance nicolas-2-19 avg. like is -75.8016 over 23 frames.
LOG (gmm-acc-stats-ali[5.5.510~1-68cfb]:main():gmm-acc-stats-ali.cc:105) Processed 600 utterances; for utterance nicolas-3-24 avg. like is -73.7198 over 21 frames.
LOG (gmm-acc-stats-ali[5.5.510~1-68cfb]:main():gmm-acc-stats-ali.cc:105) Processed 650 utterances; for utterance nicolas-4-29 avg. like is -70.8262 over 31 frames.
LOG (gmm-acc-stats-ali[5.5.510~1-68cfb]:main():gmm-acc-stats-ali.cc:105) Processed 700 utterances; for utterance nicolas-5-34 avg. like is -76.4867 over 31 frames.
LOG (gmm-acc-stats-ali[5.5.510~1-68cfb]:main():gmm-acc-stats-ali.cc:105) Processed 750 utterances; for utterance nicolas-6-39 avg. like is -79.8116 over 16 frames.
LOG (gmm-acc-stats-ali[5.5.510~1-68cfb]:main():gmm-acc-stats-ali.cc:105) Processed 800 utterances; for utterance nicolas-7-44 avg. like is -81.4185 over 34 frames.
LOG (gmm-acc-stats-ali[5.5.510~1-68cfb]:main():gmm-acc-stats-ali.cc:105) Processed 850 utterances; for utterance nicolas-8-49 avg. like is -72.5145 over 38 frames.
LOG (gmm-acc-stats-ali[5.5.510~1-68cfb]:main():gmm-acc-stats-ali.cc:105) Processed 900 utterances; for utterance nicolas-9-9 avg. like is -65.5457 over 42 frames.
LOG (gmm-acc-stats-ali[5.5.510~1-68cfb]:main():gmm-acc-stats-ali.cc:105) Processed 950 utterances; for utterance theo-1-14 avg. like is -78.9434 over 23 frames.
LOG (gmm-acc-stats-ali[5.5.510~1-68cfb]:main():gmm-acc-stats-ali.cc:105) Processed 1000 utterances; for utterance theo-2-19 avg. like is -78.575 over 46 frames.
LOG (gmm-acc-stats-ali[5.5.510~1-68cfb]:main():gmm-acc-stats-ali.cc:105) Processed 1050 utterances; for utterance theo-3-24 avg. like is -102.253 over 37 frames.
LOG (gmm-acc-stats-ali[5.5.510~1-68cfb]:main():gmm-acc-stats-ali.cc:105) Processed 1100 utterances; for utterance theo-4-29 avg. like is -93.5578 over 27 frames.
LOG (gmm-acc-stats-ali[5.5.510~1-68cfb]:main():gmm-acc-stats-ali.cc:105) Processed 1150 utterances; for utterance theo-5-34 avg. like is -77.4577 over 46 frames.
LOG (gmm-acc-stats-ali[5.5.510~1-68cfb]:main():gmm-acc-stats-ali.cc:105) Processed 1200 utterances; for utterance theo-6-39 avg. like is -82.5316 over 41 frames.
LOG (gmm-acc-stats-ali[5.5.510~1-68cfb]:main():gmm-acc-stats-ali.cc:105) Processed 1250 utterances; for utterance theo-7-44 avg. like is -80.8589 over 44 frames.
LOG (gmm-acc-stats-ali[5.5.510~1-68cfb]:main():gmm-acc-stats-ali.cc:105) Processed 1300 utterances; for utterance theo-8-49 avg. like is -88.3032 over 29 frames.
LOG (gmm-acc-stats-ali[5.5.510~1-68cfb]:main():gmm-acc-stats-ali.cc:105) Processed 1350 utterances; for utterance theo-9-9 avg. like is -80.0065 over 40 frames.
LOG (gmm-acc-stats-ali[5.5.510~1-68cfb]:main():gmm-acc-stats-ali.cc:105) Processed 1400 utterances; for utterance yweweler-1-14 avg. like is -77.0769 over 27 frames.
LOG (gmm-acc-stats-ali[5.5.510~1-68cfb]:main():gmm-acc-stats-ali.cc:105) Processed 1450 utterances; for utterance yweweler-2-19 avg. like is -84.8821 over 23 frames.
LOG (gmm-acc-stats-ali[5.5.510~1-68cfb]:main():gmm-acc-stats-ali.cc:105) Processed 1500 utterances; for utterance yweweler-3-24 avg. like is -74.1806 over 26 frames.
LOG (gmm-acc-stats-ali[5.5.510~1-68cfb]:main():gmm-acc-stats-ali.cc:105) Processed 1550 utterances; for utterance yweweler-4-29 avg. like is -77.0297 over 34 frames.
LOG (gmm-acc-stats-ali[5.5.510~1-68cfb]:main():gmm-acc-stats-ali.cc:105) Processed 1600 utterances; for utterance yweweler-5-34 avg. like is -82.6849 over 62 frames.
LOG (gmm-acc-stats-ali[5.5.510~1-68cfb]:main():gmm-acc-stats-ali.cc:105) Processed 1650 utterances; for utterance yweweler-6-39 avg. like is -81.2512 over 32 frames.
LOG (gmm-acc-stats-ali[5.5.510~1-68cfb]:main():gmm-acc-stats-ali.cc:105) Processed 1700 utterances; for utterance yweweler-7-44 avg. like is -76.0998 over 44 frames.
LOG (gmm-acc-stats-ali[5.5.510~1-68cfb]:main():gmm-acc-stats-ali.cc:105) Processed 1750 utterances; for utterance yweweler-8-49 avg. like is -79.3356 over 23 frames.
LOG (apply-cmvn[5.5.510~1-68cfb]:main():apply-cmvn.cc:162) Applied cepstral mean normalization to 1800 utterances, errors on 0
LOG (gmm-acc-stats-ali[5.5.510~1-68cfb]:main():gmm-acc-stats-ali.cc:105) Processed 1800 utterances; for utterance yweweler-9-9 avg. like is -75.8269 over 42 frames.
LOG (gmm-acc-stats-ali[5.5.510~1-68cfb]:main():gmm-acc-stats-ali.cc:112) Done 1800 files, 0 with errors.
LOG (gmm-acc-stats-ali[5.5.510~1-68cfb]:main():gmm-acc-stats-ali.cc:115) Overall avg like per frame (Gaussian only) = -80.6986 over 69280 frames.
LOG (gmm-acc-stats-ali[5.5.510~1-68cfb]:main():gmm-acc-stats-ali.cc:123) Written accs.
# Accounting: time=2 threads=1
# Ended (code 0) at Mon Oct 14 16:06:17 DST 2019, elapsed time 2 seconds
