# gmm-est --mix-up=5600 --power=0.25 --write-occs=exp/tri1/12.occs exp/tri1/11.mdl "gmm-sum-accs - exp/tri1/11.*.acc |" exp/tri1/12.mdl 
# Started at Mon Oct 14 16:05:20 DST 2019
#
gmm-est --mix-up=5600 --power=0.25 --write-occs=exp/tri1/12.occs exp/tri1/11.mdl 'gmm-sum-accs - exp/tri1/11.*.acc |' exp/tri1/12.mdl 
gmm-sum-accs - exp/tri1/11.1.acc 
LOG (gmm-sum-accs[5.5.510~1-68cfb]:main():gmm-sum-accs.cc:63) Summed 1 stats, total count 69280, avg like/frame -81.2425
LOG (gmm-sum-accs[5.5.510~1-68cfb]:main():gmm-sum-accs.cc:66) Total count of stats is 69280
LOG (gmm-sum-accs[5.5.510~1-68cfb]:main():gmm-sum-accs.cc:67) Written stats to -
LOG (gmm-est[5.5.510~1-68cfb]:MleUpdate():transition-model.cc:528) TransitionModel::Update, objf change is 0 per frame over 69280 frames. 
LOG (gmm-est[5.5.510~1-68cfb]:MleUpdate():transition-model.cc:531) 14 probabilities floored, 384 out of 506 transition-states skipped due to insuffient data (it is normal to have some skipped.)
LOG (gmm-est[5.5.510~1-68cfb]:main():gmm-est.cc:102) Transition model update: Overall 0 log-like improvement per frame over 69280 frames.
WARNING (gmm-est[5.5.510~1-68cfb]:MleDiagGmmUpdate():mle-diag-gmm.cc:365) Gaussian has too little data but not removing it because it is the last Gaussian: i = 0, occ = 0, weight = 1
WARNING (gmm-est[5.5.510~1-68cfb]:MleDiagGmmUpdate():mle-diag-gmm.cc:359) Too little data - removing Gaussian (weight 0.005843, occupation count 9.447431, vector size 39)
WARNING (gmm-est[5.5.510~1-68cfb]:MleDiagGmmUpdate():mle-diag-gmm.cc:359) Too little data - removing Gaussian (weight 0.007526, occupation count 8.805099, vector size 39)
WARNING (gmm-est[5.5.510~1-68cfb]:MleDiagGmmUpdate():mle-diag-gmm.cc:359) Too little data - removing Gaussian (weight 0.020417, occupation count 9.167310, vector size 39)
WARNING (gmm-est[5.5.510~1-68cfb]:MleDiagGmmUpdate():mle-diag-gmm.cc:359) Too little data - removing Gaussian (weight 0.005967, occupation count 9.858223, vector size 39)
WARNING (gmm-est[5.5.510~1-68cfb]:MleDiagGmmUpdate():mle-diag-gmm.cc:359) Too little data - removing Gaussian (weight 0.005239, occupation count 9.378009, vector size 39)
WARNING (gmm-est[5.5.510~1-68cfb]:MleDiagGmmUpdate():mle-diag-gmm.cc:359) Too little data - removing Gaussian (weight 0.006127, occupation count 9.092813, vector size 39)
WARNING (gmm-est[5.5.510~1-68cfb]:MleDiagGmmUpdate():mle-diag-gmm.cc:359) Too little data - removing Gaussian (weight 0.009915, occupation count 9.835238, vector size 39)
WARNING (gmm-est[5.5.510~1-68cfb]:MleDiagGmmUpdate():mle-diag-gmm.cc:359) Too little data - removing Gaussian (weight 0.010020, occupation count 9.990207, vector size 39)
WARNING (gmm-est[5.5.510~1-68cfb]:MleDiagGmmUpdate():mle-diag-gmm.cc:359) Too little data - removing Gaussian (weight 0.014448, occupation count 9.058698, vector size 39)
WARNING (gmm-est[5.5.510~1-68cfb]:MleDiagGmmUpdate():mle-diag-gmm.cc:359) Too little data - removing Gaussian (weight 0.010917, occupation count 9.857827, vector size 39)
WARNING (gmm-est[5.5.510~1-68cfb]:MleDiagGmmUpdate():mle-diag-gmm.cc:359) Too little data - removing Gaussian (weight 0.009534, occupation count 9.781715, vector size 39)
WARNING (gmm-est[5.5.510~1-68cfb]:MleDiagGmmUpdate():mle-diag-gmm.cc:359) Too little data - removing Gaussian (weight 0.012367, occupation count 9.696073, vector size 39)
WARNING (gmm-est[5.5.510~1-68cfb]:MleDiagGmmUpdate():mle-diag-gmm.cc:359) Too little data - removing Gaussian (weight 0.061659, occupation count 9.310492, vector size 39)
WARNING (gmm-est[5.5.510~1-68cfb]:MleDiagGmmUpdate():mle-diag-gmm.cc:359) Too little data - removing Gaussian (weight 0.047660, occupation count 9.722734, vector size 39)
LOG (gmm-est[5.5.510~1-68cfb]:MleAmDiagGmmUpdate():mle-am-diag-gmm.cc:225) 0 variance elements floored in 0 Gaussians, out of 3407
LOG (gmm-est[5.5.510~1-68cfb]:MleAmDiagGmmUpdate():mle-am-diag-gmm.cc:229) Removed 14 Gaussians due to counts < --min-gaussian-occupancy=10 and --remove-low-count-gaussians=true
LOG (gmm-est[5.5.510~1-68cfb]:main():gmm-est.cc:113) GMM update: Overall 0.102716 objective function improvement per frame over 69280 frames
LOG (gmm-est[5.5.510~1-68cfb]:main():gmm-est.cc:116) GMM update: Overall avg like per frame = -81.2425 over 69280 frames.
WARNING (gmm-est[5.5.510~1-68cfb]:GetSplitTargets():model-common.cc:134) Could not split up to 5600 due to min-count = 20 (or no counts at all)

LOG (gmm-est[5.5.510~1-68cfb]:SplitByCount():am-diag-gmm.cc:116) Split 112 states with target = 5600, power = 0.25, perturb_factor = 0.01 and min_count = 20, split #Gauss from 3407 to 3421
LOG (gmm-est[5.5.510~1-68cfb]:main():gmm-est.cc:146) Written model to exp/tri1/12.mdl
# Accounting: time=1 threads=1
# Ended (code 0) at Mon Oct 14 16:05:21 DST 2019, elapsed time 1 seconds
