# gmm-est --mix-up=8840 --power=0.25 --write-occs=exp/tri1/21.occs exp/tri1/20.mdl "gmm-sum-accs - exp/tri1/20.*.acc |" exp/tri1/21.mdl 
# Started at Mon Oct 14 16:05:50 DST 2019
#
gmm-est --mix-up=8840 --power=0.25 --write-occs=exp/tri1/21.occs exp/tri1/20.mdl 'gmm-sum-accs - exp/tri1/20.*.acc |' exp/tri1/21.mdl 
gmm-sum-accs - exp/tri1/20.1.acc 
LOG (gmm-sum-accs[5.5.510~1-68cfb]:main():gmm-sum-accs.cc:63) Summed 1 stats, total count 69280, avg like/frame -80.796
LOG (gmm-sum-accs[5.5.510~1-68cfb]:main():gmm-sum-accs.cc:66) Total count of stats is 69280
LOG (gmm-sum-accs[5.5.510~1-68cfb]:main():gmm-sum-accs.cc:67) Written stats to -
LOG (gmm-est[5.5.510~1-68cfb]:MleUpdate():transition-model.cc:528) TransitionModel::Update, objf change is 3.94743e-05 per frame over 69280 frames. 
LOG (gmm-est[5.5.510~1-68cfb]:MleUpdate():transition-model.cc:531) 14 probabilities floored, 384 out of 506 transition-states skipped due to insuffient data (it is normal to have some skipped.)
LOG (gmm-est[5.5.510~1-68cfb]:main():gmm-est.cc:102) Transition model update: Overall 3.94743e-05 log-like improvement per frame over 69280 frames.
WARNING (gmm-est[5.5.510~1-68cfb]:MleDiagGmmUpdate():mle-diag-gmm.cc:365) Gaussian has too little data but not removing it because it is the last Gaussian: i = 0, occ = 0, weight = 1
WARNING (gmm-est[5.5.510~1-68cfb]:MleDiagGmmUpdate():mle-diag-gmm.cc:359) Too little data - removing Gaussian (weight 0.004934, occupation count 9.962607, vector size 39)
WARNING (gmm-est[5.5.510~1-68cfb]:MleDiagGmmUpdate():mle-diag-gmm.cc:359) Too little data - removing Gaussian (weight 0.022121, occupation count 9.998857, vector size 39)
WARNING (gmm-est[5.5.510~1-68cfb]:MleDiagGmmUpdate():mle-diag-gmm.cc:359) Too little data - removing Gaussian (weight 0.023864, occupation count 9.999154, vector size 39)
WARNING (gmm-est[5.5.510~1-68cfb]:MleDiagGmmUpdate():mle-diag-gmm.cc:359) Too little data - removing Gaussian (weight 0.033756, occupation count 9.991703, vector size 39)
LOG (gmm-est[5.5.510~1-68cfb]:MleAmDiagGmmUpdate():mle-am-diag-gmm.cc:225) 0 variance elements floored in 0 Gaussians, out of 3411
LOG (gmm-est[5.5.510~1-68cfb]:MleAmDiagGmmUpdate():mle-am-diag-gmm.cc:229) Removed 4 Gaussians due to counts < --min-gaussian-occupancy=10 and --remove-low-count-gaussians=true
LOG (gmm-est[5.5.510~1-68cfb]:main():gmm-est.cc:113) GMM update: Overall 0.0362563 objective function improvement per frame over 69280 frames
LOG (gmm-est[5.5.510~1-68cfb]:main():gmm-est.cc:116) GMM update: Overall avg like per frame = -80.796 over 69280 frames.
WARNING (gmm-est[5.5.510~1-68cfb]:GetSplitTargets():model-common.cc:134) Could not split up to 8840 due to min-count = 20 (or no counts at all)

LOG (gmm-est[5.5.510~1-68cfb]:SplitByCount():am-diag-gmm.cc:116) Split 112 states with target = 8840, power = 0.25, perturb_factor = 0.01 and min_count = 20, split #Gauss from 3411 to 3418
LOG (gmm-est[5.5.510~1-68cfb]:main():gmm-est.cc:146) Written model to exp/tri1/21.mdl
# Accounting: time=1 threads=1
# Ended (code 0) at Mon Oct 14 16:05:51 DST 2019, elapsed time 1 seconds
