# gmm-est --mix-up=5240 --power=0.25 --write-occs=exp/tri1/11.occs exp/tri1/10.mdl "gmm-sum-accs - exp/tri1/10.*.acc |" exp/tri1/11.mdl 
# Started at Mon Oct 14 16:05:18 DST 2019
#
gmm-est --mix-up=5240 --power=0.25 --write-occs=exp/tri1/11.occs exp/tri1/10.mdl 'gmm-sum-accs - exp/tri1/10.*.acc |' exp/tri1/11.mdl 
gmm-sum-accs - exp/tri1/10.1.acc 
LOG (gmm-sum-accs[5.5.510~1-68cfb]:main():gmm-sum-accs.cc:63) Summed 1 stats, total count 69280, avg like/frame -81.5024
LOG (gmm-sum-accs[5.5.510~1-68cfb]:main():gmm-sum-accs.cc:66) Total count of stats is 69280
LOG (gmm-sum-accs[5.5.510~1-68cfb]:main():gmm-sum-accs.cc:67) Written stats to -
LOG (gmm-est[5.5.510~1-68cfb]:MleUpdate():transition-model.cc:528) TransitionModel::Update, objf change is 0.0013552 per frame over 69280 frames. 
LOG (gmm-est[5.5.510~1-68cfb]:MleUpdate():transition-model.cc:531) 14 probabilities floored, 384 out of 506 transition-states skipped due to insuffient data (it is normal to have some skipped.)
LOG (gmm-est[5.5.510~1-68cfb]:main():gmm-est.cc:102) Transition model update: Overall 0.0013552 log-like improvement per frame over 69280 frames.
WARNING (gmm-est[5.5.510~1-68cfb]:MleDiagGmmUpdate():mle-diag-gmm.cc:359) Too little data - removing Gaussian (weight 0.010858, occupation count 9.956540, vector size 39)
WARNING (gmm-est[5.5.510~1-68cfb]:MleDiagGmmUpdate():mle-diag-gmm.cc:365) Gaussian has too little data but not removing it because it is the last Gaussian: i = 0, occ = 0, weight = 1
WARNING (gmm-est[5.5.510~1-68cfb]:MleDiagGmmUpdate():mle-diag-gmm.cc:359) Too little data - removing Gaussian (weight 0.007061, occupation count 9.080562, vector size 39)
WARNING (gmm-est[5.5.510~1-68cfb]:MleDiagGmmUpdate():mle-diag-gmm.cc:359) Too little data - removing Gaussian (weight 0.005808, occupation count 9.392022, vector size 39)
WARNING (gmm-est[5.5.510~1-68cfb]:MleDiagGmmUpdate():mle-diag-gmm.cc:359) Too little data - removing Gaussian (weight 0.007723, occupation count 9.491467, vector size 39)
WARNING (gmm-est[5.5.510~1-68cfb]:MleDiagGmmUpdate():mle-diag-gmm.cc:359) Too little data - removing Gaussian (weight 0.009460, occupation count 9.242443, vector size 39)
WARNING (gmm-est[5.5.510~1-68cfb]:MleDiagGmmUpdate():mle-diag-gmm.cc:359) Too little data - removing Gaussian (weight 0.008207, occupation count 9.601726, vector size 39)
WARNING (gmm-est[5.5.510~1-68cfb]:MleDiagGmmUpdate():mle-diag-gmm.cc:359) Too little data - removing Gaussian (weight 0.006782, occupation count 9.806974, vector size 39)
WARNING (gmm-est[5.5.510~1-68cfb]:MleDiagGmmUpdate():mle-diag-gmm.cc:359) Too little data - removing Gaussian (weight 0.005755, occupation count 9.508013, vector size 39)
WARNING (gmm-est[5.5.510~1-68cfb]:MleDiagGmmUpdate():mle-diag-gmm.cc:359) Too little data - removing Gaussian (weight 0.004360, occupation count 7.804061, vector size 39)
WARNING (gmm-est[5.5.510~1-68cfb]:MleDiagGmmUpdate():mle-diag-gmm.cc:359) Too little data - removing Gaussian (weight 0.009656, occupation count 8.004915, vector size 39)
WARNING (gmm-est[5.5.510~1-68cfb]:MleDiagGmmUpdate():mle-diag-gmm.cc:359) Too little data - removing Gaussian (weight 0.004877, occupation count 9.880129, vector size 39)
WARNING (gmm-est[5.5.510~1-68cfb]:MleDiagGmmUpdate():mle-diag-gmm.cc:359) Too little data - removing Gaussian (weight 0.007277, occupation count 9.401598, vector size 39)
WARNING (gmm-est[5.5.510~1-68cfb]:MleDiagGmmUpdate():mle-diag-gmm.cc:359) Too little data - removing Gaussian (weight 0.007305, occupation count 9.437796, vector size 39)
WARNING (gmm-est[5.5.510~1-68cfb]:MleDiagGmmUpdate():mle-diag-gmm.cc:359) Too little data - removing Gaussian (weight 0.015921, occupation count 9.998580, vector size 39)
WARNING (gmm-est[5.5.510~1-68cfb]:MleDiagGmmUpdate():mle-diag-gmm.cc:359) Too little data - removing Gaussian (weight 0.010019, occupation count 9.988691, vector size 39)
WARNING (gmm-est[5.5.510~1-68cfb]:MleDiagGmmUpdate():mle-diag-gmm.cc:359) Too little data - removing Gaussian (weight 0.033982, occupation count 4.077856, vector size 39)
WARNING (gmm-est[5.5.510~1-68cfb]:MleDiagGmmUpdate():mle-diag-gmm.cc:359) Too little data - removing Gaussian (weight 0.012315, occupation count 9.839655, vector size 39)
WARNING (gmm-est[5.5.510~1-68cfb]:MleDiagGmmUpdate():mle-diag-gmm.cc:359) Too little data - removing Gaussian (weight 0.010364, occupation count 8.281085, vector size 39)
WARNING (gmm-est[5.5.510~1-68cfb]:MleDiagGmmUpdate():mle-diag-gmm.cc:359) Too little data - removing Gaussian (weight 0.020925, occupation count 9.918258, vector size 39)
WARNING (gmm-est[5.5.510~1-68cfb]:MleDiagGmmUpdate():mle-diag-gmm.cc:359) Too little data - removing Gaussian (weight 0.019278, occupation count 9.137796, vector size 39)
WARNING (gmm-est[5.5.510~1-68cfb]:MleDiagGmmUpdate():mle-diag-gmm.cc:359) Too little data - removing Gaussian (weight 0.011012, occupation count 9.943904, vector size 39)
WARNING (gmm-est[5.5.510~1-68cfb]:MleDiagGmmUpdate():mle-diag-gmm.cc:359) Too little data - removing Gaussian (weight 0.012147, occupation count 9.875195, vector size 39)
WARNING (gmm-est[5.5.510~1-68cfb]:MleDiagGmmUpdate():mle-diag-gmm.cc:359) Too little data - removing Gaussian (weight 0.011327, occupation count 8.064539, vector size 39)
WARNING (gmm-est[5.5.510~1-68cfb]:MleDiagGmmUpdate():mle-diag-gmm.cc:359) Too little data - removing Gaussian (weight 0.018395, occupation count 8.958515, vector size 39)
LOG (gmm-est[5.5.510~1-68cfb]:MleAmDiagGmmUpdate():mle-am-diag-gmm.cc:225) 0 variance elements floored in 0 Gaussians, out of 3386
LOG (gmm-est[5.5.510~1-68cfb]:MleAmDiagGmmUpdate():mle-am-diag-gmm.cc:229) Removed 24 Gaussians due to counts < --min-gaussian-occupancy=10 and --remove-low-count-gaussians=true
LOG (gmm-est[5.5.510~1-68cfb]:main():gmm-est.cc:113) GMM update: Overall 0.220756 objective function improvement per frame over 69280 frames
LOG (gmm-est[5.5.510~1-68cfb]:main():gmm-est.cc:116) GMM update: Overall avg like per frame = -81.5024 over 69280 frames.
WARNING (gmm-est[5.5.510~1-68cfb]:GetSplitTargets():model-common.cc:134) Could not split up to 5240 due to min-count = 20 (or no counts at all)

LOG (gmm-est[5.5.510~1-68cfb]:SplitByCount():am-diag-gmm.cc:116) Split 112 states with target = 5240, power = 0.25, perturb_factor = 0.01 and min_count = 20, split #Gauss from 3386 to 3421
LOG (gmm-est[5.5.510~1-68cfb]:main():gmm-est.cc:146) Written model to exp/tri1/11.mdl
# Accounting: time=0 threads=1
# Ended (code 0) at Mon Oct 14 16:05:18 DST 2019, elapsed time 0 seconds
