# lattice-best-path --lm-scale=15 --word-symbol-table=exp/tri1/graph/words.txt "ark:gunzip -c exp/tri1/decode/lat.*.gz|" ark,t:exp/tri1/decode/scoring/15.tra 
# Started at Mon Oct 14 16:06:50 DST 2019
#
lattice-best-path --lm-scale=15 --word-symbol-table=exp/tri1/graph/words.txt 'ark:gunzip -c exp/tri1/decode/lat.*.gz|' ark,t:exp/tri1/decode/scoring/15.tra 
LOG (lattice-best-path[5.5.510~1-68cfb]:main():lattice-best-path.cc:99) For utterance jackson-0-0, best cost 181.122 + 5945.47 = 6126.6 over 62 frames.
jackson-0-0 zero one 
LOG (lattice-best-path[5.5.510~1-68cfb]:main():lattice-best-path.cc:99) For utterance jackson-0-1, best cost 112.48 + 4799.06 = 4911.54 over 51 frames.
jackson-0-1 zero 
LOG (lattice-best-path[5.5.510~1-68cfb]:main():lattice-best-path.cc:99) For utterance jackson-0-2, best cost 113.02 + 4627.34 = 4740.36 over 51 frames.
jackson-0-2 zero 
LOG (lattice-best-path[5.5.510~1-68cfb]:main():lattice-best-path.cc:99) For utterance jackson-0-3, best cost 122.59 + 5070.17 = 5192.76 over 58 frames.
jackson-0-3 zero 
LOG (lattice-best-path[5.5.510~1-68cfb]:main():lattice-best-path.cc:99) For utterance jackson-0-4, best cost 113.228 + 4620.84 = 4734.06 over 52 frames.
jackson-0-4 zero 
LOG (lattice-best-path[5.5.510~1-68cfb]:main():lattice-best-path.cc:99) For utterance jackson-1-0, best cost 119.6 + 4926.29 = 5045.89 over 50 frames.
jackson-1-0 one 
LOG (lattice-best-path[5.5.510~1-68cfb]:main():lattice-best-path.cc:99) For utterance jackson-1-1, best cost 123.792 + 4752.06 = 4875.85 over 51 frames.
jackson-1-1 one 
LOG (lattice-best-path[5.5.510~1-68cfb]:main():lattice-best-path.cc:99) For utterance jackson-1-2, best cost 116.965 + 4307.05 = 4424.01 over 46 frames.
jackson-1-2 one 
LOG (lattice-best-path[5.5.510~1-68cfb]:main():lattice-best-path.cc:99) For utterance jackson-1-3, best cost 116.151 + 4499.72 = 4615.87 over 48 frames.
jackson-1-3 one 
LOG (lattice-best-path[5.5.510~1-68cfb]:main():lattice-best-path.cc:99) For utterance jackson-1-4, best cost 118.711 + 5097.29 = 5216 over 51 frames.
jackson-1-4 one 
LOG (lattice-best-path[5.5.510~1-68cfb]:main():lattice-best-path.cc:99) For utterance jackson-2-0, best cost 102.885 + 4271.21 = 4374.09 over 48 frames.
jackson-2-0 two 
LOG (lattice-best-path[5.5.510~1-68cfb]:main():lattice-best-path.cc:99) For utterance jackson-2-1, best cost 103.899 + 4657.99 = 4761.89 over 53 frames.
jackson-2-1 two 
LOG (lattice-best-path[5.5.510~1-68cfb]:main():lattice-best-path.cc:99) For utterance jackson-2-2, best cost 101.707 + 4090.58 = 4192.29 over 42 frames.
jackson-2-2 two 
LOG (lattice-best-path[5.5.510~1-68cfb]:main():lattice-best-path.cc:99) For utterance jackson-2-3, best cost 101.652 + 4812.3 = 4913.95 over 48 frames.
jackson-2-3 two 
LOG (lattice-best-path[5.5.510~1-68cfb]:main():lattice-best-path.cc:99) For utterance jackson-2-4, best cost 102.595 + 4193.62 = 4296.22 over 46 frames.
jackson-2-4 two 
LOG (lattice-best-path[5.5.510~1-68cfb]:main():lattice-best-path.cc:99) For utterance jackson-3-0, best cost 108.818 + 4432.36 = 4541.18 over 47 frames.
jackson-3-0 three 
LOG (lattice-best-path[5.5.510~1-68cfb]:main():lattice-best-path.cc:99) For utterance jackson-3-1, best cost 114.8 + 4232.35 = 4347.15 over 45 frames.
jackson-3-1 three 
LOG (lattice-best-path[5.5.510~1-68cfb]:main():lattice-best-path.cc:99) For utterance jackson-3-2, best cost 110.143 + 4297.28 = 4407.43 over 49 frames.
jackson-3-2 three 
LOG (lattice-best-path[5.5.510~1-68cfb]:main():lattice-best-path.cc:99) For utterance jackson-3-3, best cost 111.044 + 4475.48 = 4586.52 over 49 frames.
jackson-3-3 three 
LOG (lattice-best-path[5.5.510~1-68cfb]:main():lattice-best-path.cc:99) For utterance jackson-3-4, best cost 109.449 + 3870.47 = 3979.92 over 43 frames.
jackson-3-4 three 
LOG (lattice-best-path[5.5.510~1-68cfb]:main():lattice-best-path.cc:99) For utterance jackson-4-0, best cost 114.714 + 4146.82 = 4261.53 over 44 frames.
jackson-4-0 four 
LOG (lattice-best-path[5.5.510~1-68cfb]:main():lattice-best-path.cc:99) For utterance jackson-4-1, best cost 101.829 + 3621.14 = 3722.97 over 40 frames.
jackson-4-1 four 
LOG (lattice-best-path[5.5.510~1-68cfb]:main():lattice-best-path.cc:99) For utterance jackson-4-2, best cost 105.251 + 3666.66 = 3771.91 over 40 frames.
jackson-4-2 four 
LOG (lattice-best-path[5.5.510~1-68cfb]:main():lattice-best-path.cc:99) For utterance jackson-4-3, best cost 102.961 + 3598.76 = 3701.72 over 39 frames.
jackson-4-3 four 
LOG (lattice-best-path[5.5.510~1-68cfb]:main():lattice-best-path.cc:99) For utterance jackson-4-4, best cost 111.154 + 3765.98 = 3877.14 over 41 frames.
jackson-4-4 four 
LOG (lattice-best-path[5.5.510~1-68cfb]:main():lattice-best-path.cc:99) For utterance jackson-5-0, best cost 110.501 + 3521.15 = 3631.65 over 40 frames.
jackson-5-0 five 
LOG (lattice-best-path[5.5.510~1-68cfb]:main():lattice-best-path.cc:99) For utterance jackson-5-1, best cost 108.38 + 3476.9 = 3585.28 over 39 frames.
jackson-5-1 five 
LOG (lattice-best-path[5.5.510~1-68cfb]:main():lattice-best-path.cc:99) For utterance jackson-5-2, best cost 111.568 + 3916.78 = 4028.35 over 43 frames.
jackson-5-2 five 
LOG (lattice-best-path[5.5.510~1-68cfb]:main():lattice-best-path.cc:99) For utterance jackson-5-3, best cost 109.927 + 3359.7 = 3469.63 over 38 frames.
jackson-5-3 five 
LOG (lattice-best-path[5.5.510~1-68cfb]:main():lattice-best-path.cc:99) For utterance jackson-5-4, best cost 121.928 + 4813.7 = 4935.63 over 51 frames.
jackson-5-4 five 
LOG (lattice-best-path[5.5.510~1-68cfb]:main():lattice-best-path.cc:99) For utterance jackson-6-0, best cost 141.292 + 7636.53 = 7777.83 over 81 frames.
jackson-6-0 six 
LOG (lattice-best-path[5.5.510~1-68cfb]:main():lattice-best-path.cc:99) For utterance jackson-6-1, best cost 118.845 + 6407 = 6525.85 over 62 frames.
jackson-6-1 six 
LOG (lattice-best-path[5.5.510~1-68cfb]:main():lattice-best-path.cc:99) For utterance jackson-6-2, best cost 117.436 + 5474.53 = 5591.97 over 61 frames.
jackson-6-2 six 
LOG (lattice-best-path[5.5.510~1-68cfb]:main():lattice-best-path.cc:99) For utterance jackson-6-3, best cost 141.994 + 7987.76 = 8129.76 over 85 frames.
jackson-6-3 six 
LOG (lattice-best-path[5.5.510~1-68cfb]:main():lattice-best-path.cc:99) For utterance jackson-6-4, best cost 119.756 + 5728.93 = 5848.69 over 61 frames.
jackson-6-4 six 
LOG (lattice-best-path[5.5.510~1-68cfb]:main():lattice-best-path.cc:99) For utterance jackson-7-0, best cost 115.784 + 3788.95 = 3904.74 over 41 frames.
jackson-7-0 seven 
LOG (lattice-best-path[5.5.510~1-68cfb]:main():lattice-best-path.cc:99) For utterance jackson-7-1, best cost 119.967 + 3906.36 = 4026.33 over 45 frames.
jackson-7-1 seven 
LOG (lattice-best-path[5.5.510~1-68cfb]:main():lattice-best-path.cc:99) For utterance jackson-7-2, best cost 111.322 + 3319.98 = 3431.3 over 36 frames.
jackson-7-2 seven 
LOG (lattice-best-path[5.5.510~1-68cfb]:main():lattice-best-path.cc:99) For utterance jackson-7-3, best cost 114.169 + 3501.07 = 3615.24 over 41 frames.
jackson-7-3 seven 
LOG (lattice-best-path[5.5.510~1-68cfb]:main():lattice-best-path.cc:99) For utterance jackson-7-4, best cost 114.662 + 3876.71 = 3991.37 over 40 frames.
jackson-7-4 seven 
LOG (lattice-best-path[5.5.510~1-68cfb]:main():lattice-best-path.cc:99) For utterance jackson-8-0, best cost 106.146 + 2962.35 = 3068.5 over 33 frames.
jackson-8-0 eight 
LOG (lattice-best-path[5.5.510~1-68cfb]:main():lattice-best-path.cc:99) For utterance jackson-8-1, best cost 99.9521 + 3497.37 = 3597.32 over 38 frames.
jackson-8-1 eight 
LOG (lattice-best-path[5.5.510~1-68cfb]:main():lattice-best-path.cc:99) For utterance jackson-8-2, best cost 103.875 + 3452.52 = 3556.4 over 36 frames.
jackson-8-2 eight 
LOG (lattice-best-path[5.5.510~1-68cfb]:main():lattice-best-path.cc:99) For utterance jackson-8-3, best cost 101.235 + 3552.11 = 3653.34 over 37 frames.
jackson-8-3 eight 
LOG (lattice-best-path[5.5.510~1-68cfb]:main():lattice-best-path.cc:99) For utterance jackson-8-4, best cost 99.3414 + 3591.14 = 3690.48 over 39 frames.
jackson-8-4 eight 
LOG (lattice-best-path[5.5.510~1-68cfb]:main():lattice-best-path.cc:99) For utterance jackson-9-0, best cost 114.664 + 5197.12 = 5311.79 over 58 frames.
jackson-9-0 nine 
LOG (lattice-best-path[5.5.510~1-68cfb]:main():lattice-best-path.cc:99) For utterance jackson-9-1, best cost 113.865 + 5023.06 = 5136.93 over 55 frames.
jackson-9-1 nine 
LOG (lattice-best-path[5.5.510~1-68cfb]:main():lattice-best-path.cc:99) For utterance jackson-9-2, best cost 153.336 + 5021.09 = 5174.43 over 56 frames.
jackson-9-2 nine 
LOG (lattice-best-path[5.5.510~1-68cfb]:main():lattice-best-path.cc:99) For utterance jackson-9-3, best cost 153.039 + 4685.39 = 4838.43 over 52 frames.
jackson-9-3 nine 
LOG (lattice-best-path[5.5.510~1-68cfb]:main():lattice-best-path.cc:99) For utterance jackson-9-4, best cost 153.363 + 4796.68 = 4950.04 over 56 frames.
jackson-9-4 nine 
LOG (lattice-best-path[5.5.510~1-68cfb]:main():lattice-best-path.cc:99) For utterance nicolas-0-0, best cost 105.835 + 3868.44 = 3974.27 over 42 frames.
nicolas-0-0 zero 
LOG (lattice-best-path[5.5.510~1-68cfb]:main():lattice-best-path.cc:99) For utterance nicolas-0-1, best cost 104.107 + 3910.02 = 4014.13 over 45 frames.
nicolas-0-1 zero 
LOG (lattice-best-path[5.5.510~1-68cfb]:main():lattice-best-path.cc:99) For utterance nicolas-0-2, best cost 105.921 + 2962.1 = 3068.03 over 34 frames.
nicolas-0-2 zero 
LOG (lattice-best-path[5.5.510~1-68cfb]:main():lattice-best-path.cc:99) For utterance nicolas-0-3, best cost 110.726 + 4394.08 = 4504.81 over 53 frames.
nicolas-0-3 zero 
LOG (lattice-best-path[5.5.510~1-68cfb]:main():lattice-best-path.cc:99) For utterance nicolas-0-4, best cost 105.65 + 4147.71 = 4253.36 over 47 frames.
nicolas-0-4 zero 
LOG (lattice-best-path[5.5.510~1-68cfb]:main():lattice-best-path.cc:99) For utterance nicolas-1-0, best cost 113.04 + 2976.08 = 3089.12 over 35 frames.
nicolas-1-0 one 
LOG (lattice-best-path[5.5.510~1-68cfb]:main():lattice-best-path.cc:99) For utterance nicolas-1-1, best cost 106.851 + 1964.31 = 2071.17 over 27 frames.
nicolas-1-1 one 
LOG (lattice-best-path[5.5.510~1-68cfb]:main():lattice-best-path.cc:99) For utterance nicolas-1-2, best cost 104.029 + 1977.79 = 2081.82 over 24 frames.
nicolas-1-2 one 
LOG (lattice-best-path[5.5.510~1-68cfb]:main():lattice-best-path.cc:99) For utterance nicolas-1-3, best cost 106.448 + 2195.07 = 2301.52 over 27 frames.
nicolas-1-3 one 
LOG (lattice-best-path[5.5.510~1-68cfb]:main():lattice-best-path.cc:99) For utterance nicolas-1-4, best cost 105.984 + 2093.19 = 2199.18 over 27 frames.
nicolas-1-4 one 
LOG (lattice-best-path[5.5.510~1-68cfb]:main():lattice-best-path.cc:99) For utterance nicolas-2-0, best cost 105.907 + 2886.23 = 2992.14 over 34 frames.
nicolas-2-0 two 
LOG (lattice-best-path[5.5.510~1-68cfb]:main():lattice-best-path.cc:99) For utterance nicolas-2-1, best cost 110.511 + 2458.71 = 2569.22 over 28 frames.
nicolas-2-1 two 
LOG (lattice-best-path[5.5.510~1-68cfb]:main():lattice-best-path.cc:99) For utterance nicolas-2-2, best cost 106.618 + 2809.1 = 2915.71 over 34 frames.
nicolas-2-2 two 
LOG (lattice-best-path[5.5.510~1-68cfb]:main():lattice-best-path.cc:99) For utterance nicolas-2-3, best cost 96.8702 + 1711.15 = 1808.02 over 22 frames.
nicolas-2-3 two 
LOG (lattice-best-path[5.5.510~1-68cfb]:main():lattice-best-path.cc:99) For utterance nicolas-2-4, best cost 105.693 + 2549.84 = 2655.53 over 31 frames.
nicolas-2-4 two 
LOG (lattice-best-path[5.5.510~1-68cfb]:main():lattice-best-path.cc:99) For utterance nicolas-3-0, best cost 110.856 + 2685.24 = 2796.09 over 31 frames.
nicolas-3-0 three 
LOG (lattice-best-path[5.5.510~1-68cfb]:main():lattice-best-path.cc:99) For utterance nicolas-3-1, best cost 108.302 + 2511.77 = 2620.07 over 31 frames.
nicolas-3-1 three 
LOG (lattice-best-path[5.5.510~1-68cfb]:main():lattice-best-path.cc:99) For utterance nicolas-3-2, best cost 98.672 + 1916.93 = 2015.6 over 24 frames.
nicolas-3-2 three 
LOG (lattice-best-path[5.5.510~1-68cfb]:main():lattice-best-path.cc:99) For utterance nicolas-3-3, best cost 96.6163 + 1632.58 = 1729.19 over 22 frames.
nicolas-3-3 three 
LOG (lattice-best-path[5.5.510~1-68cfb]:main():lattice-best-path.cc:99) For utterance nicolas-3-4, best cost 113.182 + 2819.08 = 2932.26 over 34 frames.
nicolas-3-4 three 
LOG (lattice-best-path[5.5.510~1-68cfb]:main():lattice-best-path.cc:99) For utterance nicolas-4-0, best cost 102.429 + 2364.45 = 2466.88 over 29 frames.
nicolas-4-0 four 
LOG (lattice-best-path[5.5.510~1-68cfb]:main():lattice-best-path.cc:99) For utterance nicolas-4-1, best cost 109.812 + 2967.57 = 3077.39 over 33 frames.
nicolas-4-1 four 
LOG (lattice-best-path[5.5.510~1-68cfb]:main():lattice-best-path.cc:99) For utterance nicolas-4-2, best cost 101.443 + 2562.46 = 2663.91 over 29 frames.
nicolas-4-2 four 
LOG (lattice-best-path[5.5.510~1-68cfb]:main():lattice-best-path.cc:99) For utterance nicolas-4-3, best cost 104.141 + 2535.85 = 2639.99 over 31 frames.
nicolas-4-3 four 
LOG (lattice-best-path[5.5.510~1-68cfb]:main():lattice-best-path.cc:99) For utterance nicolas-4-4, best cost 100.646 + 2551.29 = 2651.94 over 30 frames.
nicolas-4-4 four 
LOG (lattice-best-path[5.5.510~1-68cfb]:main():lattice-best-path.cc:99) For utterance nicolas-5-0, best cost 104.761 + 2431.01 = 2535.77 over 32 frames.
nicolas-5-0 five 
LOG (lattice-best-path[5.5.510~1-68cfb]:main():lattice-best-path.cc:99) For utterance nicolas-5-1, best cost 107.146 + 2931.39 = 3038.53 over 36 frames.
nicolas-5-1 five 
LOG (lattice-best-path[5.5.510~1-68cfb]:main():lattice-best-path.cc:99) For utterance nicolas-5-2, best cost 103.719 + 2325.04 = 2428.76 over 29 frames.
nicolas-5-2 five 
LOG (lattice-best-path[5.5.510~1-68cfb]:main():lattice-best-path.cc:99) For utterance nicolas-5-3, best cost 106.209 + 2689.76 = 2795.96 over 34 frames.
nicolas-5-3 five 
LOG (lattice-best-path[5.5.510~1-68cfb]:main():lattice-best-path.cc:99) For utterance nicolas-5-4, best cost 106.303 + 2407.42 = 2513.72 over 33 frames.
nicolas-5-4 five 
LOG (lattice-best-path[5.5.510~1-68cfb]:main():lattice-best-path.cc:99) For utterance nicolas-6-0, best cost 105.909 + 1970.32 = 2076.23 over 20 frames.
nicolas-6-0 six 
LOG (lattice-best-path[5.5.510~1-68cfb]:main():lattice-best-path.cc:99) For utterance nicolas-6-1, best cost 99.5087 + 1975.04 = 2074.55 over 21 frames.
nicolas-6-1 six 
LOG (lattice-best-path[5.5.510~1-68cfb]:main():lattice-best-path.cc:99) For utterance nicolas-6-2, best cost 109.555 + 2247.37 = 2356.92 over 24 frames.
nicolas-6-2 six 
LOG (lattice-best-path[5.5.510~1-68cfb]:main():lattice-best-path.cc:99) For utterance nicolas-6-3, best cost 123.541 + 3355.86 = 3479.4 over 37 frames.
nicolas-6-3 six 
LOG (lattice-best-path[5.5.510~1-68cfb]:main():lattice-best-path.cc:99) For utterance nicolas-6-4, best cost 133.085 + 3910.2 = 4043.28 over 45 frames.
nicolas-6-4 six 
LOG (lattice-best-path[5.5.510~1-68cfb]:main():lattice-best-path.cc:99) For utterance nicolas-7-0, best cost 117.535 + 2838.6 = 2956.14 over 35 frames.
nicolas-7-0 seven 
LOG (lattice-best-path[5.5.510~1-68cfb]:main():lattice-best-path.cc:99) For utterance nicolas-7-1, best cost 121.87 + 3661.87 = 3783.74 over 44 frames.
nicolas-7-1 seven 
LOG (lattice-best-path[5.5.510~1-68cfb]:main():lattice-best-path.cc:99) For utterance nicolas-7-2, best cost 121.76 + 3617.05 = 3738.81 over 43 frames.
nicolas-7-2 seven 
LOG (lattice-best-path[5.5.510~1-68cfb]:main():lattice-best-path.cc:99) For utterance nicolas-7-3, best cost 109.068 + 2818.67 = 2927.74 over 35 frames.
nicolas-7-3 seven 
LOG (lattice-best-path[5.5.510~1-68cfb]:main():lattice-best-path.cc:99) For utterance nicolas-7-4, best cost 122.727 + 3874.36 = 3997.09 over 43 frames.
nicolas-7-4 seven 
LOG (lattice-best-path[5.5.510~1-68cfb]:main():lattice-best-path.cc:99) For utterance nicolas-8-0, best cost 95.1744 + 1820.42 = 1915.6 over 21 frames.
nicolas-8-0 eight 
LOG (lattice-best-path[5.5.510~1-68cfb]:main():lattice-best-path.cc:99) For utterance nicolas-8-1, best cost 95.3032 + 2049.75 = 2145.05 over 21 frames.
nicolas-8-1 eight 
LOG (lattice-best-path[5.5.510~1-68cfb]:main():lattice-best-path.cc:99) For utterance nicolas-8-2, best cost 95.315 + 1892.26 = 1987.58 over 22 frames.
nicolas-8-2 eight 
LOG (lattice-best-path[5.5.510~1-68cfb]:main():lattice-best-path.cc:99) For utterance nicolas-8-3, best cost 95.5532 + 1958.71 = 2054.26 over 23 frames.
nicolas-8-3 eight 
LOG (lattice-best-path[5.5.510~1-68cfb]:main():lattice-best-path.cc:99) For utterance nicolas-8-4, best cost 95.8163 + 1960.53 = 2056.35 over 24 frames.
nicolas-8-4 eight 
LOG (lattice-best-path[5.5.510~1-68cfb]:main():lattice-best-path.cc:99) For utterance nicolas-9-0, best cost 108.43 + 3549.26 = 3657.69 over 40 frames.
nicolas-9-0 nine 
LOG (lattice-best-path[5.5.510~1-68cfb]:main():lattice-best-path.cc:99) For utterance nicolas-9-1, best cost 111.75 + 3658.49 = 3770.24 over 47 frames.
nicolas-9-1 nine 
LOG (lattice-best-path[5.5.510~1-68cfb]:main():lattice-best-path.cc:99) For utterance nicolas-9-2, best cost 109.589 + 3263.97 = 3373.55 over 42 frames.
nicolas-9-2 nine 
LOG (lattice-best-path[5.5.510~1-68cfb]:main():lattice-best-path.cc:99) For utterance nicolas-9-3, best cost 108.745 + 3363.21 = 3471.96 over 42 frames.
nicolas-9-3 nine 
LOG (lattice-best-path[5.5.510~1-68cfb]:main():lattice-best-path.cc:99) For utterance nicolas-9-4, best cost 106.246 + 3003.01 = 3109.25 over 34 frames.
nicolas-9-4 nine 
LOG (lattice-best-path[5.5.510~1-68cfb]:main():lattice-best-path.cc:99) For utterance theo-0-0, best cost 104.724 + 3569.83 = 3674.55 over 37 frames.
theo-0-0 zero 
LOG (lattice-best-path[5.5.510~1-68cfb]:main():lattice-best-path.cc:99) For utterance theo-0-1, best cost 116.41 + 2956.75 = 3073.16 over 33 frames.
theo-0-1 zero 
LOG (lattice-best-path[5.5.510~1-68cfb]:main():lattice-best-path.cc:99) For utterance theo-0-2, best cost 116.824 + 3061.82 = 3178.64 over 32 frames.
theo-0-2 zero 
LOG (lattice-best-path[5.5.510~1-68cfb]:main():lattice-best-path.cc:99) For utterance theo-0-3, best cost 102.038 + 2962.5 = 3064.54 over 32 frames.
theo-0-3 zero 
LOG (lattice-best-path[5.5.510~1-68cfb]:main():lattice-best-path.cc:99) For utterance theo-0-4, best cost 104.244 + 3239.02 = 3343.27 over 39 frames.
theo-0-4 zero 
LOG (lattice-best-path[5.5.510~1-68cfb]:main():lattice-best-path.cc:99) For utterance theo-1-0, best cost 104.147 + 2015.9 = 2120.05 over 22 frames.
theo-1-0 one 
LOG (lattice-best-path[5.5.510~1-68cfb]:main():lattice-best-path.cc:99) For utterance theo-1-1, best cost 102.646 + 1871.66 = 1974.31 over 21 frames.
theo-1-1 one 
LOG (lattice-best-path[5.5.510~1-68cfb]:main():lattice-best-path.cc:99) For utterance theo-1-2, best cost 100.389 + 1647.19 = 1747.58 over 17 frames.
theo-1-2 one 
LOG (lattice-best-path[5.5.510~1-68cfb]:main():lattice-best-path.cc:99) For utterance theo-1-3, best cost 103.842 + 2072.83 = 2176.67 over 23 frames.
theo-1-3 one 
LOG (lattice-best-path[5.5.510~1-68cfb]:main():lattice-best-path.cc:99) For utterance theo-1-4, best cost 101.202 + 1815.27 = 1916.47 over 20 frames.
theo-1-4 one 
LOG (lattice-best-path[5.5.510~1-68cfb]:main():lattice-best-path.cc:99) For utterance theo-2-0, best cost 95.9211 + 2026.86 = 2122.78 over 22 frames.
theo-2-0 two 
LOG (lattice-best-path[5.5.510~1-68cfb]:main():lattice-best-path.cc:99) For utterance theo-2-1, best cost 95.5228 + 1875.19 = 1970.71 over 21 frames.
theo-2-1 two 
LOG (lattice-best-path[5.5.510~1-68cfb]:main():lattice-best-path.cc:99) For utterance theo-2-2, best cost 112.942 + 4802.31 = 4915.25 over 51 frames.
theo-2-2 two 
LOG (lattice-best-path[5.5.510~1-68cfb]:main():lattice-best-path.cc:99) For utterance theo-2-3, best cost 94.7498 + 1689.06 = 1783.81 over 18 frames.
theo-2-3 two 
LOG (lattice-best-path[5.5.510~1-68cfb]:main():lattice-best-path.cc:99) For utterance theo-2-4, best cost 97.3421 + 2180.61 = 2277.95 over 25 frames.
theo-2-4 two 
LOG (lattice-best-path[5.5.510~1-68cfb]:main():lattice-best-path.cc:99) For utterance theo-3-0, best cost 100.167 + 2140.32 = 2240.49 over 22 frames.
theo-3-0 three 
LOG (lattice-best-path[5.5.510~1-68cfb]:main():lattice-best-path.cc:99) For utterance theo-3-1, best cost 102.802 + 2468.73 = 2571.53 over 26 frames.
theo-3-1 three 
LOG (lattice-best-path[5.5.510~1-68cfb]:main():lattice-best-path.cc:99) For utterance theo-3-2, best cost 103.395 + 2459.44 = 2562.83 over 25 frames.
theo-3-2 three 
LOG (lattice-best-path[5.5.510~1-68cfb]:main():lattice-best-path.cc:99) For utterance theo-3-3, best cost 100.247 + 1958.05 = 2058.3 over 21 frames.
theo-3-3 three 
LOG (lattice-best-path[5.5.510~1-68cfb]:main():lattice-best-path.cc:99) For utterance theo-3-4, best cost 99.9585 + 1769.87 = 1869.83 over 20 frames.
theo-3-4 three 
LOG (lattice-best-path[5.5.510~1-68cfb]:main():lattice-best-path.cc:99) For utterance theo-4-0, best cost 100.516 + 2225.24 = 2325.76 over 25 frames.
theo-4-0 four 
LOG (lattice-best-path[5.5.510~1-68cfb]:main():lattice-best-path.cc:99) For utterance theo-4-1, best cost 98.5632 + 2043.73 = 2142.29 over 23 frames.
theo-4-1 four 
LOG (lattice-best-path[5.5.510~1-68cfb]:main():lattice-best-path.cc:99) For utterance theo-4-2, best cost 97.279 + 1809.73 = 1907.01 over 21 frames.
theo-4-2 four 
LOG (lattice-best-path[5.5.510~1-68cfb]:main():lattice-best-path.cc:99) For utterance theo-4-3, best cost 98.4898 + 2111.21 = 2209.7 over 23 frames.
theo-4-3 four 
LOG (lattice-best-path[5.5.510~1-68cfb]:main():lattice-best-path.cc:99) For utterance theo-4-4, best cost 100.058 + 2383.34 = 2483.4 over 27 frames.
theo-4-4 four 
LOG (lattice-best-path[5.5.510~1-68cfb]:main():lattice-best-path.cc:99) For utterance theo-5-0, best cost 104.644 + 2398.44 = 2503.09 over 28 frames.
theo-5-0 five 
LOG (lattice-best-path[5.5.510~1-68cfb]:main():lattice-best-path.cc:99) For utterance theo-5-1, best cost 104.09 + 2273.45 = 2377.54 over 27 frames.
theo-5-1 five 
LOG (lattice-best-path[5.5.510~1-68cfb]:main():lattice-best-path.cc:99) For utterance theo-5-2, best cost 101.862 + 2069.31 = 2171.17 over 25 frames.
theo-5-2 five 
LOG (lattice-best-path[5.5.510~1-68cfb]:main():lattice-best-path.cc:99) For utterance theo-5-3, best cost 104.479 + 2297.07 = 2401.54 over 26 frames.
theo-5-3 five 
LOG (lattice-best-path[5.5.510~1-68cfb]:main():lattice-best-path.cc:99) For utterance theo-5-4, best cost 102.367 + 2130.53 = 2232.89 over 26 frames.
theo-5-4 five 
LOG (lattice-best-path[5.5.510~1-68cfb]:main():lattice-best-path.cc:99) For utterance theo-6-0, best cost 111.188 + 4276.66 = 4387.85 over 47 frames.
theo-6-0 six 
LOG (lattice-best-path[5.5.510~1-68cfb]:main():lattice-best-path.cc:99) For utterance theo-6-1, best cost 113.639 + 4196.81 = 4310.44 over 46 frames.
theo-6-1 six 
LOG (lattice-best-path[5.5.510~1-68cfb]:main():lattice-best-path.cc:99) For utterance theo-6-2, best cost 110.707 + 4351.15 = 4461.85 over 48 frames.
theo-6-2 six 
LOG (lattice-best-path[5.5.510~1-68cfb]:main():lattice-best-path.cc:99) For utterance theo-6-3, best cost 112.273 + 4277.06 = 4389.33 over 46 frames.
theo-6-3 six 
LOG (lattice-best-path[5.5.510~1-68cfb]:main():lattice-best-path.cc:99) For utterance theo-6-4, best cost 112.751 + 4266.4 = 4379.15 over 46 frames.
theo-6-4 six 
LOG (lattice-best-path[5.5.510~1-68cfb]:main():lattice-best-path.cc:99) For utterance theo-7-0, best cost 114.53 + 3611.25 = 3725.78 over 41 frames.
theo-7-0 seven 
LOG (lattice-best-path[5.5.510~1-68cfb]:main():lattice-best-path.cc:99) For utterance theo-7-1, best cost 112.788 + 2924.85 = 3037.64 over 34 frames.
theo-7-1 seven 
LOG (lattice-best-path[5.5.510~1-68cfb]:main():lattice-best-path.cc:99) For utterance theo-7-2, best cost 103.558 + 2155.34 = 2258.89 over 23 frames.
theo-7-2 seven 
LOG (lattice-best-path[5.5.510~1-68cfb]:main():lattice-best-path.cc:99) For utterance theo-7-3, best cost 104.632 + 2501.8 = 2606.44 over 27 frames.
theo-7-3 seven 
LOG (lattice-best-path[5.5.510~1-68cfb]:main():lattice-best-path.cc:99) For utterance theo-7-4, best cost 116.104 + 3632.56 = 3748.66 over 41 frames.
theo-7-4 seven 
LOG (lattice-best-path[5.5.510~1-68cfb]:main():lattice-best-path.cc:99) For utterance theo-8-0, best cost 99.0614 + 3123.89 = 3222.95 over 34 frames.
theo-8-0 eight 
LOG (lattice-best-path[5.5.510~1-68cfb]:main():lattice-best-path.cc:99) For utterance theo-8-1, best cost 98.1512 + 2805.68 = 2903.83 over 30 frames.
theo-8-1 eight 
LOG (lattice-best-path[5.5.510~1-68cfb]:main():lattice-best-path.cc:99) For utterance theo-8-2, best cost 101.378 + 3195.72 = 3297.1 over 34 frames.
theo-8-2 eight 
LOG (lattice-best-path[5.5.510~1-68cfb]:main():lattice-best-path.cc:99) For utterance theo-8-3, best cost 96.8985 + 2335.93 = 2432.83 over 27 frames.
theo-8-3 eight 
LOG (lattice-best-path[5.5.510~1-68cfb]:main():lattice-best-path.cc:99) For utterance theo-8-4, best cost 101.28 + 2904.7 = 3005.99 over 33 frames.
theo-8-4 eight 
LOG (lattice-best-path[5.5.510~1-68cfb]:main():lattice-best-path.cc:99) For utterance theo-9-0, best cost 107.295 + 3117.03 = 3224.33 over 36 frames.
theo-9-0 nine 
LOG (lattice-best-path[5.5.510~1-68cfb]:main():lattice-best-path.cc:99) For utterance theo-9-1, best cost 103.49 + 2633.26 = 2736.75 over 27 frames.
theo-9-1 nine 
LOG (lattice-best-path[5.5.510~1-68cfb]:main():lattice-best-path.cc:99) For utterance theo-9-2, best cost 102.897 + 2335.73 = 2438.63 over 26 frames.
theo-9-2 nine 
LOG (lattice-best-path[5.5.510~1-68cfb]:main():lattice-best-path.cc:99) For utterance theo-9-3, best cost 110.986 + 3687.48 = 3798.46 over 43 frames.
theo-9-3 nine 
LOG (lattice-best-path[5.5.510~1-68cfb]:main():lattice-best-path.cc:99) For utterance theo-9-4, best cost 106.899 + 3320.99 = 3427.89 over 42 frames.
theo-9-4 nine 
LOG (lattice-best-path[5.5.510~1-68cfb]:main():lattice-best-path.cc:99) For utterance yweweler-0-0, best cost 106.669 + 3354.13 = 3460.8 over 37 frames.
yweweler-0-0 zero 
LOG (lattice-best-path[5.5.510~1-68cfb]:main():lattice-best-path.cc:99) For utterance yweweler-0-1, best cost 107.199 + 2985.54 = 3092.73 over 31 frames.
yweweler-0-1 zero 
LOG (lattice-best-path[5.5.510~1-68cfb]:main():lattice-best-path.cc:99) For utterance yweweler-0-2, best cost 107.465 + 2724.51 = 2831.97 over 33 frames.
yweweler-0-2 zero 
LOG (lattice-best-path[5.5.510~1-68cfb]:main():lattice-best-path.cc:99) For utterance yweweler-0-3, best cost 103.974 + 2929.63 = 3033.6 over 34 frames.
yweweler-0-3 zero 
LOG (lattice-best-path[5.5.510~1-68cfb]:main():lattice-best-path.cc:99) For utterance yweweler-0-4, best cost 103.71 + 2626.41 = 2730.12 over 30 frames.
yweweler-0-4 zero 
LOG (lattice-best-path[5.5.510~1-68cfb]:main():lattice-best-path.cc:99) For utterance yweweler-1-0, best cost 118.866 + 3961.17 = 4080.04 over 40 frames.
yweweler-1-0 one 
LOG (lattice-best-path[5.5.510~1-68cfb]:main():lattice-best-path.cc:99) For utterance yweweler-1-1, best cost 99.101 + 1606.09 = 1705.19 over 20 frames.
yweweler-1-1 one 
LOG (lattice-best-path[5.5.510~1-68cfb]:main():lattice-best-path.cc:99) For utterance yweweler-1-2, best cost 108.026 + 2718.43 = 2826.46 over 32 frames.
yweweler-1-2 one 
LOG (lattice-best-path[5.5.510~1-68cfb]:main():lattice-best-path.cc:99) For utterance yweweler-1-3, best cost 108.272 + 2607.41 = 2715.68 over 29 frames.
yweweler-1-3 one 
LOG (lattice-best-path[5.5.510~1-68cfb]:main():lattice-best-path.cc:99) For utterance yweweler-1-4, best cost 106.106 + 2460.48 = 2566.59 over 28 frames.
yweweler-1-4 one 
LOG (lattice-best-path[5.5.510~1-68cfb]:main():lattice-best-path.cc:99) For utterance yweweler-2-0, best cost 97.2677 + 2377.11 = 2474.38 over 25 frames.
yweweler-2-0 two 
LOG (lattice-best-path[5.5.510~1-68cfb]:main():lattice-best-path.cc:99) For utterance yweweler-2-1, best cost 97.1941 + 2879.94 = 2977.13 over 28 frames.
yweweler-2-1 two 
LOG (lattice-best-path[5.5.510~1-68cfb]:main():lattice-best-path.cc:99) For utterance yweweler-2-2, best cost 98.3018 + 1981.16 = 2079.46 over 22 frames.
yweweler-2-2 two 
LOG (lattice-best-path[5.5.510~1-68cfb]:main():lattice-best-path.cc:99) For utterance yweweler-2-3, best cost 100.075 + 2325.38 = 2425.46 over 26 frames.
yweweler-2-3 two 
LOG (lattice-best-path[5.5.510~1-68cfb]:main():lattice-best-path.cc:99) For utterance yweweler-2-4, best cost 97.5495 + 2299.64 = 2397.19 over 27 frames.
yweweler-2-4 two 
LOG (lattice-best-path[5.5.510~1-68cfb]:main():lattice-best-path.cc:99) For utterance yweweler-3-0, best cost 106.886 + 3506.06 = 3612.94 over 37 frames.
yweweler-3-0 three 
LOG (lattice-best-path[5.5.510~1-68cfb]:main():lattice-best-path.cc:99) For utterance yweweler-3-1, best cost 102.613 + 2692.5 = 2795.11 over 29 frames.
yweweler-3-1 three 
LOG (lattice-best-path[5.5.510~1-68cfb]:main():lattice-best-path.cc:99) For utterance yweweler-3-2, best cost 99.0755 + 1867.49 = 1966.57 over 23 frames.
yweweler-3-2 three 
LOG (lattice-best-path[5.5.510~1-68cfb]:main():lattice-best-path.cc:99) For utterance yweweler-3-3, best cost 106.472 + 3428.62 = 3535.09 over 38 frames.
yweweler-3-3 three 
LOG (lattice-best-path[5.5.510~1-68cfb]:main():lattice-best-path.cc:99) For utterance yweweler-3-4, best cost 107.689 + 3509.03 = 3616.72 over 38 frames.
yweweler-3-4 three 
LOG (lattice-best-path[5.5.510~1-68cfb]:main():lattice-best-path.cc:99) For utterance yweweler-4-0, best cost 112.147 + 3625.23 = 3737.38 over 39 frames.
yweweler-4-0 four 
LOG (lattice-best-path[5.5.510~1-68cfb]:main():lattice-best-path.cc:99) For utterance yweweler-4-1, best cost 112.587 + 3352.98 = 3465.57 over 37 frames.
yweweler-4-1 four 
LOG (lattice-best-path[5.5.510~1-68cfb]:main():lattice-best-path.cc:99) For utterance yweweler-4-2, best cost 102.23 + 2556.91 = 2659.14 over 31 frames.
yweweler-4-2 four 
LOG (lattice-best-path[5.5.510~1-68cfb]:main():lattice-best-path.cc:99) For utterance yweweler-4-3, best cost 97.5303 + 2191.85 = 2289.38 over 25 frames.
yweweler-4-3 four 
LOG (lattice-best-path[5.5.510~1-68cfb]:main():lattice-best-path.cc:99) For utterance yweweler-4-4, best cost 103.067 + 2794.22 = 2897.29 over 33 frames.
yweweler-4-4 four 
LOG (lattice-best-path[5.5.510~1-68cfb]:main():lattice-best-path.cc:99) For utterance yweweler-5-0, best cost 104.907 + 2405.43 = 2510.33 over 28 frames.
yweweler-5-0 five 
LOG (lattice-best-path[5.5.510~1-68cfb]:main():lattice-best-path.cc:99) For utterance yweweler-5-1, best cost 119.028 + 3581.93 = 3700.95 over 40 frames.
yweweler-5-1 five 
LOG (lattice-best-path[5.5.510~1-68cfb]:main():lattice-best-path.cc:99) For utterance yweweler-5-2, best cost 114.478 + 3066.53 = 3181.01 over 37 frames.
yweweler-5-2 five 
LOG (lattice-best-path[5.5.510~1-68cfb]:main():lattice-best-path.cc:99) For utterance yweweler-5-3, best cost 118.007 + 3466.46 = 3584.47 over 40 frames.
yweweler-5-3 five 
LOG (lattice-best-path[5.5.510~1-68cfb]:main():lattice-best-path.cc:99) For utterance yweweler-5-4, best cost 123.406 + 3992.39 = 4115.8 over 48 frames.
yweweler-5-4 five 
LOG (lattice-best-path[5.5.510~1-68cfb]:main():lattice-best-path.cc:99) For utterance yweweler-6-0, best cost 105.715 + 2775.85 = 2881.56 over 31 frames.
yweweler-6-0 six 
LOG (lattice-best-path[5.5.510~1-68cfb]:main():lattice-best-path.cc:99) For utterance yweweler-6-1, best cost 95.7572 + 1368.61 = 1464.37 over 14 frames.
yweweler-6-1 six 
LOG (lattice-best-path[5.5.510~1-68cfb]:main():lattice-best-path.cc:99) For utterance yweweler-6-2, best cost 99.8094 + 1812.98 = 1912.79 over 21 frames.
yweweler-6-2 six 
LOG (lattice-best-path[5.5.510~1-68cfb]:main():lattice-best-path.cc:99) For utterance yweweler-6-3, best cost 94.8019 + 1072.29 = 1167.1 over 12 frames.
yweweler-6-3 six 
LOG (lattice-best-path[5.5.510~1-68cfb]:main():lattice-best-path.cc:99) For utterance yweweler-6-4, best cost 97.0239 + 1283.38 = 1380.4 over 16 frames.
yweweler-6-4 six 
LOG (lattice-best-path[5.5.510~1-68cfb]:main():lattice-best-path.cc:99) For utterance yweweler-7-0, best cost 118.673 + 3627.11 = 3745.78 over 42 frames.
yweweler-7-0 seven 
LOG (lattice-best-path[5.5.510~1-68cfb]:main():lattice-best-path.cc:99) For utterance yweweler-7-1, best cost 113.167 + 3260.68 = 3373.84 over 37 frames.
yweweler-7-1 seven 
LOG (lattice-best-path[5.5.510~1-68cfb]:main():lattice-best-path.cc:99) For utterance yweweler-7-2, best cost 115.387 + 3518 = 3633.39 over 40 frames.
yweweler-7-2 seven 
LOG (lattice-best-path[5.5.510~1-68cfb]:main():lattice-best-path.cc:99) For utterance yweweler-7-3, best cost 118.239 + 3924.18 = 4042.42 over 40 frames.
yweweler-7-3 seven 
LOG (lattice-best-path[5.5.510~1-68cfb]:main():lattice-best-path.cc:99) For utterance yweweler-7-4, best cost 112.768 + 2944.43 = 3057.19 over 34 frames.
yweweler-7-4 seven 
LOG (lattice-best-path[5.5.510~1-68cfb]:main():lattice-best-path.cc:99) For utterance yweweler-8-0, best cost 97.6957 + 2896.52 = 2994.21 over 30 frames.
yweweler-8-0 eight 
LOG (lattice-best-path[5.5.510~1-68cfb]:main():lattice-best-path.cc:99) For utterance yweweler-8-1, best cost 98.2404 + 2941.47 = 3039.71 over 33 frames.
yweweler-8-1 eight 
LOG (lattice-best-path[5.5.510~1-68cfb]:main():lattice-best-path.cc:99) For utterance yweweler-8-2, best cost 98.8497 + 2356.86 = 2455.71 over 25 frames.
yweweler-8-2 eight 
LOG (lattice-best-path[5.5.510~1-68cfb]:main():lattice-best-path.cc:99) For utterance yweweler-8-3, best cost 97.5023 + 2667.4 = 2764.9 over 30 frames.
yweweler-8-3 eight 
LOG (lattice-best-path[5.5.510~1-68cfb]:main():lattice-best-path.cc:99) For utterance yweweler-8-4, best cost 100.145 + 2858.35 = 2958.5 over 31 frames.
yweweler-8-4 eight 
LOG (lattice-best-path[5.5.510~1-68cfb]:main():lattice-best-path.cc:99) For utterance yweweler-9-0, best cost 107.459 + 2996.78 = 3104.24 over 34 frames.
yweweler-9-0 nine 
LOG (lattice-best-path[5.5.510~1-68cfb]:main():lattice-best-path.cc:99) For utterance yweweler-9-1, best cost 106.89 + 2948.59 = 3055.48 over 37 frames.
yweweler-9-1 nine 
LOG (lattice-best-path[5.5.510~1-68cfb]:main():lattice-best-path.cc:99) For utterance yweweler-9-2, best cost 106.425 + 3012.66 = 3119.09 over 38 frames.
yweweler-9-2 nine 
LOG (lattice-best-path[5.5.510~1-68cfb]:main():lattice-best-path.cc:99) For utterance yweweler-9-3, best cost 127.123 + 5200.14 = 5327.27 over 53 frames.
yweweler-9-3 nine 
LOG (lattice-best-path[5.5.510~1-68cfb]:main():lattice-best-path.cc:99) For utterance yweweler-9-4, best cost 109.258 + 3185.94 = 3295.2 over 40 frames.
yweweler-9-4 nine 
LOG (lattice-best-path[5.5.510~1-68cfb]:main():lattice-best-path.cc:124) Overall cost per frame is 92.2356 = 3.02961 [graph] + 89.206 [acoustic] over 7161 frames.
LOG (lattice-best-path[5.5.510~1-68cfb]:main():lattice-best-path.cc:128) Done 200 lattices, failed for 0
# Accounting: time=1 threads=1
# Ended (code 0) at Mon Oct 14 16:06:51 DST 2019, elapsed time 1 seconds
