# lattice-best-path --lm-scale=12 --word-symbol-table=exp/tri1/graph/words.txt "ark:gunzip -c exp/tri1/decode/lat.*.gz|" ark,t:exp/tri1/decode/scoring/12.tra 
# Started at Mon Oct 14 16:06:50 DST 2019
#
lattice-best-path --lm-scale=12 --word-symbol-table=exp/tri1/graph/words.txt 'ark:gunzip -c exp/tri1/decode/lat.*.gz|' ark,t:exp/tri1/decode/scoring/12.tra 
LOG (lattice-best-path[5.5.510~1-68cfb]:main():lattice-best-path.cc:99) For utterance jackson-0-0, best cost 144.898 + 5945.47 = 6090.37 over 62 frames.
jackson-0-0 zero one 
LOG (lattice-best-path[5.5.510~1-68cfb]:main():lattice-best-path.cc:99) For utterance jackson-0-1, best cost 89.9844 + 4799.06 = 4889.04 over 51 frames.
jackson-0-1 zero 
LOG (lattice-best-path[5.5.510~1-68cfb]:main():lattice-best-path.cc:99) For utterance jackson-0-2, best cost 90.4156 + 4627.34 = 4717.75 over 51 frames.
jackson-0-2 zero 
LOG (lattice-best-path[5.5.510~1-68cfb]:main():lattice-best-path.cc:99) For utterance jackson-0-3, best cost 98.0723 + 5070.17 = 5168.24 over 58 frames.
jackson-0-3 zero 
LOG (lattice-best-path[5.5.510~1-68cfb]:main():lattice-best-path.cc:99) For utterance jackson-0-4, best cost 90.5825 + 4620.84 = 4711.42 over 52 frames.
jackson-0-4 zero 
LOG (lattice-best-path[5.5.510~1-68cfb]:main():lattice-best-path.cc:99) For utterance jackson-1-0, best cost 95.68 + 4926.29 = 5021.97 over 50 frames.
jackson-1-0 one 
LOG (lattice-best-path[5.5.510~1-68cfb]:main():lattice-best-path.cc:99) For utterance jackson-1-1, best cost 99.0337 + 4752.06 = 4851.09 over 51 frames.
jackson-1-1 one 
LOG (lattice-best-path[5.5.510~1-68cfb]:main():lattice-best-path.cc:99) For utterance jackson-1-2, best cost 93.5719 + 4307.05 = 4400.62 over 46 frames.
jackson-1-2 one 
LOG (lattice-best-path[5.5.510~1-68cfb]:main():lattice-best-path.cc:99) For utterance jackson-1-3, best cost 92.921 + 4499.72 = 4592.64 over 48 frames.
jackson-1-3 one 
LOG (lattice-best-path[5.5.510~1-68cfb]:main():lattice-best-path.cc:99) For utterance jackson-1-4, best cost 94.9687 + 5097.29 = 5192.25 over 51 frames.
jackson-1-4 one 
LOG (lattice-best-path[5.5.510~1-68cfb]:main():lattice-best-path.cc:99) For utterance jackson-2-0, best cost 82.3077 + 4271.21 = 4353.51 over 48 frames.
jackson-2-0 two 
LOG (lattice-best-path[5.5.510~1-68cfb]:main():lattice-best-path.cc:99) For utterance jackson-2-1, best cost 83.1194 + 4657.99 = 4741.11 over 53 frames.
jackson-2-1 two 
LOG (lattice-best-path[5.5.510~1-68cfb]:main():lattice-best-path.cc:99) For utterance jackson-2-2, best cost 81.3659 + 4090.58 = 4171.94 over 42 frames.
jackson-2-2 two 
LOG (lattice-best-path[5.5.510~1-68cfb]:main():lattice-best-path.cc:99) For utterance jackson-2-3, best cost 81.3217 + 4812.3 = 4893.62 over 48 frames.
jackson-2-3 two 
LOG (lattice-best-path[5.5.510~1-68cfb]:main():lattice-best-path.cc:99) For utterance jackson-2-4, best cost 82.0756 + 4193.62 = 4275.7 over 46 frames.
jackson-2-4 two 
LOG (lattice-best-path[5.5.510~1-68cfb]:main():lattice-best-path.cc:99) For utterance jackson-3-0, best cost 87.0543 + 4432.36 = 4519.42 over 47 frames.
jackson-3-0 three 
LOG (lattice-best-path[5.5.510~1-68cfb]:main():lattice-best-path.cc:99) For utterance jackson-3-1, best cost 91.8403 + 4232.35 = 4324.19 over 45 frames.
jackson-3-1 three 
LOG (lattice-best-path[5.5.510~1-68cfb]:main():lattice-best-path.cc:99) For utterance jackson-3-2, best cost 88.1143 + 4297.28 = 4385.4 over 49 frames.
jackson-3-2 three 
LOG (lattice-best-path[5.5.510~1-68cfb]:main():lattice-best-path.cc:99) For utterance jackson-3-3, best cost 88.8356 + 4475.48 = 4564.31 over 49 frames.
jackson-3-3 three 
LOG (lattice-best-path[5.5.510~1-68cfb]:main():lattice-best-path.cc:99) For utterance jackson-3-4, best cost 87.5588 + 3870.47 = 3958.03 over 43 frames.
jackson-3-4 three 
LOG (lattice-best-path[5.5.510~1-68cfb]:main():lattice-best-path.cc:99) For utterance jackson-4-0, best cost 91.7714 + 4146.82 = 4238.59 over 44 frames.
jackson-4-0 four 
LOG (lattice-best-path[5.5.510~1-68cfb]:main():lattice-best-path.cc:99) For utterance jackson-4-1, best cost 81.4629 + 3621.14 = 3702.61 over 40 frames.
jackson-4-1 four 
LOG (lattice-best-path[5.5.510~1-68cfb]:main():lattice-best-path.cc:99) For utterance jackson-4-2, best cost 84.2007 + 3666.66 = 3750.86 over 40 frames.
jackson-4-2 four 
LOG (lattice-best-path[5.5.510~1-68cfb]:main():lattice-best-path.cc:99) For utterance jackson-4-3, best cost 82.3686 + 3598.76 = 3681.13 over 39 frames.
jackson-4-3 four 
LOG (lattice-best-path[5.5.510~1-68cfb]:main():lattice-best-path.cc:99) For utterance jackson-4-4, best cost 88.9229 + 3765.98 = 3854.91 over 41 frames.
jackson-4-4 four 
LOG (lattice-best-path[5.5.510~1-68cfb]:main():lattice-best-path.cc:99) For utterance jackson-5-0, best cost 88.401 + 3521.15 = 3609.55 over 40 frames.
jackson-5-0 five 
LOG (lattice-best-path[5.5.510~1-68cfb]:main():lattice-best-path.cc:99) For utterance jackson-5-1, best cost 86.7037 + 3476.9 = 3563.6 over 39 frames.
jackson-5-1 five 
LOG (lattice-best-path[5.5.510~1-68cfb]:main():lattice-best-path.cc:99) For utterance jackson-5-2, best cost 89.2545 + 3916.78 = 4006.03 over 43 frames.
jackson-5-2 five 
LOG (lattice-best-path[5.5.510~1-68cfb]:main():lattice-best-path.cc:99) For utterance jackson-5-3, best cost 87.942 + 3359.7 = 3447.64 over 38 frames.
jackson-5-3 five 
LOG (lattice-best-path[5.5.510~1-68cfb]:main():lattice-best-path.cc:99) For utterance jackson-5-4, best cost 97.5426 + 4813.7 = 4911.25 over 51 frames.
jackson-5-4 five 
LOG (lattice-best-path[5.5.510~1-68cfb]:main():lattice-best-path.cc:99) For utterance jackson-6-0, best cost 113.034 + 7636.53 = 7749.57 over 81 frames.
jackson-6-0 six 
LOG (lattice-best-path[5.5.510~1-68cfb]:main():lattice-best-path.cc:99) For utterance jackson-6-1, best cost 95.0759 + 6407 = 6502.08 over 62 frames.
jackson-6-1 six 
LOG (lattice-best-path[5.5.510~1-68cfb]:main():lattice-best-path.cc:99) For utterance jackson-6-2, best cost 93.9487 + 5474.53 = 5568.48 over 61 frames.
jackson-6-2 six 
LOG (lattice-best-path[5.5.510~1-68cfb]:main():lattice-best-path.cc:99) For utterance jackson-6-3, best cost 113.595 + 7987.76 = 8101.36 over 85 frames.
jackson-6-3 six 
LOG (lattice-best-path[5.5.510~1-68cfb]:main():lattice-best-path.cc:99) For utterance jackson-6-4, best cost 95.8044 + 5728.93 = 5824.74 over 61 frames.
jackson-6-4 six 
LOG (lattice-best-path[5.5.510~1-68cfb]:main():lattice-best-path.cc:99) For utterance jackson-7-0, best cost 92.6275 + 3788.95 = 3881.58 over 41 frames.
jackson-7-0 seven 
LOG (lattice-best-path[5.5.510~1-68cfb]:main():lattice-best-path.cc:99) For utterance jackson-7-1, best cost 95.9732 + 3906.36 = 4002.34 over 45 frames.
jackson-7-1 seven 
LOG (lattice-best-path[5.5.510~1-68cfb]:main():lattice-best-path.cc:99) For utterance jackson-7-2, best cost 89.0576 + 3319.98 = 3409.04 over 36 frames.
jackson-7-2 seven 
LOG (lattice-best-path[5.5.510~1-68cfb]:main():lattice-best-path.cc:99) For utterance jackson-7-3, best cost 91.3353 + 3501.07 = 3592.41 over 41 frames.
jackson-7-3 seven 
LOG (lattice-best-path[5.5.510~1-68cfb]:main():lattice-best-path.cc:99) For utterance jackson-7-4, best cost 91.7296 + 3876.71 = 3968.44 over 40 frames.
jackson-7-4 seven 
LOG (lattice-best-path[5.5.510~1-68cfb]:main():lattice-best-path.cc:99) For utterance jackson-8-0, best cost 84.9168 + 2962.35 = 3047.27 over 33 frames.
jackson-8-0 eight 
LOG (lattice-best-path[5.5.510~1-68cfb]:main():lattice-best-path.cc:99) For utterance jackson-8-1, best cost 79.9617 + 3497.37 = 3577.33 over 38 frames.
jackson-8-1 eight 
LOG (lattice-best-path[5.5.510~1-68cfb]:main():lattice-best-path.cc:99) For utterance jackson-8-2, best cost 83.0997 + 3452.52 = 3535.62 over 36 frames.
jackson-8-2 eight 
LOG (lattice-best-path[5.5.510~1-68cfb]:main():lattice-best-path.cc:99) For utterance jackson-8-3, best cost 80.9879 + 3552.11 = 3633.1 over 37 frames.
jackson-8-3 eight 
LOG (lattice-best-path[5.5.510~1-68cfb]:main():lattice-best-path.cc:99) For utterance jackson-8-4, best cost 79.4731 + 3591.14 = 3670.61 over 39 frames.
jackson-8-4 eight 
LOG (lattice-best-path[5.5.510~1-68cfb]:main():lattice-best-path.cc:99) For utterance jackson-9-0, best cost 91.7311 + 5197.12 = 5288.85 over 58 frames.
jackson-9-0 nine 
LOG (lattice-best-path[5.5.510~1-68cfb]:main():lattice-best-path.cc:99) For utterance jackson-9-1, best cost 91.0921 + 5023.06 = 5114.16 over 55 frames.
jackson-9-1 nine 
LOG (lattice-best-path[5.5.510~1-68cfb]:main():lattice-best-path.cc:99) For utterance jackson-9-2, best cost 122.669 + 5021.09 = 5143.76 over 56 frames.
jackson-9-2 nine 
LOG (lattice-best-path[5.5.510~1-68cfb]:main():lattice-best-path.cc:99) For utterance jackson-9-3, best cost 122.431 + 4685.39 = 4807.82 over 52 frames.
jackson-9-3 nine 
LOG (lattice-best-path[5.5.510~1-68cfb]:main():lattice-best-path.cc:99) For utterance jackson-9-4, best cost 122.69 + 4796.68 = 4919.37 over 56 frames.
jackson-9-4 nine 
LOG (lattice-best-path[5.5.510~1-68cfb]:main():lattice-best-path.cc:99) For utterance nicolas-0-0, best cost 84.668 + 3868.44 = 3953.11 over 42 frames.
nicolas-0-0 zero 
LOG (lattice-best-path[5.5.510~1-68cfb]:main():lattice-best-path.cc:99) For utterance nicolas-0-1, best cost 83.286 + 3910.02 = 3993.31 over 45 frames.
nicolas-0-1 zero 
LOG (lattice-best-path[5.5.510~1-68cfb]:main():lattice-best-path.cc:99) For utterance nicolas-0-2, best cost 84.7368 + 2962.1 = 3046.84 over 34 frames.
nicolas-0-2 zero 
LOG (lattice-best-path[5.5.510~1-68cfb]:main():lattice-best-path.cc:99) For utterance nicolas-0-3, best cost 88.5812 + 4394.08 = 4482.66 over 53 frames.
nicolas-0-3 zero 
LOG (lattice-best-path[5.5.510~1-68cfb]:main():lattice-best-path.cc:99) For utterance nicolas-0-4, best cost 84.5197 + 4147.71 = 4232.23 over 47 frames.
nicolas-0-4 zero 
LOG (lattice-best-path[5.5.510~1-68cfb]:main():lattice-best-path.cc:99) For utterance nicolas-1-0, best cost 90.4316 + 2976.08 = 3066.51 over 35 frames.
nicolas-1-0 one 
LOG (lattice-best-path[5.5.510~1-68cfb]:main():lattice-best-path.cc:99) For utterance nicolas-1-1, best cost 85.481 + 1964.31 = 2049.8 over 27 frames.
nicolas-1-1 one 
LOG (lattice-best-path[5.5.510~1-68cfb]:main():lattice-best-path.cc:99) For utterance nicolas-1-2, best cost 83.2235 + 1977.79 = 2061.02 over 24 frames.
nicolas-1-2 one 
LOG (lattice-best-path[5.5.510~1-68cfb]:main():lattice-best-path.cc:99) For utterance nicolas-1-3, best cost 85.158 + 2195.07 = 2280.23 over 27 frames.
nicolas-1-3 one 
LOG (lattice-best-path[5.5.510~1-68cfb]:main():lattice-best-path.cc:99) For utterance nicolas-1-4, best cost 84.7876 + 2093.19 = 2177.98 over 27 frames.
nicolas-1-4 one 
LOG (lattice-best-path[5.5.510~1-68cfb]:main():lattice-best-path.cc:99) For utterance nicolas-2-0, best cost 84.7258 + 2886.23 = 2970.96 over 34 frames.
nicolas-2-0 two 
LOG (lattice-best-path[5.5.510~1-68cfb]:main():lattice-best-path.cc:99) For utterance nicolas-2-1, best cost 88.4084 + 2458.71 = 2547.11 over 28 frames.
nicolas-2-1 two 
LOG (lattice-best-path[5.5.510~1-68cfb]:main():lattice-best-path.cc:99) For utterance nicolas-2-2, best cost 85.2941 + 2809.1 = 2894.39 over 34 frames.
nicolas-2-2 two 
LOG (lattice-best-path[5.5.510~1-68cfb]:main():lattice-best-path.cc:99) For utterance nicolas-2-3, best cost 77.4962 + 1711.15 = 1788.65 over 22 frames.
nicolas-2-3 two 
LOG (lattice-best-path[5.5.510~1-68cfb]:main():lattice-best-path.cc:99) For utterance nicolas-2-4, best cost 84.5544 + 2549.84 = 2634.39 over 31 frames.
nicolas-2-4 two 
LOG (lattice-best-path[5.5.510~1-68cfb]:main():lattice-best-path.cc:99) For utterance nicolas-3-0, best cost 88.6844 + 2685.24 = 2773.92 over 31 frames.
nicolas-3-0 three 
LOG (lattice-best-path[5.5.510~1-68cfb]:main():lattice-best-path.cc:99) For utterance nicolas-3-1, best cost 86.6418 + 2511.77 = 2598.41 over 31 frames.
nicolas-3-1 three 
LOG (lattice-best-path[5.5.510~1-68cfb]:main():lattice-best-path.cc:99) For utterance nicolas-3-2, best cost 78.9376 + 1916.93 = 1995.87 over 24 frames.
nicolas-3-2 three 
LOG (lattice-best-path[5.5.510~1-68cfb]:main():lattice-best-path.cc:99) For utterance nicolas-3-3, best cost 77.2931 + 1632.58 = 1709.87 over 22 frames.
nicolas-3-3 three 
LOG (lattice-best-path[5.5.510~1-68cfb]:main():lattice-best-path.cc:99) For utterance nicolas-3-4, best cost 90.5455 + 2819.08 = 2909.62 over 34 frames.
nicolas-3-4 three 
LOG (lattice-best-path[5.5.510~1-68cfb]:main():lattice-best-path.cc:99) For utterance nicolas-4-0, best cost 81.9428 + 2364.45 = 2446.4 over 29 frames.
nicolas-4-0 four 
LOG (lattice-best-path[5.5.510~1-68cfb]:main():lattice-best-path.cc:99) For utterance nicolas-4-1, best cost 87.8497 + 2967.57 = 3055.42 over 33 frames.
nicolas-4-1 four 
LOG (lattice-best-path[5.5.510~1-68cfb]:main():lattice-best-path.cc:99) For utterance nicolas-4-2, best cost 81.154 + 2562.46 = 2643.62 over 29 frames.
nicolas-4-2 four 
LOG (lattice-best-path[5.5.510~1-68cfb]:main():lattice-best-path.cc:99) For utterance nicolas-4-3, best cost 83.3128 + 2535.85 = 2619.17 over 31 frames.
nicolas-4-3 four 
LOG (lattice-best-path[5.5.510~1-68cfb]:main():lattice-best-path.cc:99) For utterance nicolas-4-4, best cost 80.5172 + 2551.29 = 2631.81 over 30 frames.
nicolas-4-4 four 
LOG (lattice-best-path[5.5.510~1-68cfb]:main():lattice-best-path.cc:99) For utterance nicolas-5-0, best cost 83.809 + 2431.01 = 2514.82 over 32 frames.
nicolas-5-0 five 
LOG (lattice-best-path[5.5.510~1-68cfb]:main():lattice-best-path.cc:99) For utterance nicolas-5-1, best cost 85.7164 + 2931.39 = 3017.1 over 36 frames.
nicolas-5-1 five 
LOG (lattice-best-path[5.5.510~1-68cfb]:main():lattice-best-path.cc:99) For utterance nicolas-5-2, best cost 82.9754 + 2325.04 = 2408.02 over 29 frames.
nicolas-5-2 five 
LOG (lattice-best-path[5.5.510~1-68cfb]:main():lattice-best-path.cc:99) For utterance nicolas-5-3, best cost 84.967 + 2689.76 = 2774.72 over 34 frames.
nicolas-5-3 five 
LOG (lattice-best-path[5.5.510~1-68cfb]:main():lattice-best-path.cc:99) For utterance nicolas-5-4, best cost 85.0423 + 2407.42 = 2492.46 over 33 frames.
nicolas-5-4 five 
LOG (lattice-best-path[5.5.510~1-68cfb]:main():lattice-best-path.cc:99) For utterance nicolas-6-0, best cost 84.7273 + 1970.32 = 2055.05 over 20 frames.
nicolas-6-0 six 
LOG (lattice-best-path[5.5.510~1-68cfb]:main():lattice-best-path.cc:99) For utterance nicolas-6-1, best cost 79.6069 + 1975.04 = 2054.65 over 21 frames.
nicolas-6-1 six 
LOG (lattice-best-path[5.5.510~1-68cfb]:main():lattice-best-path.cc:99) For utterance nicolas-6-2, best cost 87.6443 + 2247.37 = 2335.01 over 24 frames.
nicolas-6-2 six 
LOG (lattice-best-path[5.5.510~1-68cfb]:main():lattice-best-path.cc:99) For utterance nicolas-6-3, best cost 98.8328 + 3355.86 = 3454.69 over 37 frames.
nicolas-6-3 six 
LOG (lattice-best-path[5.5.510~1-68cfb]:main():lattice-best-path.cc:99) For utterance nicolas-6-4, best cost 106.468 + 3910.2 = 4016.67 over 45 frames.
nicolas-6-4 six 
LOG (lattice-best-path[5.5.510~1-68cfb]:main():lattice-best-path.cc:99) For utterance nicolas-7-0, best cost 94.0277 + 2838.6 = 2932.63 over 35 frames.
nicolas-7-0 seven 
LOG (lattice-best-path[5.5.510~1-68cfb]:main():lattice-best-path.cc:99) For utterance nicolas-7-1, best cost 97.496 + 3661.87 = 3759.36 over 44 frames.
nicolas-7-1 seven 
LOG (lattice-best-path[5.5.510~1-68cfb]:main():lattice-best-path.cc:99) For utterance nicolas-7-2, best cost 97.4076 + 3617.05 = 3714.46 over 43 frames.
nicolas-7-2 seven 
LOG (lattice-best-path[5.5.510~1-68cfb]:main():lattice-best-path.cc:99) For utterance nicolas-7-3, best cost 87.2545 + 2818.67 = 2905.93 over 35 frames.
nicolas-7-3 seven 
LOG (lattice-best-path[5.5.510~1-68cfb]:main():lattice-best-path.cc:99) For utterance nicolas-7-4, best cost 98.1813 + 3874.36 = 3972.55 over 43 frames.
nicolas-7-4 seven 
LOG (lattice-best-path[5.5.510~1-68cfb]:main():lattice-best-path.cc:99) For utterance nicolas-8-0, best cost 76.1395 + 1820.42 = 1896.56 over 21 frames.
nicolas-8-0 eight 
LOG (lattice-best-path[5.5.510~1-68cfb]:main():lattice-best-path.cc:99) For utterance nicolas-8-1, best cost 76.2426 + 2049.75 = 2125.99 over 21 frames.
nicolas-8-1 eight 
LOG (lattice-best-path[5.5.510~1-68cfb]:main():lattice-best-path.cc:99) For utterance nicolas-8-2, best cost 76.252 + 1892.26 = 1968.52 over 22 frames.
nicolas-8-2 eight 
LOG (lattice-best-path[5.5.510~1-68cfb]:main():lattice-best-path.cc:99) For utterance nicolas-8-3, best cost 76.4426 + 1958.71 = 2035.15 over 23 frames.
nicolas-8-3 eight 
LOG (lattice-best-path[5.5.510~1-68cfb]:main():lattice-best-path.cc:99) For utterance nicolas-8-4, best cost 76.653 + 1960.53 = 2037.19 over 24 frames.
nicolas-8-4 eight 
LOG (lattice-best-path[5.5.510~1-68cfb]:main():lattice-best-path.cc:99) For utterance nicolas-9-0, best cost 86.7437 + 3549.26 = 3636 over 40 frames.
nicolas-9-0 nine 
LOG (lattice-best-path[5.5.510~1-68cfb]:main():lattice-best-path.cc:99) For utterance nicolas-9-1, best cost 89.4002 + 3658.49 = 3747.89 over 47 frames.
nicolas-9-1 nine 
LOG (lattice-best-path[5.5.510~1-68cfb]:main():lattice-best-path.cc:99) For utterance nicolas-9-2, best cost 87.6714 + 3263.97 = 3351.64 over 42 frames.
nicolas-9-2 nine 
LOG (lattice-best-path[5.5.510~1-68cfb]:main():lattice-best-path.cc:99) For utterance nicolas-9-3, best cost 86.9961 + 3363.21 = 3450.21 over 42 frames.
nicolas-9-3 nine 
LOG (lattice-best-path[5.5.510~1-68cfb]:main():lattice-best-path.cc:99) For utterance nicolas-9-4, best cost 84.9966 + 3003.01 = 3088 over 34 frames.
nicolas-9-4 nine 
LOG (lattice-best-path[5.5.510~1-68cfb]:main():lattice-best-path.cc:99) For utterance theo-0-0, best cost 83.7794 + 3569.83 = 3653.61 over 37 frames.
theo-0-0 zero 
LOG (lattice-best-path[5.5.510~1-68cfb]:main():lattice-best-path.cc:99) For utterance theo-0-1, best cost 93.1279 + 2956.75 = 3049.87 over 33 frames.
theo-0-1 zero 
LOG (lattice-best-path[5.5.510~1-68cfb]:main():lattice-best-path.cc:99) For utterance theo-0-2, best cost 93.4588 + 3061.82 = 3155.28 over 32 frames.
theo-0-2 zero 
LOG (lattice-best-path[5.5.510~1-68cfb]:main():lattice-best-path.cc:99) For utterance theo-0-3, best cost 81.6305 + 2962.5 = 3044.13 over 32 frames.
theo-0-3 zero 
LOG (lattice-best-path[5.5.510~1-68cfb]:main():lattice-best-path.cc:99) For utterance theo-0-4, best cost 83.3954 + 3239.02 = 3322.42 over 39 frames.
theo-0-4 zero 
LOG (lattice-best-path[5.5.510~1-68cfb]:main():lattice-best-path.cc:99) For utterance theo-1-0, best cost 83.3179 + 2015.9 = 2099.22 over 22 frames.
theo-1-0 one 
LOG (lattice-best-path[5.5.510~1-68cfb]:main():lattice-best-path.cc:99) For utterance theo-1-1, best cost 82.1167 + 1871.66 = 1953.78 over 21 frames.
theo-1-1 one 
LOG (lattice-best-path[5.5.510~1-68cfb]:main():lattice-best-path.cc:99) For utterance theo-1-2, best cost 80.3114 + 1647.19 = 1727.5 over 17 frames.
theo-1-2 one 
LOG (lattice-best-path[5.5.510~1-68cfb]:main():lattice-best-path.cc:99) For utterance theo-1-3, best cost 83.0738 + 2072.83 = 2155.9 over 23 frames.
theo-1-3 one 
LOG (lattice-best-path[5.5.510~1-68cfb]:main():lattice-best-path.cc:99) For utterance theo-1-4, best cost 80.9617 + 1815.27 = 1896.23 over 20 frames.
theo-1-4 one 
LOG (lattice-best-path[5.5.510~1-68cfb]:main():lattice-best-path.cc:99) For utterance theo-2-0, best cost 76.7369 + 2026.86 = 2103.59 over 22 frames.
theo-2-0 two 
LOG (lattice-best-path[5.5.510~1-68cfb]:main():lattice-best-path.cc:99) For utterance theo-2-1, best cost 76.4182 + 1875.19 = 1951.61 over 21 frames.
theo-2-1 two 
LOG (lattice-best-path[5.5.510~1-68cfb]:main():lattice-best-path.cc:99) For utterance theo-2-2, best cost 90.3536 + 4802.31 = 4892.66 over 51 frames.
theo-2-2 two 
LOG (lattice-best-path[5.5.510~1-68cfb]:main():lattice-best-path.cc:99) For utterance theo-2-3, best cost 75.7998 + 1689.06 = 1764.86 over 18 frames.
theo-2-3 two 
LOG (lattice-best-path[5.5.510~1-68cfb]:main():lattice-best-path.cc:99) For utterance theo-2-4, best cost 77.8737 + 2180.61 = 2258.48 over 25 frames.
theo-2-4 two 
LOG (lattice-best-path[5.5.510~1-68cfb]:main():lattice-best-path.cc:99) For utterance theo-3-0, best cost 80.1333 + 2140.32 = 2220.45 over 22 frames.
theo-3-0 three 
LOG (lattice-best-path[5.5.510~1-68cfb]:main():lattice-best-path.cc:99) For utterance theo-3-1, best cost 82.2414 + 2468.73 = 2550.97 over 26 frames.
theo-3-1 three 
LOG (lattice-best-path[5.5.510~1-68cfb]:main():lattice-best-path.cc:99) For utterance theo-3-2, best cost 82.7159 + 2459.44 = 2542.15 over 25 frames.
theo-3-2 three 
LOG (lattice-best-path[5.5.510~1-68cfb]:main():lattice-best-path.cc:99) For utterance theo-3-3, best cost 80.1976 + 1958.05 = 2038.25 over 21 frames.
theo-3-3 three 
LOG (lattice-best-path[5.5.510~1-68cfb]:main():lattice-best-path.cc:99) For utterance theo-3-4, best cost 79.9668 + 1769.87 = 1849.83 over 20 frames.
theo-3-4 three 
LOG (lattice-best-path[5.5.510~1-68cfb]:main():lattice-best-path.cc:99) For utterance theo-4-0, best cost 80.4131 + 2225.24 = 2305.66 over 25 frames.
theo-4-0 four 
LOG (lattice-best-path[5.5.510~1-68cfb]:main():lattice-best-path.cc:99) For utterance theo-4-1, best cost 78.8505 + 2043.73 = 2122.58 over 23 frames.
theo-4-1 four 
LOG (lattice-best-path[5.5.510~1-68cfb]:main():lattice-best-path.cc:99) For utterance theo-4-2, best cost 77.8232 + 1809.73 = 1887.55 over 21 frames.
theo-4-2 four 
LOG (lattice-best-path[5.5.510~1-68cfb]:main():lattice-best-path.cc:99) For utterance theo-4-3, best cost 78.7918 + 2111.21 = 2190 over 23 frames.
theo-4-3 four 
LOG (lattice-best-path[5.5.510~1-68cfb]:main():lattice-best-path.cc:99) For utterance theo-4-4, best cost 80.0465 + 2383.34 = 2463.39 over 27 frames.
theo-4-4 four 
LOG (lattice-best-path[5.5.510~1-68cfb]:main():lattice-best-path.cc:99) For utterance theo-5-0, best cost 83.7152 + 2398.44 = 2482.16 over 28 frames.
theo-5-0 five 
LOG (lattice-best-path[5.5.510~1-68cfb]:main():lattice-best-path.cc:99) For utterance theo-5-1, best cost 83.2718 + 2273.45 = 2356.72 over 27 frames.
theo-5-1 five 
LOG (lattice-best-path[5.5.510~1-68cfb]:main():lattice-best-path.cc:99) For utterance theo-5-2, best cost 81.4894 + 2069.31 = 2150.8 over 25 frames.
theo-5-2 five 
LOG (lattice-best-path[5.5.510~1-68cfb]:main():lattice-best-path.cc:99) For utterance theo-5-3, best cost 83.5832 + 2297.07 = 2380.65 over 26 frames.
theo-5-3 five 
LOG (lattice-best-path[5.5.510~1-68cfb]:main():lattice-best-path.cc:99) For utterance theo-5-4, best cost 81.894 + 2130.53 = 2212.42 over 26 frames.
theo-5-4 five 
LOG (lattice-best-path[5.5.510~1-68cfb]:main():lattice-best-path.cc:99) For utterance theo-6-0, best cost 88.9508 + 4276.66 = 4365.61 over 47 frames.
theo-6-0 six 
LOG (lattice-best-path[5.5.510~1-68cfb]:main():lattice-best-path.cc:99) For utterance theo-6-1, best cost 90.911 + 4196.81 = 4287.72 over 46 frames.
theo-6-1 six 
LOG (lattice-best-path[5.5.510~1-68cfb]:main():lattice-best-path.cc:99) For utterance theo-6-2, best cost 88.5657 + 4351.15 = 4439.71 over 48 frames.
theo-6-2 six 
LOG (lattice-best-path[5.5.510~1-68cfb]:main():lattice-best-path.cc:99) For utterance theo-6-3, best cost 89.8181 + 4277.06 = 4366.88 over 46 frames.
theo-6-3 six 
LOG (lattice-best-path[5.5.510~1-68cfb]:main():lattice-best-path.cc:99) For utterance theo-6-4, best cost 90.2006 + 4266.4 = 4356.6 over 46 frames.
theo-6-4 six 
LOG (lattice-best-path[5.5.510~1-68cfb]:main():lattice-best-path.cc:99) For utterance theo-7-0, best cost 91.6243 + 3611.25 = 3702.87 over 41 frames.
theo-7-0 seven 
LOG (lattice-best-path[5.5.510~1-68cfb]:main():lattice-best-path.cc:99) For utterance theo-7-1, best cost 90.2307 + 2924.85 = 3015.08 over 34 frames.
theo-7-1 seven 
LOG (lattice-best-path[5.5.510~1-68cfb]:main():lattice-best-path.cc:99) For utterance theo-7-2, best cost 82.8462 + 2155.34 = 2238.18 over 23 frames.
theo-7-2 seven 
LOG (lattice-best-path[5.5.510~1-68cfb]:main():lattice-best-path.cc:99) For utterance theo-7-3, best cost 83.7059 + 2501.8 = 2585.51 over 27 frames.
theo-7-3 seven 
LOG (lattice-best-path[5.5.510~1-68cfb]:main():lattice-best-path.cc:99) For utterance theo-7-4, best cost 92.8828 + 3632.56 = 3725.44 over 41 frames.
theo-7-4 seven 
LOG (lattice-best-path[5.5.510~1-68cfb]:main():lattice-best-path.cc:99) For utterance theo-8-0, best cost 79.2491 + 3123.89 = 3203.14 over 34 frames.
theo-8-0 eight 
LOG (lattice-best-path[5.5.510~1-68cfb]:main():lattice-best-path.cc:99) For utterance theo-8-1, best cost 78.521 + 2805.68 = 2884.2 over 30 frames.
theo-8-1 eight 
LOG (lattice-best-path[5.5.510~1-68cfb]:main():lattice-best-path.cc:99) For utterance theo-8-2, best cost 81.1025 + 3195.72 = 3276.83 over 34 frames.
theo-8-2 eight 
LOG (lattice-best-path[5.5.510~1-68cfb]:main():lattice-best-path.cc:99) For utterance theo-8-3, best cost 77.5188 + 2335.93 = 2413.45 over 27 frames.
theo-8-3 eight 
LOG (lattice-best-path[5.5.510~1-68cfb]:main():lattice-best-path.cc:99) For utterance theo-8-4, best cost 81.0244 + 2904.7 = 2985.73 over 33 frames.
theo-8-4 eight 
LOG (lattice-best-path[5.5.510~1-68cfb]:main():lattice-best-path.cc:99) For utterance theo-9-0, best cost 85.8364 + 3117.03 = 3202.87 over 36 frames.
theo-9-0 nine 
LOG (lattice-best-path[5.5.510~1-68cfb]:main():lattice-best-path.cc:99) For utterance theo-9-1, best cost 82.7922 + 2633.26 = 2716.05 over 27 frames.
theo-9-1 nine 
LOG (lattice-best-path[5.5.510~1-68cfb]:main():lattice-best-path.cc:99) For utterance theo-9-2, best cost 82.3172 + 2335.73 = 2418.05 over 26 frames.
theo-9-2 nine 
LOG (lattice-best-path[5.5.510~1-68cfb]:main():lattice-best-path.cc:99) For utterance theo-9-3, best cost 88.7887 + 3687.48 = 3776.27 over 43 frames.
theo-9-3 nine 
LOG (lattice-best-path[5.5.510~1-68cfb]:main():lattice-best-path.cc:99) For utterance theo-9-4, best cost 85.5195 + 3320.99 = 3406.51 over 42 frames.
theo-9-4 nine 
LOG (lattice-best-path[5.5.510~1-68cfb]:main():lattice-best-path.cc:99) For utterance yweweler-0-0, best cost 85.3351 + 3354.13 = 3439.46 over 37 frames.
yweweler-0-0 zero 
LOG (lattice-best-path[5.5.510~1-68cfb]:main():lattice-best-path.cc:99) For utterance yweweler-0-1, best cost 85.7591 + 2985.54 = 3071.29 over 31 frames.
yweweler-0-1 zero 
LOG (lattice-best-path[5.5.510~1-68cfb]:main():lattice-best-path.cc:99) For utterance yweweler-0-2, best cost 85.9716 + 2724.51 = 2810.48 over 33 frames.
yweweler-0-2 zero 
LOG (lattice-best-path[5.5.510~1-68cfb]:main():lattice-best-path.cc:99) For utterance yweweler-0-3, best cost 83.179 + 2929.63 = 3012.81 over 34 frames.
yweweler-0-3 zero 
LOG (lattice-best-path[5.5.510~1-68cfb]:main():lattice-best-path.cc:99) For utterance yweweler-0-4, best cost 82.9682 + 2626.41 = 2709.38 over 30 frames.
yweweler-0-4 zero 
LOG (lattice-best-path[5.5.510~1-68cfb]:main():lattice-best-path.cc:99) For utterance yweweler-1-0, best cost 95.093 + 3961.17 = 4056.27 over 40 frames.
yweweler-1-0 one 
LOG (lattice-best-path[5.5.510~1-68cfb]:main():lattice-best-path.cc:99) For utterance yweweler-1-1, best cost 79.2808 + 1606.09 = 1685.37 over 20 frames.
yweweler-1-1 one 
LOG (lattice-best-path[5.5.510~1-68cfb]:main():lattice-best-path.cc:99) For utterance yweweler-1-2, best cost 86.4207 + 2718.43 = 2804.85 over 32 frames.
yweweler-1-2 one 
LOG (lattice-best-path[5.5.510~1-68cfb]:main():lattice-best-path.cc:99) For utterance yweweler-1-3, best cost 86.6178 + 2607.41 = 2694.03 over 29 frames.
yweweler-1-3 one 
LOG (lattice-best-path[5.5.510~1-68cfb]:main():lattice-best-path.cc:99) For utterance yweweler-1-4, best cost 84.8845 + 2460.48 = 2545.37 over 28 frames.
yweweler-1-4 one 
LOG (lattice-best-path[5.5.510~1-68cfb]:main():lattice-best-path.cc:99) For utterance yweweler-2-0, best cost 77.8142 + 2377.11 = 2454.92 over 25 frames.
yweweler-2-0 two 
LOG (lattice-best-path[5.5.510~1-68cfb]:main():lattice-best-path.cc:99) For utterance yweweler-2-1, best cost 77.7552 + 2879.94 = 2957.7 over 28 frames.
yweweler-2-1 two 
LOG (lattice-best-path[5.5.510~1-68cfb]:main():lattice-best-path.cc:99) For utterance yweweler-2-2, best cost 78.6415 + 1981.16 = 2059.8 over 22 frames.
yweweler-2-2 two 
LOG (lattice-best-path[5.5.510~1-68cfb]:main():lattice-best-path.cc:99) For utterance yweweler-2-3, best cost 80.0601 + 2325.38 = 2405.44 over 26 frames.
yweweler-2-3 two 
LOG (lattice-best-path[5.5.510~1-68cfb]:main():lattice-best-path.cc:99) For utterance yweweler-2-4, best cost 78.0396 + 2299.64 = 2377.68 over 27 frames.
yweweler-2-4 two 
LOG (lattice-best-path[5.5.510~1-68cfb]:main():lattice-best-path.cc:99) For utterance yweweler-3-0, best cost 85.5088 + 3506.06 = 3591.57 over 37 frames.
yweweler-3-0 three 
LOG (lattice-best-path[5.5.510~1-68cfb]:main():lattice-best-path.cc:99) For utterance yweweler-3-1, best cost 82.0907 + 2692.5 = 2774.59 over 29 frames.
yweweler-3-1 three 
LOG (lattice-best-path[5.5.510~1-68cfb]:main():lattice-best-path.cc:99) For utterance yweweler-3-2, best cost 79.2604 + 1867.49 = 1946.76 over 23 frames.
yweweler-3-2 three 
LOG (lattice-best-path[5.5.510~1-68cfb]:main():lattice-best-path.cc:99) For utterance yweweler-3-3, best cost 85.1773 + 3428.62 = 3513.79 over 38 frames.
yweweler-3-3 three 
LOG (lattice-best-path[5.5.510~1-68cfb]:main():lattice-best-path.cc:99) For utterance yweweler-3-4, best cost 86.151 + 3509.03 = 3595.18 over 38 frames.
yweweler-3-4 three 
LOG (lattice-best-path[5.5.510~1-68cfb]:main():lattice-best-path.cc:99) For utterance yweweler-4-0, best cost 89.7179 + 3625.23 = 3714.95 over 39 frames.
yweweler-4-0 four 
LOG (lattice-best-path[5.5.510~1-68cfb]:main():lattice-best-path.cc:99) For utterance yweweler-4-1, best cost 90.0695 + 3352.98 = 3443.05 over 37 frames.
yweweler-4-1 four 
LOG (lattice-best-path[5.5.510~1-68cfb]:main():lattice-best-path.cc:99) For utterance yweweler-4-2, best cost 81.7842 + 2556.91 = 2638.7 over 31 frames.
yweweler-4-2 four 
LOG (lattice-best-path[5.5.510~1-68cfb]:main():lattice-best-path.cc:99) For utterance yweweler-4-3, best cost 78.0242 + 2191.85 = 2269.87 over 25 frames.
yweweler-4-3 four 
LOG (lattice-best-path[5.5.510~1-68cfb]:main():lattice-best-path.cc:99) For utterance yweweler-4-4, best cost 82.4538 + 2794.22 = 2876.67 over 33 frames.
yweweler-4-4 four 
LOG (lattice-best-path[5.5.510~1-68cfb]:main():lattice-best-path.cc:99) For utterance yweweler-5-0, best cost 83.9254 + 2405.43 = 2489.35 over 28 frames.
yweweler-5-0 five 
LOG (lattice-best-path[5.5.510~1-68cfb]:main():lattice-best-path.cc:99) For utterance yweweler-5-1, best cost 95.2225 + 3581.93 = 3677.15 over 40 frames.
yweweler-5-1 five 
LOG (lattice-best-path[5.5.510~1-68cfb]:main():lattice-best-path.cc:99) For utterance yweweler-5-2, best cost 91.5826 + 3066.53 = 3158.11 over 37 frames.
yweweler-5-2 five 
LOG (lattice-best-path[5.5.510~1-68cfb]:main():lattice-best-path.cc:99) For utterance yweweler-5-3, best cost 94.4054 + 3466.46 = 3560.87 over 40 frames.
yweweler-5-3 five 
LOG (lattice-best-path[5.5.510~1-68cfb]:main():lattice-best-path.cc:99) For utterance yweweler-5-4, best cost 98.7251 + 3992.39 = 4091.12 over 48 frames.
yweweler-5-4 five 
LOG (lattice-best-path[5.5.510~1-68cfb]:main():lattice-best-path.cc:99) For utterance yweweler-6-0, best cost 84.5716 + 2775.85 = 2860.42 over 31 frames.
yweweler-6-0 six 
LOG (lattice-best-path[5.5.510~1-68cfb]:main():lattice-best-path.cc:99) For utterance yweweler-6-1, best cost 76.6058 + 1368.61 = 1445.22 over 14 frames.
yweweler-6-1 six 
LOG (lattice-best-path[5.5.510~1-68cfb]:main():lattice-best-path.cc:99) For utterance yweweler-6-2, best cost 79.8475 + 1812.98 = 1892.83 over 21 frames.
yweweler-6-2 six 
LOG (lattice-best-path[5.5.510~1-68cfb]:main():lattice-best-path.cc:99) For utterance yweweler-6-3, best cost 75.8415 + 1072.29 = 1148.14 over 12 frames.
yweweler-6-3 six 
LOG (lattice-best-path[5.5.510~1-68cfb]:main():lattice-best-path.cc:99) For utterance yweweler-6-4, best cost 77.6191 + 1283.38 = 1361 over 16 frames.
yweweler-6-4 six 
LOG (lattice-best-path[5.5.510~1-68cfb]:main():lattice-best-path.cc:99) For utterance yweweler-7-0, best cost 94.9384 + 3627.11 = 3722.04 over 42 frames.
yweweler-7-0 seven 
LOG (lattice-best-path[5.5.510~1-68cfb]:main():lattice-best-path.cc:99) For utterance yweweler-7-1, best cost 90.5336 + 3260.68 = 3351.21 over 37 frames.
yweweler-7-1 seven 
LOG (lattice-best-path[5.5.510~1-68cfb]:main():lattice-best-path.cc:99) For utterance yweweler-7-2, best cost 92.3093 + 3518 = 3610.31 over 40 frames.
yweweler-7-2 seven 
LOG (lattice-best-path[5.5.510~1-68cfb]:main():lattice-best-path.cc:99) For utterance yweweler-7-3, best cost 94.5909 + 3924.18 = 4018.77 over 40 frames.
yweweler-7-3 seven 
LOG (lattice-best-path[5.5.510~1-68cfb]:main():lattice-best-path.cc:99) For utterance yweweler-7-4, best cost 90.2146 + 2944.43 = 3034.64 over 34 frames.
yweweler-7-4 seven 
LOG (lattice-best-path[5.5.510~1-68cfb]:main():lattice-best-path.cc:99) For utterance yweweler-8-0, best cost 78.1565 + 2896.52 = 2974.67 over 30 frames.
yweweler-8-0 eight 
LOG (lattice-best-path[5.5.510~1-68cfb]:main():lattice-best-path.cc:99) For utterance yweweler-8-1, best cost 78.5923 + 2941.47 = 3020.06 over 33 frames.
yweweler-8-1 eight 
LOG (lattice-best-path[5.5.510~1-68cfb]:main():lattice-best-path.cc:99) For utterance yweweler-8-2, best cost 79.0798 + 2356.86 = 2435.94 over 25 frames.
yweweler-8-2 eight 
LOG (lattice-best-path[5.5.510~1-68cfb]:main():lattice-best-path.cc:99) For utterance yweweler-8-3, best cost 78.0018 + 2667.4 = 2745.4 over 30 frames.
yweweler-8-3 eight 
LOG (lattice-best-path[5.5.510~1-68cfb]:main():lattice-best-path.cc:99) For utterance yweweler-8-4, best cost 80.1158 + 2858.35 = 2938.47 over 31 frames.
yweweler-8-4 eight 
LOG (lattice-best-path[5.5.510~1-68cfb]:main():lattice-best-path.cc:99) For utterance yweweler-9-0, best cost 85.9674 + 2996.78 = 3082.75 over 34 frames.
yweweler-9-0 nine 
LOG (lattice-best-path[5.5.510~1-68cfb]:main():lattice-best-path.cc:99) For utterance yweweler-9-1, best cost 85.5117 + 2948.59 = 3034.11 over 37 frames.
yweweler-9-1 nine 
LOG (lattice-best-path[5.5.510~1-68cfb]:main():lattice-best-path.cc:99) For utterance yweweler-9-2, best cost 85.1399 + 3012.66 = 3097.8 over 38 frames.
yweweler-9-2 nine 
LOG (lattice-best-path[5.5.510~1-68cfb]:main():lattice-best-path.cc:99) For utterance yweweler-9-3, best cost 101.698 + 5200.14 = 5301.84 over 53 frames.
yweweler-9-3 nine 
LOG (lattice-best-path[5.5.510~1-68cfb]:main():lattice-best-path.cc:99) For utterance yweweler-9-4, best cost 87.4065 + 3185.94 = 3273.35 over 40 frames.
yweweler-9-4 nine 
LOG (lattice-best-path[5.5.510~1-68cfb]:main():lattice-best-path.cc:124) Overall cost per frame is 91.6297 = 2.42369 [graph] + 89.206 [acoustic] over 7161 frames.
LOG (lattice-best-path[5.5.510~1-68cfb]:main():lattice-best-path.cc:128) Done 200 lattices, failed for 0
# Accounting: time=1 threads=1
# Ended (code 0) at Mon Oct 14 16:06:51 DST 2019, elapsed time 1 seconds
