# lattice-best-path --lm-scale=13 --word-symbol-table=exp/mono/graph/words.txt "ark:gunzip -c exp/mono/decode/lat.*.gz|" ark,t:exp/mono/decode/scoring/13.tra 
# Started at Mon Oct 14 16:04:32 DST 2019
#
lattice-best-path --lm-scale=13 --word-symbol-table=exp/mono/graph/words.txt 'ark:gunzip -c exp/mono/decode/lat.*.gz|' ark,t:exp/mono/decode/scoring/13.tra 
LOG (lattice-best-path[5.5.510~1-68cfb]:main():lattice-best-path.cc:99) For utterance jackson-0-0, best cost 102.394 + 5848.07 = 5950.46 over 62 frames.
jackson-0-0 zero 
LOG (lattice-best-path[5.5.510~1-68cfb]:main():lattice-best-path.cc:99) For utterance jackson-0-1, best cost 97.1987 + 4781.16 = 4878.36 over 51 frames.
jackson-0-1 zero 
LOG (lattice-best-path[5.5.510~1-68cfb]:main():lattice-best-path.cc:99) For utterance jackson-0-2, best cost 96.0376 + 4615.23 = 4711.27 over 51 frames.
jackson-0-2 zero 
LOG (lattice-best-path[5.5.510~1-68cfb]:main():lattice-best-path.cc:99) For utterance jackson-0-3, best cost 97.1415 + 5023.83 = 5120.98 over 58 frames.
jackson-0-3 zero 
LOG (lattice-best-path[5.5.510~1-68cfb]:main():lattice-best-path.cc:99) For utterance jackson-0-4, best cost 97.4979 + 4605.26 = 4702.76 over 52 frames.
jackson-0-4 zero 
LOG (lattice-best-path[5.5.510~1-68cfb]:main():lattice-best-path.cc:99) For utterance jackson-1-0, best cost 105.217 + 4785.23 = 4890.45 over 50 frames.
jackson-1-0 one 
LOG (lattice-best-path[5.5.510~1-68cfb]:main():lattice-best-path.cc:99) For utterance jackson-1-1, best cost 103.131 + 4620.96 = 4724.09 over 51 frames.
jackson-1-1 one 
LOG (lattice-best-path[5.5.510~1-68cfb]:main():lattice-best-path.cc:99) For utterance jackson-1-2, best cost 101.102 + 4199.04 = 4300.14 over 46 frames.
jackson-1-2 one 
LOG (lattice-best-path[5.5.510~1-68cfb]:main():lattice-best-path.cc:99) For utterance jackson-1-3, best cost 102.177 + 4343.64 = 4445.82 over 48 frames.
jackson-1-3 one 
LOG (lattice-best-path[5.5.510~1-68cfb]:main():lattice-best-path.cc:99) For utterance jackson-1-4, best cost 102.337 + 4939.64 = 5041.97 over 51 frames.
jackson-1-4 one 
LOG (lattice-best-path[5.5.510~1-68cfb]:main():lattice-best-path.cc:99) For utterance jackson-2-0, best cost 89.3861 + 4265.71 = 4355.09 over 48 frames.
jackson-2-0 two 
LOG (lattice-best-path[5.5.510~1-68cfb]:main():lattice-best-path.cc:99) For utterance jackson-2-1, best cost 90.2591 + 4699.74 = 4790 over 53 frames.
jackson-2-1 two 
LOG (lattice-best-path[5.5.510~1-68cfb]:main():lattice-best-path.cc:99) For utterance jackson-2-2, best cost 87.4821 + 4008.31 = 4095.79 over 42 frames.
jackson-2-2 two 
LOG (lattice-best-path[5.5.510~1-68cfb]:main():lattice-best-path.cc:99) For utterance jackson-2-3, best cost 87.4534 + 4710.83 = 4798.29 over 48 frames.
jackson-2-3 two 
LOG (lattice-best-path[5.5.510~1-68cfb]:main():lattice-best-path.cc:99) For utterance jackson-2-4, best cost 89.1642 + 4142.66 = 4231.83 over 46 frames.
jackson-2-4 two 
LOG (lattice-best-path[5.5.510~1-68cfb]:main():lattice-best-path.cc:99) For utterance jackson-3-0, best cost 95.7527 + 4330.42 = 4426.17 over 47 frames.
jackson-3-0 three 
LOG (lattice-best-path[5.5.510~1-68cfb]:main():lattice-best-path.cc:99) For utterance jackson-3-1, best cost 102.257 + 4231.5 = 4333.75 over 45 frames.
jackson-3-1 three 
LOG (lattice-best-path[5.5.510~1-68cfb]:main():lattice-best-path.cc:99) For utterance jackson-3-2, best cost 101.73 + 4419.4 = 4521.13 over 49 frames.
jackson-3-2 three 
LOG (lattice-best-path[5.5.510~1-68cfb]:main():lattice-best-path.cc:99) For utterance jackson-3-3, best cost 96.9909 + 4477.88 = 4574.87 over 49 frames.
jackson-3-3 three 
LOG (lattice-best-path[5.5.510~1-68cfb]:main():lattice-best-path.cc:99) For utterance jackson-3-4, best cost 97.4403 + 3799.98 = 3897.42 over 43 frames.
jackson-3-4 three 
LOG (lattice-best-path[5.5.510~1-68cfb]:main():lattice-best-path.cc:99) For utterance jackson-4-0, best cost 90.7687 + 4114.93 = 4205.7 over 44 frames.
jackson-4-0 four 
LOG (lattice-best-path[5.5.510~1-68cfb]:main():lattice-best-path.cc:99) For utterance jackson-4-1, best cost 88.2779 + 3544.91 = 3633.19 over 40 frames.
jackson-4-1 four 
LOG (lattice-best-path[5.5.510~1-68cfb]:main():lattice-best-path.cc:99) For utterance jackson-4-2, best cost 88.8187 + 3580.7 = 3669.52 over 40 frames.
jackson-4-2 four 
LOG (lattice-best-path[5.5.510~1-68cfb]:main():lattice-best-path.cc:99) For utterance jackson-4-3, best cost 88.4283 + 3578.34 = 3666.77 over 39 frames.
jackson-4-3 four 
LOG (lattice-best-path[5.5.510~1-68cfb]:main():lattice-best-path.cc:99) For utterance jackson-4-4, best cost 95.9131 + 3692.76 = 3788.67 over 41 frames.
jackson-4-4 four 
LOG (lattice-best-path[5.5.510~1-68cfb]:main():lattice-best-path.cc:99) For utterance jackson-5-0, best cost 103.298 + 3503.74 = 3607.03 over 40 frames.
jackson-5-0 five 
LOG (lattice-best-path[5.5.510~1-68cfb]:main():lattice-best-path.cc:99) For utterance jackson-5-1, best cost 95.8206 + 3431.58 = 3527.4 over 39 frames.
jackson-5-1 five 
LOG (lattice-best-path[5.5.510~1-68cfb]:main():lattice-best-path.cc:99) For utterance jackson-5-2, best cost 102.593 + 3831.14 = 3933.74 over 43 frames.
jackson-5-2 five 
LOG (lattice-best-path[5.5.510~1-68cfb]:main():lattice-best-path.cc:99) For utterance jackson-5-3, best cost 95.274 + 3320.3 = 3415.57 over 38 frames.
jackson-5-3 five 
LOG (lattice-best-path[5.5.510~1-68cfb]:main():lattice-best-path.cc:99) For utterance jackson-5-4, best cost 113.864 + 4756.67 = 4870.53 over 51 frames.
jackson-5-4 five 
LOG (lattice-best-path[5.5.510~1-68cfb]:main():lattice-best-path.cc:99) For utterance jackson-6-0, best cost 123.887 + 7499.37 = 7623.26 over 81 frames.
jackson-6-0 six 
LOG (lattice-best-path[5.5.510~1-68cfb]:main():lattice-best-path.cc:99) For utterance jackson-6-1, best cost 106.262 + 6214.84 = 6321.1 over 62 frames.
jackson-6-1 six 
LOG (lattice-best-path[5.5.510~1-68cfb]:main():lattice-best-path.cc:99) For utterance jackson-6-2, best cost 102.569 + 5430.74 = 5533.31 over 61 frames.
jackson-6-2 six 
LOG (lattice-best-path[5.5.510~1-68cfb]:main():lattice-best-path.cc:99) For utterance jackson-6-3, best cost 117.853 + 7812.88 = 7930.73 over 85 frames.
jackson-6-3 six 
LOG (lattice-best-path[5.5.510~1-68cfb]:main():lattice-best-path.cc:99) For utterance jackson-6-4, best cost 104.434 + 5638.24 = 5742.67 over 61 frames.
jackson-6-4 six 
LOG (lattice-best-path[5.5.510~1-68cfb]:main():lattice-best-path.cc:99) For utterance jackson-7-0, best cost 98.459 + 3825.66 = 3924.12 over 41 frames.
jackson-7-0 seven 
LOG (lattice-best-path[5.5.510~1-68cfb]:main():lattice-best-path.cc:99) For utterance jackson-7-1, best cost 101.73 + 3938.15 = 4039.88 over 45 frames.
jackson-7-1 seven 
LOG (lattice-best-path[5.5.510~1-68cfb]:main():lattice-best-path.cc:99) For utterance jackson-7-2, best cost 97.9948 + 3245.88 = 3343.87 over 36 frames.
jackson-7-2 seven 
LOG (lattice-best-path[5.5.510~1-68cfb]:main():lattice-best-path.cc:99) For utterance jackson-7-3, best cost 99.7117 + 3549.19 = 3648.91 over 41 frames.
jackson-7-3 seven 
LOG (lattice-best-path[5.5.510~1-68cfb]:main():lattice-best-path.cc:99) For utterance jackson-7-4, best cost 97.4598 + 3854.52 = 3951.98 over 40 frames.
jackson-7-4 seven 
LOG (lattice-best-path[5.5.510~1-68cfb]:main():lattice-best-path.cc:99) For utterance jackson-8-0, best cost 91.3561 + 2960.47 = 3051.83 over 33 frames.
jackson-8-0 eight 
LOG (lattice-best-path[5.5.510~1-68cfb]:main():lattice-best-path.cc:99) For utterance jackson-8-1, best cost 87.0883 + 3454.25 = 3541.34 over 38 frames.
jackson-8-1 eight 
LOG (lattice-best-path[5.5.510~1-68cfb]:main():lattice-best-path.cc:99) For utterance jackson-8-2, best cost 85.4273 + 3393.33 = 3478.76 over 36 frames.
jackson-8-2 eight 
LOG (lattice-best-path[5.5.510~1-68cfb]:main():lattice-best-path.cc:99) For utterance jackson-8-3, best cost 85.2532 + 3437.38 = 3522.63 over 37 frames.
jackson-8-3 eight 
LOG (lattice-best-path[5.5.510~1-68cfb]:main():lattice-best-path.cc:99) For utterance jackson-8-4, best cost 85.7287 + 3592.12 = 3677.85 over 39 frames.
jackson-8-4 eight 
LOG (lattice-best-path[5.5.510~1-68cfb]:main():lattice-best-path.cc:99) For utterance jackson-9-0, best cost 101.096 + 5094.42 = 5195.51 over 58 frames.
jackson-9-0 nine 
LOG (lattice-best-path[5.5.510~1-68cfb]:main():lattice-best-path.cc:99) For utterance jackson-9-1, best cost 100.829 + 5057.39 = 5158.22 over 55 frames.
jackson-9-1 nine 
LOG (lattice-best-path[5.5.510~1-68cfb]:main():lattice-best-path.cc:99) For utterance jackson-9-2, best cost 134.111 + 5033.19 = 5167.3 over 56 frames.
jackson-9-2 nine 
LOG (lattice-best-path[5.5.510~1-68cfb]:main():lattice-best-path.cc:99) For utterance jackson-9-3, best cost 132.402 + 4697.5 = 4829.9 over 52 frames.
jackson-9-3 nine 
LOG (lattice-best-path[5.5.510~1-68cfb]:main():lattice-best-path.cc:99) For utterance jackson-9-4, best cost 132.577 + 4862.11 = 4994.69 over 56 frames.
jackson-9-4 nine 
LOG (lattice-best-path[5.5.510~1-68cfb]:main():lattice-best-path.cc:99) For utterance nicolas-0-0, best cost 94.2317 + 3776.73 = 3870.96 over 42 frames.
nicolas-0-0 zero 
LOG (lattice-best-path[5.5.510~1-68cfb]:main():lattice-best-path.cc:99) For utterance nicolas-0-1, best cost 90.5794 + 3885.12 = 3975.7 over 45 frames.
nicolas-0-1 zero 
LOG (lattice-best-path[5.5.510~1-68cfb]:main():lattice-best-path.cc:99) For utterance nicolas-0-2, best cost 94.7098 + 2892.81 = 2987.52 over 34 frames.
nicolas-0-2 zero 
LOG (lattice-best-path[5.5.510~1-68cfb]:main():lattice-best-path.cc:99) For utterance nicolas-0-3, best cost 96.362 + 4364.84 = 4461.2 over 53 frames.
nicolas-0-3 zero 
LOG (lattice-best-path[5.5.510~1-68cfb]:main():lattice-best-path.cc:99) For utterance nicolas-0-4, best cost 101.161 + 4067.1 = 4168.26 over 47 frames.
nicolas-0-4 zero 
LOG (lattice-best-path[5.5.510~1-68cfb]:main():lattice-best-path.cc:99) For utterance nicolas-1-0, best cost 97.1382 + 2949.09 = 3046.23 over 35 frames.
nicolas-1-0 one 
LOG (lattice-best-path[5.5.510~1-68cfb]:main():lattice-best-path.cc:99) For utterance nicolas-1-1, best cost 92.2125 + 1987.51 = 2079.73 over 27 frames.
nicolas-1-1 one 
LOG (lattice-best-path[5.5.510~1-68cfb]:main():lattice-best-path.cc:99) For utterance nicolas-1-2, best cost 90.1766 + 1964.53 = 2054.71 over 24 frames.
nicolas-1-2 one 
LOG (lattice-best-path[5.5.510~1-68cfb]:main():lattice-best-path.cc:99) For utterance nicolas-1-3, best cost 91.8351 + 2203.85 = 2295.68 over 27 frames.
nicolas-1-3 one 
LOG (lattice-best-path[5.5.510~1-68cfb]:main():lattice-best-path.cc:99) For utterance nicolas-1-4, best cost 91.7829 + 2117.01 = 2208.8 over 27 frames.
nicolas-1-4 one 
LOG (lattice-best-path[5.5.510~1-68cfb]:main():lattice-best-path.cc:99) For utterance nicolas-2-0, best cost 91.7433 + 2871.95 = 2963.69 over 34 frames.
nicolas-2-0 two 
LOG (lattice-best-path[5.5.510~1-68cfb]:main():lattice-best-path.cc:99) For utterance nicolas-2-1, best cost 84.0392 + 2415.37 = 2499.41 over 28 frames.
nicolas-2-1 two 
LOG (lattice-best-path[5.5.510~1-68cfb]:main():lattice-best-path.cc:99) For utterance nicolas-2-2, best cost 92.9902 + 2836.91 = 2929.9 over 34 frames.
nicolas-2-2 two 
LOG (lattice-best-path[5.5.510~1-68cfb]:main():lattice-best-path.cc:99) For utterance nicolas-2-3, best cost 81.7707 + 1746.09 = 1827.86 over 22 frames.
nicolas-2-3 two 
LOG (lattice-best-path[5.5.510~1-68cfb]:main():lattice-best-path.cc:99) For utterance nicolas-2-4, best cost 91.8871 + 2574.1 = 2665.99 over 31 frames.
nicolas-2-4 two 
LOG (lattice-best-path[5.5.510~1-68cfb]:main():lattice-best-path.cc:99) For utterance nicolas-3-0, best cost 89.0875 + 2657 = 2746.09 over 31 frames.
nicolas-3-0 three 
LOG (lattice-best-path[5.5.510~1-68cfb]:main():lattice-best-path.cc:99) For utterance nicolas-3-1, best cost 93.4225 + 2556.64 = 2650.06 over 31 frames.
nicolas-3-1 three 
LOG (lattice-best-path[5.5.510~1-68cfb]:main():lattice-best-path.cc:99) For utterance nicolas-3-2, best cost 83.71 + 1906.98 = 1990.69 over 24 frames.
nicolas-3-2 three 
LOG (lattice-best-path[5.5.510~1-68cfb]:main():lattice-best-path.cc:99) For utterance nicolas-3-3, best cost 83.2643 + 1680.3 = 1763.57 over 22 frames.
nicolas-3-3 three 
LOG (lattice-best-path[5.5.510~1-68cfb]:main():lattice-best-path.cc:99) For utterance nicolas-3-4, best cost 94.588 + 2839.16 = 2933.74 over 34 frames.
nicolas-3-4 three 
LOG (lattice-best-path[5.5.510~1-68cfb]:main():lattice-best-path.cc:99) For utterance nicolas-4-0, best cost 87.8139 + 2314.46 = 2402.28 over 29 frames.
nicolas-4-0 four 
LOG (lattice-best-path[5.5.510~1-68cfb]:main():lattice-best-path.cc:99) For utterance nicolas-4-1, best cost 90.7191 + 2904.06 = 2994.78 over 33 frames.
nicolas-4-1 four 
LOG (lattice-best-path[5.5.510~1-68cfb]:main():lattice-best-path.cc:99) For utterance nicolas-4-2, best cost 88.1576 + 2511 = 2599.16 over 29 frames.
nicolas-4-2 four 
LOG (lattice-best-path[5.5.510~1-68cfb]:main():lattice-best-path.cc:99) For utterance nicolas-4-3, best cost 87.4047 + 2523.13 = 2610.53 over 31 frames.
nicolas-4-3 four 
LOG (lattice-best-path[5.5.510~1-68cfb]:main():lattice-best-path.cc:99) For utterance nicolas-4-4, best cost 87.1449 + 2585.79 = 2672.93 over 30 frames.
nicolas-4-4 four 
LOG (lattice-best-path[5.5.510~1-68cfb]:main():lattice-best-path.cc:99) For utterance nicolas-5-0, best cost 91.4231 + 2436.83 = 2528.26 over 32 frames.
nicolas-5-0 five 
LOG (lattice-best-path[5.5.510~1-68cfb]:main():lattice-best-path.cc:99) For utterance nicolas-5-1, best cost 93.2889 + 2877.75 = 2971.03 over 36 frames.
nicolas-5-1 five 
LOG (lattice-best-path[5.5.510~1-68cfb]:main():lattice-best-path.cc:99) For utterance nicolas-5-2, best cost 90.0228 + 2300.83 = 2390.85 over 29 frames.
nicolas-5-2 five 
LOG (lattice-best-path[5.5.510~1-68cfb]:main():lattice-best-path.cc:99) For utterance nicolas-5-3, best cost 92.742 + 2696.29 = 2789.03 over 34 frames.
nicolas-5-3 five 
LOG (lattice-best-path[5.5.510~1-68cfb]:main():lattice-best-path.cc:99) For utterance nicolas-5-4, best cost 92.4263 + 2465.16 = 2557.58 over 33 frames.
nicolas-5-4 five 
LOG (lattice-best-path[5.5.510~1-68cfb]:main():lattice-best-path.cc:99) For utterance nicolas-6-0, best cost 92.5924 + 1948.6 = 2041.19 over 20 frames.
nicolas-6-0 six 
LOG (lattice-best-path[5.5.510~1-68cfb]:main():lattice-best-path.cc:99) For utterance nicolas-6-1, best cost 86.1294 + 1921.21 = 2007.34 over 21 frames.
nicolas-6-1 six 
LOG (lattice-best-path[5.5.510~1-68cfb]:main():lattice-best-path.cc:99) For utterance nicolas-6-2, best cost 95.2017 + 2229.5 = 2324.7 over 24 frames.
nicolas-6-2 six 
LOG (lattice-best-path[5.5.510~1-68cfb]:main():lattice-best-path.cc:99) For utterance nicolas-6-3, best cost 105.749 + 3361.41 = 3467.16 over 37 frames.
nicolas-6-3 six 
LOG (lattice-best-path[5.5.510~1-68cfb]:main():lattice-best-path.cc:99) For utterance nicolas-6-4, best cost 112.621 + 3936.81 = 4049.44 over 45 frames.
nicolas-6-4 six 
LOG (lattice-best-path[5.5.510~1-68cfb]:main():lattice-best-path.cc:99) For utterance nicolas-7-0, best cost 102.179 + 2861.77 = 2963.95 over 35 frames.
nicolas-7-0 seven 
LOG (lattice-best-path[5.5.510~1-68cfb]:main():lattice-best-path.cc:99) For utterance nicolas-7-1, best cost 106.098 + 3677.86 = 3783.96 over 44 frames.
nicolas-7-1 seven 
LOG (lattice-best-path[5.5.510~1-68cfb]:main():lattice-best-path.cc:99) For utterance nicolas-7-2, best cost 104.238 + 3592.81 = 3697.04 over 43 frames.
nicolas-7-2 seven 
LOG (lattice-best-path[5.5.510~1-68cfb]:main():lattice-best-path.cc:99) For utterance nicolas-7-3, best cost 94.8205 + 2777.39 = 2872.21 over 35 frames.
nicolas-7-3 seven 
LOG (lattice-best-path[5.5.510~1-68cfb]:main():lattice-best-path.cc:99) For utterance nicolas-7-4, best cost 105.323 + 3810.07 = 3915.4 over 43 frames.
nicolas-7-4 seven 
LOG (lattice-best-path[5.5.510~1-68cfb]:main():lattice-best-path.cc:99) For utterance nicolas-8-0, best cost 81.876 + 1786.8 = 1868.67 over 21 frames.
nicolas-8-0 eight 
LOG (lattice-best-path[5.5.510~1-68cfb]:main():lattice-best-path.cc:99) For utterance nicolas-8-1, best cost 81.965 + 1952.25 = 2034.22 over 21 frames.
nicolas-8-1 eight 
LOG (lattice-best-path[5.5.510~1-68cfb]:main():lattice-best-path.cc:99) For utterance nicolas-8-2, best cost 82.0007 + 1894.03 = 1976.03 over 22 frames.
nicolas-8-2 eight 
LOG (lattice-best-path[5.5.510~1-68cfb]:main():lattice-best-path.cc:99) For utterance nicolas-8-3, best cost 82.25 + 1941.17 = 2023.42 over 23 frames.
nicolas-8-3 eight 
LOG (lattice-best-path[5.5.510~1-68cfb]:main():lattice-best-path.cc:99) For utterance nicolas-8-4, best cost 82.4336 + 1950.41 = 2032.85 over 24 frames.
nicolas-8-4 eight 
LOG (lattice-best-path[5.5.510~1-68cfb]:main():lattice-best-path.cc:99) For utterance nicolas-9-0, best cost 92.1495 + 3415.89 = 3508.04 over 40 frames.
nicolas-9-0 nine 
LOG (lattice-best-path[5.5.510~1-68cfb]:main():lattice-best-path.cc:99) For utterance nicolas-9-1, best cost 96.7603 + 3663.3 = 3760.06 over 47 frames.
nicolas-9-1 nine 
LOG (lattice-best-path[5.5.510~1-68cfb]:main():lattice-best-path.cc:99) For utterance nicolas-9-2, best cost 94.1882 + 3230 = 3324.19 over 42 frames.
nicolas-9-2 nine 
LOG (lattice-best-path[5.5.510~1-68cfb]:main():lattice-best-path.cc:99) For utterance nicolas-9-3, best cost 93.8147 + 3310.52 = 3404.33 over 42 frames.
nicolas-9-3 nine 
LOG (lattice-best-path[5.5.510~1-68cfb]:main():lattice-best-path.cc:99) For utterance nicolas-9-4, best cost 90.0414 + 2903.97 = 2994.01 over 34 frames.
nicolas-9-4 nine 
LOG (lattice-best-path[5.5.510~1-68cfb]:main():lattice-best-path.cc:99) For utterance theo-0-0, best cost 90.1462 + 3400.95 = 3491.1 over 37 frames.
theo-0-0 zero 
LOG (lattice-best-path[5.5.510~1-68cfb]:main():lattice-best-path.cc:99) For utterance theo-0-1, best cost 92.2569 + 2917.9 = 3010.15 over 33 frames.
theo-0-1 zero 
LOG (lattice-best-path[5.5.510~1-68cfb]:main():lattice-best-path.cc:99) For utterance theo-0-2, best cost 97.7262 + 3030.92 = 3128.65 over 32 frames.
theo-0-2 zero 
LOG (lattice-best-path[5.5.510~1-68cfb]:main():lattice-best-path.cc:99) For utterance theo-0-3, best cost 88.7815 + 2854.75 = 2943.53 over 32 frames.
theo-0-3 zero 
LOG (lattice-best-path[5.5.510~1-68cfb]:main():lattice-best-path.cc:99) For utterance theo-0-4, best cost 89.8243 + 3258.79 = 3348.62 over 39 frames.
theo-0-4 zero 
LOG (lattice-best-path[5.5.510~1-68cfb]:main():lattice-best-path.cc:99) For utterance theo-1-0, best cost 89.4942 + 2026.62 = 2116.11 over 22 frames.
theo-1-0 one 
LOG (lattice-best-path[5.5.510~1-68cfb]:main():lattice-best-path.cc:99) For utterance theo-1-1, best cost 89.0662 + 1874.67 = 1963.74 over 21 frames.
theo-1-1 one 
LOG (lattice-best-path[5.5.510~1-68cfb]:main():lattice-best-path.cc:99) For utterance theo-1-2, best cost 86.9009 + 1663.82 = 1750.72 over 17 frames.
theo-1-2 one 
LOG (lattice-best-path[5.5.510~1-68cfb]:main():lattice-best-path.cc:99) For utterance theo-1-3, best cost 89.4797 + 2068.31 = 2157.79 over 23 frames.
theo-1-3 one 
LOG (lattice-best-path[5.5.510~1-68cfb]:main():lattice-best-path.cc:99) For utterance theo-1-4, best cost 88.1326 + 1799.51 = 1887.64 over 20 frames.
theo-1-4 one 
LOG (lattice-best-path[5.5.510~1-68cfb]:main():lattice-best-path.cc:99) For utterance theo-2-0, best cost 82.0361 + 2027.3 = 2109.34 over 22 frames.
theo-2-0 two 
LOG (lattice-best-path[5.5.510~1-68cfb]:main():lattice-best-path.cc:99) For utterance theo-2-1, best cost 82.8281 + 1890.74 = 1973.57 over 21 frames.
theo-2-1 two 
LOG (lattice-best-path[5.5.510~1-68cfb]:main():lattice-best-path.cc:99) For utterance theo-2-2, best cost 98.4228 + 4684.48 = 4782.9 over 51 frames.
theo-2-2 two 
LOG (lattice-best-path[5.5.510~1-68cfb]:main():lattice-best-path.cc:99) For utterance theo-2-3, best cost 82.1303 + 1661.37 = 1743.5 over 18 frames.
theo-2-3 two 
LOG (lattice-best-path[5.5.510~1-68cfb]:main():lattice-best-path.cc:99) For utterance theo-2-4, best cost 84.3836 + 2224.64 = 2309.03 over 25 frames.
theo-2-4 two 
LOG (lattice-best-path[5.5.510~1-68cfb]:main():lattice-best-path.cc:99) For utterance theo-3-0, best cost 87.3735 + 2116.88 = 2204.25 over 22 frames.
theo-3-0 three 
LOG (lattice-best-path[5.5.510~1-68cfb]:main():lattice-best-path.cc:99) For utterance theo-3-1, best cost 87.8606 + 2493.41 = 2581.27 over 26 frames.
theo-3-1 three 
LOG (lattice-best-path[5.5.510~1-68cfb]:main():lattice-best-path.cc:99) For utterance theo-3-2, best cost 88.8221 + 2444.95 = 2533.77 over 25 frames.
theo-3-2 three 
LOG (lattice-best-path[5.5.510~1-68cfb]:main():lattice-best-path.cc:99) For utterance theo-3-3, best cost 85.5345 + 1969.5 = 2055.03 over 21 frames.
theo-3-3 three 
LOG (lattice-best-path[5.5.510~1-68cfb]:main():lattice-best-path.cc:99) For utterance theo-3-4, best cost 87.2133 + 1811.95 = 1899.16 over 20 frames.
theo-3-4 three 
LOG (lattice-best-path[5.5.510~1-68cfb]:main():lattice-best-path.cc:99) For utterance theo-4-0, best cost 86.3393 + 2240.24 = 2326.58 over 25 frames.
theo-4-0 four 
LOG (lattice-best-path[5.5.510~1-68cfb]:main():lattice-best-path.cc:99) For utterance theo-4-1, best cost 85.4002 + 2024.19 = 2109.59 over 23 frames.
theo-4-1 four 
LOG (lattice-best-path[5.5.510~1-68cfb]:main():lattice-best-path.cc:99) For utterance theo-4-2, best cost 84.2916 + 1791.4 = 1875.69 over 21 frames.
theo-4-2 four 
LOG (lattice-best-path[5.5.510~1-68cfb]:main():lattice-best-path.cc:99) For utterance theo-4-3, best cost 85.8972 + 2097.82 = 2183.72 over 23 frames.
theo-4-3 four 
LOG (lattice-best-path[5.5.510~1-68cfb]:main():lattice-best-path.cc:99) For utterance theo-4-4, best cost 86.7414 + 2403.22 = 2489.96 over 27 frames.
theo-4-4 four 
LOG (lattice-best-path[5.5.510~1-68cfb]:main():lattice-best-path.cc:99) For utterance theo-5-0, best cost 90.426 + 2392.42 = 2482.85 over 28 frames.
theo-5-0 five 
LOG (lattice-best-path[5.5.510~1-68cfb]:main():lattice-best-path.cc:99) For utterance theo-5-1, best cost 89.6919 + 2257.15 = 2346.85 over 27 frames.
theo-5-1 five 
LOG (lattice-best-path[5.5.510~1-68cfb]:main():lattice-best-path.cc:99) For utterance theo-5-2, best cost 88.7758 + 2032.21 = 2120.99 over 25 frames.
theo-5-2 five 
LOG (lattice-best-path[5.5.510~1-68cfb]:main():lattice-best-path.cc:99) For utterance theo-5-3, best cost 89.2636 + 2247.36 = 2336.63 over 26 frames.
theo-5-3 five 
LOG (lattice-best-path[5.5.510~1-68cfb]:main():lattice-best-path.cc:99) For utterance theo-5-4, best cost 89.0153 + 2136.66 = 2225.68 over 26 frames.
theo-5-4 five 
LOG (lattice-best-path[5.5.510~1-68cfb]:main():lattice-best-path.cc:99) For utterance theo-6-0, best cost 97.5159 + 4220.83 = 4318.35 over 47 frames.
theo-6-0 six 
LOG (lattice-best-path[5.5.510~1-68cfb]:main():lattice-best-path.cc:99) For utterance theo-6-1, best cost 101.012 + 4149.46 = 4250.47 over 46 frames.
theo-6-1 six 
LOG (lattice-best-path[5.5.510~1-68cfb]:main():lattice-best-path.cc:99) For utterance theo-6-2, best cost 97.3104 + 4274.03 = 4371.34 over 48 frames.
theo-6-2 six 
LOG (lattice-best-path[5.5.510~1-68cfb]:main():lattice-best-path.cc:99) For utterance theo-6-3, best cost 97.2582 + 4232.79 = 4330.05 over 46 frames.
theo-6-3 six 
LOG (lattice-best-path[5.5.510~1-68cfb]:main():lattice-best-path.cc:99) For utterance theo-6-4, best cost 98.1199 + 4215 = 4313.12 over 46 frames.
theo-6-4 six 
LOG (lattice-best-path[5.5.510~1-68cfb]:main():lattice-best-path.cc:99) For utterance theo-7-0, best cost 97.621 + 3570.56 = 3668.19 over 41 frames.
theo-7-0 seven 
LOG (lattice-best-path[5.5.510~1-68cfb]:main():lattice-best-path.cc:99) For utterance theo-7-1, best cost 97.6652 + 2900.84 = 2998.5 over 34 frames.
theo-7-1 seven 
LOG (lattice-best-path[5.5.510~1-68cfb]:main():lattice-best-path.cc:99) For utterance theo-7-2, best cost 89.2869 + 2132.84 = 2222.12 over 23 frames.
theo-7-2 seven 
LOG (lattice-best-path[5.5.510~1-68cfb]:main():lattice-best-path.cc:99) For utterance theo-7-3, best cost 91.9671 + 2463.72 = 2555.69 over 27 frames.
theo-7-3 seven 
LOG (lattice-best-path[5.5.510~1-68cfb]:main():lattice-best-path.cc:99) For utterance theo-7-4, best cost 96.9129 + 3616.24 = 3713.15 over 41 frames.
theo-7-4 seven 
LOG (lattice-best-path[5.5.510~1-68cfb]:main():lattice-best-path.cc:99) For utterance theo-8-0, best cost 86.0978 + 3051.86 = 3137.95 over 34 frames.
theo-8-0 eight 
LOG (lattice-best-path[5.5.510~1-68cfb]:main():lattice-best-path.cc:99) For utterance theo-8-1, best cost 85.4378 + 2800.67 = 2886.1 over 30 frames.
theo-8-1 eight 
LOG (lattice-best-path[5.5.510~1-68cfb]:main():lattice-best-path.cc:99) For utterance theo-8-2, best cost 86.0548 + 3198.78 = 3284.83 over 34 frames.
theo-8-2 eight 
LOG (lattice-best-path[5.5.510~1-68cfb]:main():lattice-best-path.cc:99) For utterance theo-8-3, best cost 83.9446 + 2325.33 = 2409.27 over 27 frames.
theo-8-3 eight 
LOG (lattice-best-path[5.5.510~1-68cfb]:main():lattice-best-path.cc:99) For utterance theo-8-4, best cost 92.158 + 2862.82 = 2954.98 over 33 frames.
theo-8-4 eight 
LOG (lattice-best-path[5.5.510~1-68cfb]:main():lattice-best-path.cc:99) For utterance theo-9-0, best cost 90.0838 + 3128.02 = 3218.11 over 36 frames.
theo-9-0 nine 
LOG (lattice-best-path[5.5.510~1-68cfb]:main():lattice-best-path.cc:99) For utterance theo-9-1, best cost 87.3708 + 2565.85 = 2653.22 over 27 frames.
theo-9-1 nine 
LOG (lattice-best-path[5.5.510~1-68cfb]:main():lattice-best-path.cc:99) For utterance theo-9-2, best cost 88.0224 + 2321.8 = 2409.82 over 26 frames.
theo-9-2 nine 
LOG (lattice-best-path[5.5.510~1-68cfb]:main():lattice-best-path.cc:99) For utterance theo-9-3, best cost 95.8469 + 3721.13 = 3816.97 over 43 frames.
theo-9-3 nine 
LOG (lattice-best-path[5.5.510~1-68cfb]:main():lattice-best-path.cc:99) For utterance theo-9-4, best cost 93.4129 + 3366.47 = 3459.89 over 42 frames.
theo-9-4 nine 
LOG (lattice-best-path[5.5.510~1-68cfb]:main():lattice-best-path.cc:99) For utterance yweweler-0-0, best cost 92.0991 + 3348.22 = 3440.32 over 37 frames.
yweweler-0-0 zero 
LOG (lattice-best-path[5.5.510~1-68cfb]:main():lattice-best-path.cc:99) For utterance yweweler-0-1, best cost 92.8486 + 2948.84 = 3041.68 over 31 frames.
yweweler-0-1 zero 
LOG (lattice-best-path[5.5.510~1-68cfb]:main():lattice-best-path.cc:99) For utterance yweweler-0-2, best cost 93.0012 + 2736.4 = 2829.4 over 33 frames.
yweweler-0-2 zero 
LOG (lattice-best-path[5.5.510~1-68cfb]:main():lattice-best-path.cc:99) For utterance yweweler-0-3, best cost 90.4064 + 2886.38 = 2976.79 over 34 frames.
yweweler-0-3 zero 
LOG (lattice-best-path[5.5.510~1-68cfb]:main():lattice-best-path.cc:99) For utterance yweweler-0-4, best cost 90.0095 + 2654.05 = 2744.06 over 30 frames.
yweweler-0-4 zero 
LOG (lattice-best-path[5.5.510~1-68cfb]:main():lattice-best-path.cc:99) For utterance yweweler-1-0, best cost 102.821 + 3905.57 = 4008.4 over 40 frames.
yweweler-1-0 one 
LOG (lattice-best-path[5.5.510~1-68cfb]:main():lattice-best-path.cc:99) For utterance yweweler-1-1, best cost 85.6325 + 1602 = 1687.63 over 20 frames.
yweweler-1-1 one 
LOG (lattice-best-path[5.5.510~1-68cfb]:main():lattice-best-path.cc:99) For utterance yweweler-1-2, best cost 93.8611 + 2715.69 = 2809.55 over 32 frames.
yweweler-1-2 one 
LOG (lattice-best-path[5.5.510~1-68cfb]:main():lattice-best-path.cc:99) For utterance yweweler-1-3, best cost 93.0202 + 2560.56 = 2653.58 over 29 frames.
yweweler-1-3 one 
LOG (lattice-best-path[5.5.510~1-68cfb]:main():lattice-best-path.cc:99) For utterance yweweler-1-4, best cost 92.3953 + 2442.28 = 2534.67 over 28 frames.
yweweler-1-4 one 
LOG (lattice-best-path[5.5.510~1-68cfb]:main():lattice-best-path.cc:99) For utterance yweweler-2-0, best cost 83.307 + 2379.06 = 2462.36 over 25 frames.
yweweler-2-0 two 
LOG (lattice-best-path[5.5.510~1-68cfb]:main():lattice-best-path.cc:99) For utterance yweweler-2-1, best cost 84.1405 + 2797.51 = 2881.65 over 28 frames.
yweweler-2-1 two 
LOG (lattice-best-path[5.5.510~1-68cfb]:main():lattice-best-path.cc:99) For utterance yweweler-2-2, best cost 85.5109 + 2016.29 = 2101.8 over 22 frames.
yweweler-2-2 two 
LOG (lattice-best-path[5.5.510~1-68cfb]:main():lattice-best-path.cc:99) For utterance yweweler-2-3, best cost 87.235 + 2371.51 = 2458.75 over 26 frames.
yweweler-2-3 two 
LOG (lattice-best-path[5.5.510~1-68cfb]:main():lattice-best-path.cc:99) For utterance yweweler-2-4, best cost 84.7181 + 2311.39 = 2396.11 over 27 frames.
yweweler-2-4 two 
LOG (lattice-best-path[5.5.510~1-68cfb]:main():lattice-best-path.cc:99) For utterance yweweler-3-0, best cost 92.238 + 3413.92 = 3506.16 over 37 frames.
yweweler-3-0 three 
LOG (lattice-best-path[5.5.510~1-68cfb]:main():lattice-best-path.cc:99) For utterance yweweler-3-1, best cost 88.3953 + 2698.6 = 2787 over 29 frames.
yweweler-3-1 three 
LOG (lattice-best-path[5.5.510~1-68cfb]:main():lattice-best-path.cc:99) For utterance yweweler-3-2, best cost 84.1311 + 1856.95 = 1941.08 over 23 frames.
yweweler-3-2 three 
LOG (lattice-best-path[5.5.510~1-68cfb]:main():lattice-best-path.cc:99) For utterance yweweler-3-3, best cost 93.9506 + 3461.39 = 3555.34 over 38 frames.
yweweler-3-3 three 
LOG (lattice-best-path[5.5.510~1-68cfb]:main():lattice-best-path.cc:99) For utterance yweweler-3-4, best cost 92.6632 + 3434.61 = 3527.27 over 38 frames.
yweweler-3-4 three 
LOG (lattice-best-path[5.5.510~1-68cfb]:main():lattice-best-path.cc:99) For utterance yweweler-4-0, best cost 92.2214 + 3623.35 = 3715.57 over 39 frames.
yweweler-4-0 four 
LOG (lattice-best-path[5.5.510~1-68cfb]:main():lattice-best-path.cc:99) For utterance yweweler-4-1, best cost 91.9347 + 3276.89 = 3368.83 over 37 frames.
yweweler-4-1 four 
LOG (lattice-best-path[5.5.510~1-68cfb]:main():lattice-best-path.cc:99) For utterance yweweler-4-2, best cost 88.2594 + 2532.48 = 2620.74 over 31 frames.
yweweler-4-2 four 
LOG (lattice-best-path[5.5.510~1-68cfb]:main():lattice-best-path.cc:99) For utterance yweweler-4-3, best cost 84.869 + 2125.18 = 2210.05 over 25 frames.
yweweler-4-3 four 
LOG (lattice-best-path[5.5.510~1-68cfb]:main():lattice-best-path.cc:99) For utterance yweweler-4-4, best cost 88.7965 + 2759.07 = 2847.86 over 33 frames.
yweweler-4-4 four 
LOG (lattice-best-path[5.5.510~1-68cfb]:main():lattice-best-path.cc:99) For utterance yweweler-5-0, best cost 90.8223 + 2375.84 = 2466.67 over 28 frames.
yweweler-5-0 five 
LOG (lattice-best-path[5.5.510~1-68cfb]:main():lattice-best-path.cc:99) For utterance yweweler-5-1, best cost 101.914 + 3526.12 = 3628.03 over 40 frames.
yweweler-5-1 five 
LOG (lattice-best-path[5.5.510~1-68cfb]:main():lattice-best-path.cc:99) For utterance yweweler-5-2, best cost 100.547 + 3115.4 = 3215.95 over 37 frames.
yweweler-5-2 five 
LOG (lattice-best-path[5.5.510~1-68cfb]:main():lattice-best-path.cc:99) For utterance yweweler-5-3, best cost 102.895 + 3431.77 = 3534.66 over 40 frames.
yweweler-5-3 five 
LOG (lattice-best-path[5.5.510~1-68cfb]:main():lattice-best-path.cc:99) For utterance yweweler-5-4, best cost 104.654 + 3983.67 = 4088.32 over 48 frames.
yweweler-5-4 five 
LOG (lattice-best-path[5.5.510~1-68cfb]:main():lattice-best-path.cc:99) For utterance yweweler-6-0, best cost 91.8494 + 2804.88 = 2896.73 over 31 frames.
yweweler-6-0 six 
LOG (lattice-best-path[5.5.510~1-68cfb]:main():lattice-best-path.cc:99) For utterance yweweler-6-1, best cost 81.4688 + 1369.41 = 1450.88 over 14 frames.
yweweler-6-1 three 
LOG (lattice-best-path[5.5.510~1-68cfb]:main():lattice-best-path.cc:99) For utterance yweweler-6-2, best cost 87.2434 + 1831.57 = 1918.82 over 21 frames.
yweweler-6-2 six 
LOG (lattice-best-path[5.5.510~1-68cfb]:main():lattice-best-path.cc:99) For utterance yweweler-6-3, best cost 82.0398 + 1148.88 = 1230.92 over 12 frames.
yweweler-6-3 six 
LOG (lattice-best-path[5.5.510~1-68cfb]:main():lattice-best-path.cc:99) For utterance yweweler-6-4, best cost 83.9533 + 1318.04 = 1401.99 over 16 frames.
yweweler-6-4 six 
LOG (lattice-best-path[5.5.510~1-68cfb]:main():lattice-best-path.cc:99) For utterance yweweler-7-0, best cost 102.844 + 3587 = 3689.84 over 42 frames.
yweweler-7-0 seven 
LOG (lattice-best-path[5.5.510~1-68cfb]:main():lattice-best-path.cc:99) For utterance yweweler-7-1, best cost 96.7078 + 3237.26 = 3333.97 over 37 frames.
yweweler-7-1 seven 
LOG (lattice-best-path[5.5.510~1-68cfb]:main():lattice-best-path.cc:99) For utterance yweweler-7-2, best cost 100.037 + 3476.84 = 3576.88 over 40 frames.
yweweler-7-2 seven 
LOG (lattice-best-path[5.5.510~1-68cfb]:main():lattice-best-path.cc:99) For utterance yweweler-7-3, best cost 105.907 + 3769.18 = 3875.09 over 40 frames.
yweweler-7-3 seven 
LOG (lattice-best-path[5.5.510~1-68cfb]:main():lattice-best-path.cc:99) For utterance yweweler-7-4, best cost 98.2726 + 2967.16 = 3065.44 over 34 frames.
yweweler-7-4 seven 
LOG (lattice-best-path[5.5.510~1-68cfb]:main():lattice-best-path.cc:99) For utterance yweweler-8-0, best cost 84.5335 + 2851.63 = 2936.17 over 30 frames.
yweweler-8-0 eight 
LOG (lattice-best-path[5.5.510~1-68cfb]:main():lattice-best-path.cc:99) For utterance yweweler-8-1, best cost 85.2231 + 2948.94 = 3034.17 over 33 frames.
yweweler-8-1 eight 
LOG (lattice-best-path[5.5.510~1-68cfb]:main():lattice-best-path.cc:99) For utterance yweweler-8-2, best cost 83.6831 + 2273.89 = 2357.57 over 25 frames.
yweweler-8-2 eight 
LOG (lattice-best-path[5.5.510~1-68cfb]:main():lattice-best-path.cc:99) For utterance yweweler-8-3, best cost 84.5289 + 2630.39 = 2714.92 over 30 frames.
yweweler-8-3 eight 
LOG (lattice-best-path[5.5.510~1-68cfb]:main():lattice-best-path.cc:99) For utterance yweweler-8-4, best cost 84.8049 + 2751.82 = 2836.62 over 31 frames.
yweweler-8-4 eight 
LOG (lattice-best-path[5.5.510~1-68cfb]:main():lattice-best-path.cc:99) For utterance yweweler-9-0, best cost 92.1189 + 2925.57 = 3017.69 over 34 frames.
yweweler-9-0 nine 
LOG (lattice-best-path[5.5.510~1-68cfb]:main():lattice-best-path.cc:99) For utterance yweweler-9-1, best cost 90.5578 + 2964.87 = 3055.43 over 37 frames.
yweweler-9-1 nine 
LOG (lattice-best-path[5.5.510~1-68cfb]:main():lattice-best-path.cc:99) For utterance yweweler-9-2, best cost 92.6689 + 3041.64 = 3134.31 over 38 frames.
yweweler-9-2 nine 
LOG (lattice-best-path[5.5.510~1-68cfb]:main():lattice-best-path.cc:99) For utterance yweweler-9-3, best cost 108.657 + 5137.17 = 5245.83 over 53 frames.
yweweler-9-3 nine 
LOG (lattice-best-path[5.5.510~1-68cfb]:main():lattice-best-path.cc:99) For utterance yweweler-9-4, best cost 93.5486 + 3227.79 = 3321.33 over 40 frames.
yweweler-9-4 nine 
LOG (lattice-best-path[5.5.510~1-68cfb]:main():lattice-best-path.cc:124) Overall cost per frame is 91.058 = 2.60844 [graph] + 88.4496 [acoustic] over 7161 frames.
LOG (lattice-best-path[5.5.510~1-68cfb]:main():lattice-best-path.cc:128) Done 200 lattices, failed for 0
# Accounting: time=1 threads=1
# Ended (code 0) at Mon Oct 14 16:04:33 DST 2019, elapsed time 1 seconds
