# lattice-best-path --lm-scale=14 --word-symbol-table=exp/mono/graph/words.txt "ark:gunzip -c exp/mono/decode/lat.*.gz|" ark,t:exp/mono/decode/scoring/14.tra 
# Started at Mon Oct 14 16:04:32 DST 2019
#
lattice-best-path --lm-scale=14 --word-symbol-table=exp/mono/graph/words.txt 'ark:gunzip -c exp/mono/decode/lat.*.gz|' ark,t:exp/mono/decode/scoring/14.tra 
LOG (lattice-best-path[5.5.510~1-68cfb]:main():lattice-best-path.cc:99) For utterance jackson-0-0, best cost 110.27 + 5848.07 = 5958.34 over 62 frames.
jackson-0-0 zero 
LOG (lattice-best-path[5.5.510~1-68cfb]:main():lattice-best-path.cc:99) For utterance jackson-0-1, best cost 104.676 + 4781.16 = 4885.84 over 51 frames.
jackson-0-1 zero 
LOG (lattice-best-path[5.5.510~1-68cfb]:main():lattice-best-path.cc:99) For utterance jackson-0-2, best cost 103.425 + 4615.23 = 4718.66 over 51 frames.
jackson-0-2 zero 
LOG (lattice-best-path[5.5.510~1-68cfb]:main():lattice-best-path.cc:99) For utterance jackson-0-3, best cost 104.614 + 5023.83 = 5128.45 over 58 frames.
jackson-0-3 zero 
LOG (lattice-best-path[5.5.510~1-68cfb]:main():lattice-best-path.cc:99) For utterance jackson-0-4, best cost 104.998 + 4605.26 = 4710.26 over 52 frames.
jackson-0-4 zero 
LOG (lattice-best-path[5.5.510~1-68cfb]:main():lattice-best-path.cc:99) For utterance jackson-1-0, best cost 113.311 + 4785.23 = 4898.54 over 50 frames.
jackson-1-0 one 
LOG (lattice-best-path[5.5.510~1-68cfb]:main():lattice-best-path.cc:99) For utterance jackson-1-1, best cost 111.064 + 4620.96 = 4732.03 over 51 frames.
jackson-1-1 one 
LOG (lattice-best-path[5.5.510~1-68cfb]:main():lattice-best-path.cc:99) For utterance jackson-1-2, best cost 108.88 + 4199.04 = 4307.92 over 46 frames.
jackson-1-2 one 
LOG (lattice-best-path[5.5.510~1-68cfb]:main():lattice-best-path.cc:99) For utterance jackson-1-3, best cost 110.037 + 4343.64 = 4453.68 over 48 frames.
jackson-1-3 one 
LOG (lattice-best-path[5.5.510~1-68cfb]:main():lattice-best-path.cc:99) For utterance jackson-1-4, best cost 110.209 + 4939.64 = 5049.85 over 51 frames.
jackson-1-4 one 
LOG (lattice-best-path[5.5.510~1-68cfb]:main():lattice-best-path.cc:99) For utterance jackson-2-0, best cost 96.2619 + 4265.71 = 4361.97 over 48 frames.
jackson-2-0 two 
LOG (lattice-best-path[5.5.510~1-68cfb]:main():lattice-best-path.cc:99) For utterance jackson-2-1, best cost 97.2021 + 4699.74 = 4796.95 over 53 frames.
jackson-2-1 two 
LOG (lattice-best-path[5.5.510~1-68cfb]:main():lattice-best-path.cc:99) For utterance jackson-2-2, best cost 94.2115 + 4008.31 = 4102.52 over 42 frames.
jackson-2-2 two 
LOG (lattice-best-path[5.5.510~1-68cfb]:main():lattice-best-path.cc:99) For utterance jackson-2-3, best cost 94.1806 + 4710.83 = 4805.01 over 48 frames.
jackson-2-3 two 
LOG (lattice-best-path[5.5.510~1-68cfb]:main():lattice-best-path.cc:99) For utterance jackson-2-4, best cost 96.0229 + 4142.66 = 4238.68 over 46 frames.
jackson-2-4 two 
LOG (lattice-best-path[5.5.510~1-68cfb]:main():lattice-best-path.cc:99) For utterance jackson-3-0, best cost 103.118 + 4330.42 = 4433.54 over 47 frames.
jackson-3-0 three 
LOG (lattice-best-path[5.5.510~1-68cfb]:main():lattice-best-path.cc:99) For utterance jackson-3-1, best cost 110.123 + 4231.5 = 4341.62 over 45 frames.
jackson-3-1 three 
LOG (lattice-best-path[5.5.510~1-68cfb]:main():lattice-best-path.cc:99) For utterance jackson-3-2, best cost 109.555 + 4419.4 = 4528.96 over 49 frames.
jackson-3-2 three 
LOG (lattice-best-path[5.5.510~1-68cfb]:main():lattice-best-path.cc:99) For utterance jackson-3-3, best cost 104.452 + 4477.88 = 4582.33 over 49 frames.
jackson-3-3 three 
LOG (lattice-best-path[5.5.510~1-68cfb]:main():lattice-best-path.cc:99) For utterance jackson-3-4, best cost 104.936 + 3799.98 = 3904.92 over 43 frames.
jackson-3-4 three 
LOG (lattice-best-path[5.5.510~1-68cfb]:main():lattice-best-path.cc:99) For utterance jackson-4-0, best cost 97.7509 + 4114.93 = 4212.68 over 44 frames.
jackson-4-0 four 
LOG (lattice-best-path[5.5.510~1-68cfb]:main():lattice-best-path.cc:99) For utterance jackson-4-1, best cost 95.0685 + 3544.91 = 3639.98 over 40 frames.
jackson-4-1 four 
LOG (lattice-best-path[5.5.510~1-68cfb]:main():lattice-best-path.cc:99) For utterance jackson-4-2, best cost 95.6509 + 3580.7 = 3676.35 over 40 frames.
jackson-4-2 four 
LOG (lattice-best-path[5.5.510~1-68cfb]:main():lattice-best-path.cc:99) For utterance jackson-4-3, best cost 95.2305 + 3578.34 = 3673.57 over 39 frames.
jackson-4-3 four 
LOG (lattice-best-path[5.5.510~1-68cfb]:main():lattice-best-path.cc:99) For utterance jackson-4-4, best cost 103.291 + 3692.76 = 3796.05 over 41 frames.
jackson-4-4 four 
LOG (lattice-best-path[5.5.510~1-68cfb]:main():lattice-best-path.cc:99) For utterance jackson-5-0, best cost 111.244 + 3503.74 = 3614.98 over 40 frames.
jackson-5-0 five 
LOG (lattice-best-path[5.5.510~1-68cfb]:main():lattice-best-path.cc:99) For utterance jackson-5-1, best cost 103.191 + 3431.58 = 3534.77 over 39 frames.
jackson-5-1 five 
LOG (lattice-best-path[5.5.510~1-68cfb]:main():lattice-best-path.cc:99) For utterance jackson-5-2, best cost 110.485 + 3831.14 = 3941.63 over 43 frames.
jackson-5-2 five 
LOG (lattice-best-path[5.5.510~1-68cfb]:main():lattice-best-path.cc:99) For utterance jackson-5-3, best cost 102.603 + 3320.3 = 3422.9 over 38 frames.
jackson-5-3 five 
LOG (lattice-best-path[5.5.510~1-68cfb]:main():lattice-best-path.cc:99) For utterance jackson-5-4, best cost 122.623 + 4756.67 = 4879.29 over 51 frames.
jackson-5-4 five 
LOG (lattice-best-path[5.5.510~1-68cfb]:main():lattice-best-path.cc:99) For utterance jackson-6-0, best cost 133.417 + 7499.37 = 7632.79 over 81 frames.
jackson-6-0 six 
LOG (lattice-best-path[5.5.510~1-68cfb]:main():lattice-best-path.cc:99) For utterance jackson-6-1, best cost 114.436 + 6214.84 = 6329.27 over 62 frames.
jackson-6-1 six 
LOG (lattice-best-path[5.5.510~1-68cfb]:main():lattice-best-path.cc:99) For utterance jackson-6-2, best cost 110.459 + 5430.74 = 5541.2 over 61 frames.
jackson-6-2 six 
LOG (lattice-best-path[5.5.510~1-68cfb]:main():lattice-best-path.cc:99) For utterance jackson-6-3, best cost 126.919 + 7812.88 = 7939.8 over 85 frames.
jackson-6-3 six 
LOG (lattice-best-path[5.5.510~1-68cfb]:main():lattice-best-path.cc:99) For utterance jackson-6-4, best cost 112.467 + 5638.24 = 5750.71 over 61 frames.
jackson-6-4 six 
LOG (lattice-best-path[5.5.510~1-68cfb]:main():lattice-best-path.cc:99) For utterance jackson-7-0, best cost 106.033 + 3825.66 = 3931.7 over 41 frames.
jackson-7-0 seven 
LOG (lattice-best-path[5.5.510~1-68cfb]:main():lattice-best-path.cc:99) For utterance jackson-7-1, best cost 109.555 + 3938.15 = 4047.71 over 45 frames.
jackson-7-1 seven 
LOG (lattice-best-path[5.5.510~1-68cfb]:main():lattice-best-path.cc:99) For utterance jackson-7-2, best cost 105.533 + 3245.88 = 3351.41 over 36 frames.
jackson-7-2 seven 
LOG (lattice-best-path[5.5.510~1-68cfb]:main():lattice-best-path.cc:99) For utterance jackson-7-3, best cost 107.382 + 3549.19 = 3656.58 over 41 frames.
jackson-7-3 seven 
LOG (lattice-best-path[5.5.510~1-68cfb]:main():lattice-best-path.cc:99) For utterance jackson-7-4, best cost 104.957 + 3854.52 = 3959.48 over 40 frames.
jackson-7-4 seven 
LOG (lattice-best-path[5.5.510~1-68cfb]:main():lattice-best-path.cc:99) For utterance jackson-8-0, best cost 98.3835 + 2960.47 = 3058.86 over 33 frames.
jackson-8-0 eight 
LOG (lattice-best-path[5.5.510~1-68cfb]:main():lattice-best-path.cc:99) For utterance jackson-8-1, best cost 93.7874 + 3454.25 = 3548.04 over 38 frames.
jackson-8-1 eight 
LOG (lattice-best-path[5.5.510~1-68cfb]:main():lattice-best-path.cc:99) For utterance jackson-8-2, best cost 91.9986 + 3393.33 = 3485.33 over 36 frames.
jackson-8-2 eight 
LOG (lattice-best-path[5.5.510~1-68cfb]:main():lattice-best-path.cc:99) For utterance jackson-8-3, best cost 91.8112 + 3437.38 = 3529.19 over 37 frames.
jackson-8-3 eight 
LOG (lattice-best-path[5.5.510~1-68cfb]:main():lattice-best-path.cc:99) For utterance jackson-8-4, best cost 92.3232 + 3592.12 = 3684.44 over 39 frames.
jackson-8-4 eight 
LOG (lattice-best-path[5.5.510~1-68cfb]:main():lattice-best-path.cc:99) For utterance jackson-9-0, best cost 108.872 + 5094.42 = 5203.29 over 58 frames.
jackson-9-0 nine 
LOG (lattice-best-path[5.5.510~1-68cfb]:main():lattice-best-path.cc:99) For utterance jackson-9-1, best cost 108.585 + 5057.39 = 5165.98 over 55 frames.
jackson-9-1 nine 
LOG (lattice-best-path[5.5.510~1-68cfb]:main():lattice-best-path.cc:99) For utterance jackson-9-2, best cost 144.427 + 5033.19 = 5177.62 over 56 frames.
jackson-9-2 nine 
LOG (lattice-best-path[5.5.510~1-68cfb]:main():lattice-best-path.cc:99) For utterance jackson-9-3, best cost 142.587 + 4697.5 = 4840.09 over 52 frames.
jackson-9-3 nine 
LOG (lattice-best-path[5.5.510~1-68cfb]:main():lattice-best-path.cc:99) For utterance jackson-9-4, best cost 142.775 + 4862.11 = 5004.89 over 56 frames.
jackson-9-4 nine 
LOG (lattice-best-path[5.5.510~1-68cfb]:main():lattice-best-path.cc:99) For utterance nicolas-0-0, best cost 101.48 + 3776.73 = 3878.21 over 42 frames.
nicolas-0-0 zero 
LOG (lattice-best-path[5.5.510~1-68cfb]:main():lattice-best-path.cc:99) For utterance nicolas-0-1, best cost 97.5471 + 3885.12 = 3982.67 over 45 frames.
nicolas-0-1 zero 
LOG (lattice-best-path[5.5.510~1-68cfb]:main():lattice-best-path.cc:99) For utterance nicolas-0-2, best cost 101.995 + 2892.81 = 2994.81 over 34 frames.
nicolas-0-2 zero 
LOG (lattice-best-path[5.5.510~1-68cfb]:main():lattice-best-path.cc:99) For utterance nicolas-0-3, best cost 103.774 + 4364.84 = 4468.62 over 53 frames.
nicolas-0-3 zero 
LOG (lattice-best-path[5.5.510~1-68cfb]:main():lattice-best-path.cc:99) For utterance nicolas-0-4, best cost 108.943 + 4067.1 = 4176.04 over 47 frames.
nicolas-0-4 zero 
LOG (lattice-best-path[5.5.510~1-68cfb]:main():lattice-best-path.cc:99) For utterance nicolas-1-0, best cost 104.61 + 2949.09 = 3053.71 over 35 frames.
nicolas-1-0 one 
LOG (lattice-best-path[5.5.510~1-68cfb]:main():lattice-best-path.cc:99) For utterance nicolas-1-1, best cost 99.3058 + 1987.51 = 2086.82 over 27 frames.
nicolas-1-1 one 
LOG (lattice-best-path[5.5.510~1-68cfb]:main():lattice-best-path.cc:99) For utterance nicolas-1-2, best cost 97.1132 + 1964.53 = 2061.65 over 24 frames.
nicolas-1-2 one 
LOG (lattice-best-path[5.5.510~1-68cfb]:main():lattice-best-path.cc:99) For utterance nicolas-1-3, best cost 98.8994 + 2203.85 = 2302.75 over 27 frames.
nicolas-1-3 one 
LOG (lattice-best-path[5.5.510~1-68cfb]:main():lattice-best-path.cc:99) For utterance nicolas-1-4, best cost 98.8431 + 2117.01 = 2215.86 over 27 frames.
nicolas-1-4 one 
LOG (lattice-best-path[5.5.510~1-68cfb]:main():lattice-best-path.cc:99) For utterance nicolas-2-0, best cost 98.8005 + 2871.95 = 2970.75 over 34 frames.
nicolas-2-0 two 
LOG (lattice-best-path[5.5.510~1-68cfb]:main():lattice-best-path.cc:99) For utterance nicolas-2-1, best cost 90.5037 + 2415.37 = 2505.88 over 28 frames.
nicolas-2-1 two 
LOG (lattice-best-path[5.5.510~1-68cfb]:main():lattice-best-path.cc:99) For utterance nicolas-2-2, best cost 100.143 + 2836.91 = 2937.05 over 34 frames.
nicolas-2-2 two 
LOG (lattice-best-path[5.5.510~1-68cfb]:main():lattice-best-path.cc:99) For utterance nicolas-2-3, best cost 88.0608 + 1746.09 = 1834.15 over 22 frames.
nicolas-2-3 two 
LOG (lattice-best-path[5.5.510~1-68cfb]:main():lattice-best-path.cc:99) For utterance nicolas-2-4, best cost 98.9554 + 2574.1 = 2673.05 over 31 frames.
nicolas-2-4 two 
LOG (lattice-best-path[5.5.510~1-68cfb]:main():lattice-best-path.cc:99) For utterance nicolas-3-0, best cost 95.9404 + 2657 = 2752.94 over 31 frames.
nicolas-3-0 three 
LOG (lattice-best-path[5.5.510~1-68cfb]:main():lattice-best-path.cc:99) For utterance nicolas-3-1, best cost 100.609 + 2556.64 = 2657.25 over 31 frames.
nicolas-3-1 three 
LOG (lattice-best-path[5.5.510~1-68cfb]:main():lattice-best-path.cc:99) For utterance nicolas-3-2, best cost 90.1492 + 1906.98 = 1997.12 over 24 frames.
nicolas-3-2 three 
LOG (lattice-best-path[5.5.510~1-68cfb]:main():lattice-best-path.cc:99) For utterance nicolas-3-3, best cost 89.6692 + 1680.3 = 1769.97 over 22 frames.
nicolas-3-3 three 
LOG (lattice-best-path[5.5.510~1-68cfb]:main():lattice-best-path.cc:99) For utterance nicolas-3-4, best cost 101.864 + 2839.16 = 2941.02 over 34 frames.
nicolas-3-4 three 
LOG (lattice-best-path[5.5.510~1-68cfb]:main():lattice-best-path.cc:99) For utterance nicolas-4-0, best cost 94.5689 + 2314.46 = 2409.03 over 29 frames.
nicolas-4-0 four 
LOG (lattice-best-path[5.5.510~1-68cfb]:main():lattice-best-path.cc:99) For utterance nicolas-4-1, best cost 97.6974 + 2904.06 = 3001.76 over 33 frames.
nicolas-4-1 four 
LOG (lattice-best-path[5.5.510~1-68cfb]:main():lattice-best-path.cc:99) For utterance nicolas-4-2, best cost 94.9389 + 2511 = 2605.94 over 29 frames.
nicolas-4-2 four 
LOG (lattice-best-path[5.5.510~1-68cfb]:main():lattice-best-path.cc:99) For utterance nicolas-4-3, best cost 94.1281 + 2523.13 = 2617.26 over 31 frames.
nicolas-4-3 four 
LOG (lattice-best-path[5.5.510~1-68cfb]:main():lattice-best-path.cc:99) For utterance nicolas-4-4, best cost 93.8483 + 2585.79 = 2679.64 over 30 frames.
nicolas-4-4 four 
LOG (lattice-best-path[5.5.510~1-68cfb]:main():lattice-best-path.cc:99) For utterance nicolas-5-0, best cost 98.4556 + 2436.83 = 2535.29 over 32 frames.
nicolas-5-0 five 
LOG (lattice-best-path[5.5.510~1-68cfb]:main():lattice-best-path.cc:99) For utterance nicolas-5-1, best cost 100.465 + 2877.75 = 2978.21 over 36 frames.
nicolas-5-1 five 
LOG (lattice-best-path[5.5.510~1-68cfb]:main():lattice-best-path.cc:99) For utterance nicolas-5-2, best cost 96.9476 + 2300.83 = 2397.77 over 29 frames.
nicolas-5-2 five 
LOG (lattice-best-path[5.5.510~1-68cfb]:main():lattice-best-path.cc:99) For utterance nicolas-5-3, best cost 99.876 + 2696.29 = 2796.16 over 34 frames.
nicolas-5-3 five 
LOG (lattice-best-path[5.5.510~1-68cfb]:main():lattice-best-path.cc:99) For utterance nicolas-5-4, best cost 99.536 + 2465.16 = 2564.69 over 33 frames.
nicolas-5-4 five 
LOG (lattice-best-path[5.5.510~1-68cfb]:main():lattice-best-path.cc:99) For utterance nicolas-6-0, best cost 99.7149 + 1948.6 = 2048.31 over 20 frames.
nicolas-6-0 six 
LOG (lattice-best-path[5.5.510~1-68cfb]:main():lattice-best-path.cc:99) For utterance nicolas-6-1, best cost 92.7547 + 1921.21 = 2013.97 over 21 frames.
nicolas-6-1 six 
LOG (lattice-best-path[5.5.510~1-68cfb]:main():lattice-best-path.cc:99) For utterance nicolas-6-2, best cost 102.525 + 2229.5 = 2332.02 over 24 frames.
nicolas-6-2 six 
LOG (lattice-best-path[5.5.510~1-68cfb]:main():lattice-best-path.cc:99) For utterance nicolas-6-3, best cost 113.883 + 3361.41 = 3475.29 over 37 frames.
nicolas-6-3 six 
LOG (lattice-best-path[5.5.510~1-68cfb]:main():lattice-best-path.cc:99) For utterance nicolas-6-4, best cost 121.285 + 3936.81 = 4058.1 over 45 frames.
nicolas-6-4 six 
LOG (lattice-best-path[5.5.510~1-68cfb]:main():lattice-best-path.cc:99) For utterance nicolas-7-0, best cost 110.039 + 2861.77 = 2971.81 over 35 frames.
nicolas-7-0 seven 
LOG (lattice-best-path[5.5.510~1-68cfb]:main():lattice-best-path.cc:99) For utterance nicolas-7-1, best cost 114.259 + 3677.86 = 3792.12 over 44 frames.
nicolas-7-1 seven 
LOG (lattice-best-path[5.5.510~1-68cfb]:main():lattice-best-path.cc:99) For utterance nicolas-7-2, best cost 112.256 + 3592.81 = 3705.06 over 43 frames.
nicolas-7-2 seven 
LOG (lattice-best-path[5.5.510~1-68cfb]:main():lattice-best-path.cc:99) For utterance nicolas-7-3, best cost 102.114 + 2777.39 = 2879.51 over 35 frames.
nicolas-7-3 seven 
LOG (lattice-best-path[5.5.510~1-68cfb]:main():lattice-best-path.cc:99) For utterance nicolas-7-4, best cost 113.425 + 3810.07 = 3923.5 over 43 frames.
nicolas-7-4 seven 
LOG (lattice-best-path[5.5.510~1-68cfb]:main():lattice-best-path.cc:99) For utterance nicolas-8-0, best cost 88.1742 + 1786.8 = 1874.97 over 21 frames.
nicolas-8-0 eight 
LOG (lattice-best-path[5.5.510~1-68cfb]:main():lattice-best-path.cc:99) For utterance nicolas-8-1, best cost 88.27 + 1952.25 = 2040.52 over 21 frames.
nicolas-8-1 eight 
LOG (lattice-best-path[5.5.510~1-68cfb]:main():lattice-best-path.cc:99) For utterance nicolas-8-2, best cost 88.3085 + 1894.03 = 1982.34 over 22 frames.
nicolas-8-2 eight 
LOG (lattice-best-path[5.5.510~1-68cfb]:main():lattice-best-path.cc:99) For utterance nicolas-8-3, best cost 88.5769 + 1941.17 = 2029.75 over 23 frames.
nicolas-8-3 eight 
LOG (lattice-best-path[5.5.510~1-68cfb]:main():lattice-best-path.cc:99) For utterance nicolas-8-4, best cost 88.7746 + 1950.41 = 2039.19 over 24 frames.
nicolas-8-4 eight 
LOG (lattice-best-path[5.5.510~1-68cfb]:main():lattice-best-path.cc:99) For utterance nicolas-9-0, best cost 99.2379 + 3415.89 = 3515.13 over 40 frames.
nicolas-9-0 nine 
LOG (lattice-best-path[5.5.510~1-68cfb]:main():lattice-best-path.cc:99) For utterance nicolas-9-1, best cost 104.203 + 3663.3 = 3767.51 over 47 frames.
nicolas-9-1 nine 
LOG (lattice-best-path[5.5.510~1-68cfb]:main():lattice-best-path.cc:99) For utterance nicolas-9-2, best cost 101.433 + 3230 = 3331.43 over 42 frames.
nicolas-9-2 nine 
LOG (lattice-best-path[5.5.510~1-68cfb]:main():lattice-best-path.cc:99) For utterance nicolas-9-3, best cost 101.031 + 3310.52 = 3411.55 over 42 frames.
nicolas-9-3 nine 
LOG (lattice-best-path[5.5.510~1-68cfb]:main():lattice-best-path.cc:99) For utterance nicolas-9-4, best cost 96.9676 + 2903.97 = 3000.94 over 34 frames.
nicolas-9-4 nine 
LOG (lattice-best-path[5.5.510~1-68cfb]:main():lattice-best-path.cc:99) For utterance theo-0-0, best cost 97.0806 + 3400.95 = 3498.03 over 37 frames.
theo-0-0 zero 
LOG (lattice-best-path[5.5.510~1-68cfb]:main():lattice-best-path.cc:99) For utterance theo-0-1, best cost 99.3536 + 2917.9 = 3017.25 over 33 frames.
theo-0-1 zero 
LOG (lattice-best-path[5.5.510~1-68cfb]:main():lattice-best-path.cc:99) For utterance theo-0-2, best cost 105.244 + 3030.92 = 3136.17 over 32 frames.
theo-0-2 zero 
LOG (lattice-best-path[5.5.510~1-68cfb]:main():lattice-best-path.cc:99) For utterance theo-0-3, best cost 95.6109 + 2854.75 = 2950.36 over 32 frames.
theo-0-3 zero 
LOG (lattice-best-path[5.5.510~1-68cfb]:main():lattice-best-path.cc:99) For utterance theo-0-4, best cost 96.7338 + 3258.79 = 3355.53 over 39 frames.
theo-0-4 zero 
LOG (lattice-best-path[5.5.510~1-68cfb]:main():lattice-best-path.cc:99) For utterance theo-1-0, best cost 96.3784 + 2026.62 = 2123 over 22 frames.
theo-1-0 one 
LOG (lattice-best-path[5.5.510~1-68cfb]:main():lattice-best-path.cc:99) For utterance theo-1-1, best cost 95.9175 + 1874.67 = 1970.59 over 21 frames.
theo-1-1 one 
LOG (lattice-best-path[5.5.510~1-68cfb]:main():lattice-best-path.cc:99) For utterance theo-1-2, best cost 93.5856 + 1663.82 = 1757.4 over 17 frames.
theo-1-2 one 
LOG (lattice-best-path[5.5.510~1-68cfb]:main():lattice-best-path.cc:99) For utterance theo-1-3, best cost 96.3627 + 2068.31 = 2164.67 over 23 frames.
theo-1-3 one 
LOG (lattice-best-path[5.5.510~1-68cfb]:main():lattice-best-path.cc:99) For utterance theo-1-4, best cost 94.912 + 1799.51 = 1894.42 over 20 frames.
theo-1-4 one 
LOG (lattice-best-path[5.5.510~1-68cfb]:main():lattice-best-path.cc:99) For utterance theo-2-0, best cost 88.3465 + 2027.3 = 2115.65 over 22 frames.
theo-2-0 two 
LOG (lattice-best-path[5.5.510~1-68cfb]:main():lattice-best-path.cc:99) For utterance theo-2-1, best cost 89.1995 + 1890.74 = 1979.94 over 21 frames.
theo-2-1 two 
LOG (lattice-best-path[5.5.510~1-68cfb]:main():lattice-best-path.cc:99) For utterance theo-2-2, best cost 105.994 + 4684.48 = 4790.47 over 51 frames.
theo-2-2 two 
LOG (lattice-best-path[5.5.510~1-68cfb]:main():lattice-best-path.cc:99) For utterance theo-2-3, best cost 88.4481 + 1661.37 = 1749.82 over 18 frames.
theo-2-3 two 
LOG (lattice-best-path[5.5.510~1-68cfb]:main():lattice-best-path.cc:99) For utterance theo-2-4, best cost 90.8746 + 2224.64 = 2315.52 over 25 frames.
theo-2-4 two 
LOG (lattice-best-path[5.5.510~1-68cfb]:main():lattice-best-path.cc:99) For utterance theo-3-0, best cost 94.0945 + 2116.88 = 2210.98 over 22 frames.
theo-3-0 three 
LOG (lattice-best-path[5.5.510~1-68cfb]:main():lattice-best-path.cc:99) For utterance theo-3-1, best cost 94.6191 + 2493.41 = 2588.03 over 26 frames.
theo-3-1 three 
LOG (lattice-best-path[5.5.510~1-68cfb]:main():lattice-best-path.cc:99) For utterance theo-3-2, best cost 95.6546 + 2444.95 = 2540.61 over 25 frames.
theo-3-2 three 
LOG (lattice-best-path[5.5.510~1-68cfb]:main():lattice-best-path.cc:99) For utterance theo-3-3, best cost 92.1141 + 1969.5 = 2061.61 over 21 frames.
theo-3-3 three 
LOG (lattice-best-path[5.5.510~1-68cfb]:main():lattice-best-path.cc:99) For utterance theo-3-4, best cost 93.922 + 1811.95 = 1905.87 over 20 frames.
theo-3-4 three 
LOG (lattice-best-path[5.5.510~1-68cfb]:main():lattice-best-path.cc:99) For utterance theo-4-0, best cost 92.9808 + 2240.24 = 2333.22 over 25 frames.
theo-4-0 four 
LOG (lattice-best-path[5.5.510~1-68cfb]:main():lattice-best-path.cc:99) For utterance theo-4-1, best cost 91.9695 + 2024.19 = 2116.16 over 23 frames.
theo-4-1 four 
LOG (lattice-best-path[5.5.510~1-68cfb]:main():lattice-best-path.cc:99) For utterance theo-4-2, best cost 90.7756 + 1791.4 = 1882.17 over 21 frames.
theo-4-2 four 
LOG (lattice-best-path[5.5.510~1-68cfb]:main():lattice-best-path.cc:99) For utterance theo-4-3, best cost 92.5047 + 2097.82 = 2190.32 over 23 frames.
theo-4-3 four 
LOG (lattice-best-path[5.5.510~1-68cfb]:main():lattice-best-path.cc:99) For utterance theo-4-4, best cost 93.4138 + 2403.22 = 2496.63 over 27 frames.
theo-4-4 four 
LOG (lattice-best-path[5.5.510~1-68cfb]:main():lattice-best-path.cc:99) For utterance theo-5-0, best cost 97.3818 + 2392.42 = 2489.81 over 28 frames.
theo-5-0 five 
LOG (lattice-best-path[5.5.510~1-68cfb]:main():lattice-best-path.cc:99) For utterance theo-5-1, best cost 96.5912 + 2257.15 = 2353.75 over 27 frames.
theo-5-1 five 
LOG (lattice-best-path[5.5.510~1-68cfb]:main():lattice-best-path.cc:99) For utterance theo-5-2, best cost 95.6047 + 2032.21 = 2127.82 over 25 frames.
theo-5-2 five 
LOG (lattice-best-path[5.5.510~1-68cfb]:main():lattice-best-path.cc:99) For utterance theo-5-3, best cost 96.1301 + 2247.36 = 2343.49 over 26 frames.
theo-5-3 five 
LOG (lattice-best-path[5.5.510~1-68cfb]:main():lattice-best-path.cc:99) For utterance theo-5-4, best cost 95.8626 + 2136.66 = 2232.52 over 26 frames.
theo-5-4 five 
LOG (lattice-best-path[5.5.510~1-68cfb]:main():lattice-best-path.cc:99) For utterance theo-6-0, best cost 105.017 + 4220.83 = 4325.85 over 47 frames.
theo-6-0 six 
LOG (lattice-best-path[5.5.510~1-68cfb]:main():lattice-best-path.cc:99) For utterance theo-6-1, best cost 108.783 + 4149.46 = 4258.24 over 46 frames.
theo-6-1 six 
LOG (lattice-best-path[5.5.510~1-68cfb]:main():lattice-best-path.cc:99) For utterance theo-6-2, best cost 104.796 + 4274.03 = 4378.83 over 48 frames.
theo-6-2 six 
LOG (lattice-best-path[5.5.510~1-68cfb]:main():lattice-best-path.cc:99) For utterance theo-6-3, best cost 104.74 + 4232.79 = 4337.53 over 46 frames.
theo-6-3 six 
LOG (lattice-best-path[5.5.510~1-68cfb]:main():lattice-best-path.cc:99) For utterance theo-6-4, best cost 105.668 + 4215 = 4320.67 over 46 frames.
theo-6-4 six 
LOG (lattice-best-path[5.5.510~1-68cfb]:main():lattice-best-path.cc:99) For utterance theo-7-0, best cost 105.13 + 3570.56 = 3675.7 over 41 frames.
theo-7-0 seven 
LOG (lattice-best-path[5.5.510~1-68cfb]:main():lattice-best-path.cc:99) For utterance theo-7-1, best cost 105.178 + 2900.84 = 3006.02 over 34 frames.
theo-7-1 seven 
LOG (lattice-best-path[5.5.510~1-68cfb]:main():lattice-best-path.cc:99) For utterance theo-7-2, best cost 96.1552 + 2132.84 = 2228.99 over 23 frames.
theo-7-2 seven 
LOG (lattice-best-path[5.5.510~1-68cfb]:main():lattice-best-path.cc:99) For utterance theo-7-3, best cost 99.0415 + 2463.72 = 2562.76 over 27 frames.
theo-7-3 seven 
LOG (lattice-best-path[5.5.510~1-68cfb]:main():lattice-best-path.cc:99) For utterance theo-7-4, best cost 104.368 + 3616.24 = 3720.61 over 41 frames.
theo-7-4 seven 
LOG (lattice-best-path[5.5.510~1-68cfb]:main():lattice-best-path.cc:99) For utterance theo-8-0, best cost 92.7207 + 3051.86 = 3144.58 over 34 frames.
theo-8-0 eight 
LOG (lattice-best-path[5.5.510~1-68cfb]:main():lattice-best-path.cc:99) For utterance theo-8-1, best cost 92.0099 + 2800.67 = 2892.68 over 30 frames.
theo-8-1 eight 
LOG (lattice-best-path[5.5.510~1-68cfb]:main():lattice-best-path.cc:99) For utterance theo-8-2, best cost 92.6744 + 3198.78 = 3291.45 over 34 frames.
theo-8-2 eight 
LOG (lattice-best-path[5.5.510~1-68cfb]:main():lattice-best-path.cc:99) For utterance theo-8-3, best cost 90.4019 + 2325.33 = 2415.73 over 27 frames.
theo-8-3 eight 
LOG (lattice-best-path[5.5.510~1-68cfb]:main():lattice-best-path.cc:99) For utterance theo-8-4, best cost 99.2471 + 2862.82 = 2962.07 over 33 frames.
theo-8-4 eight 
LOG (lattice-best-path[5.5.510~1-68cfb]:main():lattice-best-path.cc:99) For utterance theo-9-0, best cost 97.0133 + 3128.02 = 3225.04 over 36 frames.
theo-9-0 nine 
LOG (lattice-best-path[5.5.510~1-68cfb]:main():lattice-best-path.cc:99) For utterance theo-9-1, best cost 94.0917 + 2565.85 = 2659.94 over 27 frames.
theo-9-1 nine 
LOG (lattice-best-path[5.5.510~1-68cfb]:main():lattice-best-path.cc:99) For utterance theo-9-2, best cost 94.7934 + 2321.8 = 2416.59 over 26 frames.
theo-9-2 nine 
LOG (lattice-best-path[5.5.510~1-68cfb]:main():lattice-best-path.cc:99) For utterance theo-9-3, best cost 103.22 + 3721.13 = 3824.35 over 43 frames.
theo-9-3 nine 
LOG (lattice-best-path[5.5.510~1-68cfb]:main():lattice-best-path.cc:99) For utterance theo-9-4, best cost 100.598 + 3366.47 = 3467.07 over 42 frames.
theo-9-4 nine 
LOG (lattice-best-path[5.5.510~1-68cfb]:main():lattice-best-path.cc:99) For utterance yweweler-0-0, best cost 99.1836 + 3348.22 = 3447.4 over 37 frames.
yweweler-0-0 zero 
LOG (lattice-best-path[5.5.510~1-68cfb]:main():lattice-best-path.cc:99) For utterance yweweler-0-1, best cost 99.9908 + 2948.84 = 3048.83 over 31 frames.
yweweler-0-1 zero 
LOG (lattice-best-path[5.5.510~1-68cfb]:main():lattice-best-path.cc:99) For utterance yweweler-0-2, best cost 100.155 + 2736.4 = 2836.56 over 33 frames.
yweweler-0-2 zero 
LOG (lattice-best-path[5.5.510~1-68cfb]:main():lattice-best-path.cc:99) For utterance yweweler-0-3, best cost 97.3608 + 2886.38 = 2983.74 over 34 frames.
yweweler-0-3 zero 
LOG (lattice-best-path[5.5.510~1-68cfb]:main():lattice-best-path.cc:99) For utterance yweweler-0-4, best cost 96.9333 + 2654.05 = 2750.98 over 30 frames.
yweweler-0-4 zero 
LOG (lattice-best-path[5.5.510~1-68cfb]:main():lattice-best-path.cc:99) For utterance yweweler-1-0, best cost 110.731 + 3905.57 = 4016.3 over 40 frames.
yweweler-1-0 one 
LOG (lattice-best-path[5.5.510~1-68cfb]:main():lattice-best-path.cc:99) For utterance yweweler-1-1, best cost 92.2196 + 1602 = 1694.22 over 20 frames.
yweweler-1-1 one 
LOG (lattice-best-path[5.5.510~1-68cfb]:main():lattice-best-path.cc:99) For utterance yweweler-1-2, best cost 101.081 + 2715.69 = 2816.77 over 32 frames.
yweweler-1-2 one 
LOG (lattice-best-path[5.5.510~1-68cfb]:main():lattice-best-path.cc:99) For utterance yweweler-1-3, best cost 100.176 + 2560.56 = 2660.74 over 29 frames.
yweweler-1-3 one 
LOG (lattice-best-path[5.5.510~1-68cfb]:main():lattice-best-path.cc:99) For utterance yweweler-1-4, best cost 99.5026 + 2442.28 = 2541.78 over 28 frames.
yweweler-1-4 one 
LOG (lattice-best-path[5.5.510~1-68cfb]:main():lattice-best-path.cc:99) For utterance yweweler-2-0, best cost 89.7152 + 2379.06 = 2468.77 over 25 frames.
yweweler-2-0 two 
LOG (lattice-best-path[5.5.510~1-68cfb]:main():lattice-best-path.cc:99) For utterance yweweler-2-1, best cost 90.6128 + 2797.51 = 2888.12 over 28 frames.
yweweler-2-1 two 
LOG (lattice-best-path[5.5.510~1-68cfb]:main():lattice-best-path.cc:99) For utterance yweweler-2-2, best cost 92.0887 + 2016.29 = 2108.38 over 22 frames.
yweweler-2-2 two 
LOG (lattice-best-path[5.5.510~1-68cfb]:main():lattice-best-path.cc:99) For utterance yweweler-2-3, best cost 93.9454 + 2371.51 = 2465.46 over 26 frames.
yweweler-2-3 two 
LOG (lattice-best-path[5.5.510~1-68cfb]:main():lattice-best-path.cc:99) For utterance yweweler-2-4, best cost 91.2349 + 2311.39 = 2402.62 over 27 frames.
yweweler-2-4 two 
LOG (lattice-best-path[5.5.510~1-68cfb]:main():lattice-best-path.cc:99) For utterance yweweler-3-0, best cost 99.3332 + 3413.92 = 3513.25 over 37 frames.
yweweler-3-0 three 
LOG (lattice-best-path[5.5.510~1-68cfb]:main():lattice-best-path.cc:99) For utterance yweweler-3-1, best cost 95.1949 + 2698.6 = 2793.8 over 29 frames.
yweweler-3-1 three 
LOG (lattice-best-path[5.5.510~1-68cfb]:main():lattice-best-path.cc:99) For utterance yweweler-3-2, best cost 90.6027 + 1856.95 = 1947.55 over 23 frames.
yweweler-3-2 three 
LOG (lattice-best-path[5.5.510~1-68cfb]:main():lattice-best-path.cc:99) For utterance yweweler-3-3, best cost 101.178 + 3461.39 = 3562.57 over 38 frames.
yweweler-3-3 three 
LOG (lattice-best-path[5.5.510~1-68cfb]:main():lattice-best-path.cc:99) For utterance yweweler-3-4, best cost 99.7912 + 3434.61 = 3534.4 over 38 frames.
yweweler-3-4 three 
LOG (lattice-best-path[5.5.510~1-68cfb]:main():lattice-best-path.cc:99) For utterance yweweler-4-0, best cost 99.3154 + 3623.35 = 3722.66 over 39 frames.
yweweler-4-0 four 
LOG (lattice-best-path[5.5.510~1-68cfb]:main():lattice-best-path.cc:99) For utterance yweweler-4-1, best cost 99.0066 + 3276.89 = 3375.9 over 37 frames.
yweweler-4-1 four 
LOG (lattice-best-path[5.5.510~1-68cfb]:main():lattice-best-path.cc:99) For utterance yweweler-4-2, best cost 95.0485 + 2532.48 = 2627.53 over 31 frames.
yweweler-4-2 four 
LOG (lattice-best-path[5.5.510~1-68cfb]:main():lattice-best-path.cc:99) For utterance yweweler-4-3, best cost 91.3974 + 2125.18 = 2216.58 over 25 frames.
yweweler-4-3 four 
LOG (lattice-best-path[5.5.510~1-68cfb]:main():lattice-best-path.cc:99) For utterance yweweler-4-4, best cost 95.627 + 2759.07 = 2854.69 over 33 frames.
yweweler-4-4 four 
LOG (lattice-best-path[5.5.510~1-68cfb]:main():lattice-best-path.cc:99) For utterance yweweler-5-0, best cost 97.8087 + 2375.84 = 2473.65 over 28 frames.
yweweler-5-0 five 
LOG (lattice-best-path[5.5.510~1-68cfb]:main():lattice-best-path.cc:99) For utterance yweweler-5-1, best cost 109.753 + 3526.12 = 3635.87 over 40 frames.
yweweler-5-1 five 
LOG (lattice-best-path[5.5.510~1-68cfb]:main():lattice-best-path.cc:99) For utterance yweweler-5-2, best cost 108.281 + 3115.4 = 3223.68 over 37 frames.
yweweler-5-2 five 
LOG (lattice-best-path[5.5.510~1-68cfb]:main():lattice-best-path.cc:99) For utterance yweweler-5-3, best cost 110.81 + 3431.77 = 3542.57 over 40 frames.
yweweler-5-3 five 
LOG (lattice-best-path[5.5.510~1-68cfb]:main():lattice-best-path.cc:99) For utterance yweweler-5-4, best cost 112.704 + 3983.67 = 4096.37 over 48 frames.
yweweler-5-4 five 
LOG (lattice-best-path[5.5.510~1-68cfb]:main():lattice-best-path.cc:99) For utterance yweweler-6-0, best cost 98.9147 + 2804.88 = 2903.79 over 31 frames.
yweweler-6-0 six 
LOG (lattice-best-path[5.5.510~1-68cfb]:main():lattice-best-path.cc:99) For utterance yweweler-6-1, best cost 87.7357 + 1369.41 = 1457.15 over 14 frames.
yweweler-6-1 three 
LOG (lattice-best-path[5.5.510~1-68cfb]:main():lattice-best-path.cc:99) For utterance yweweler-6-2, best cost 93.9545 + 1831.57 = 1925.53 over 21 frames.
yweweler-6-2 six 
LOG (lattice-best-path[5.5.510~1-68cfb]:main():lattice-best-path.cc:99) For utterance yweweler-6-3, best cost 88.3505 + 1148.88 = 1237.23 over 12 frames.
yweweler-6-3 six 
LOG (lattice-best-path[5.5.510~1-68cfb]:main():lattice-best-path.cc:99) For utterance yweweler-6-4, best cost 90.4113 + 1318.04 = 1408.45 over 16 frames.
yweweler-6-4 six 
LOG (lattice-best-path[5.5.510~1-68cfb]:main():lattice-best-path.cc:99) For utterance yweweler-7-0, best cost 110.755 + 3587 = 3697.75 over 42 frames.
yweweler-7-0 seven 
LOG (lattice-best-path[5.5.510~1-68cfb]:main():lattice-best-path.cc:99) For utterance yweweler-7-1, best cost 104.147 + 3237.26 = 3341.41 over 37 frames.
yweweler-7-1 seven 
LOG (lattice-best-path[5.5.510~1-68cfb]:main():lattice-best-path.cc:99) For utterance yweweler-7-2, best cost 107.732 + 3476.84 = 3584.58 over 40 frames.
yweweler-7-2 seven 
LOG (lattice-best-path[5.5.510~1-68cfb]:main():lattice-best-path.cc:99) For utterance yweweler-7-3, best cost 114.054 + 3769.18 = 3883.23 over 40 frames.
yweweler-7-3 seven 
LOG (lattice-best-path[5.5.510~1-68cfb]:main():lattice-best-path.cc:99) For utterance yweweler-7-4, best cost 105.832 + 2967.16 = 3073 over 34 frames.
yweweler-7-4 seven 
LOG (lattice-best-path[5.5.510~1-68cfb]:main():lattice-best-path.cc:99) For utterance yweweler-8-0, best cost 91.0361 + 2851.63 = 2942.67 over 30 frames.
yweweler-8-0 eight 
LOG (lattice-best-path[5.5.510~1-68cfb]:main():lattice-best-path.cc:99) For utterance yweweler-8-1, best cost 91.7787 + 2948.94 = 3040.72 over 33 frames.
yweweler-8-1 eight 
LOG (lattice-best-path[5.5.510~1-68cfb]:main():lattice-best-path.cc:99) For utterance yweweler-8-2, best cost 90.1203 + 2273.89 = 2364.01 over 25 frames.
yweweler-8-2 eight 
LOG (lattice-best-path[5.5.510~1-68cfb]:main():lattice-best-path.cc:99) For utterance yweweler-8-3, best cost 91.0311 + 2630.39 = 2721.42 over 30 frames.
yweweler-8-3 eight 
LOG (lattice-best-path[5.5.510~1-68cfb]:main():lattice-best-path.cc:99) For utterance yweweler-8-4, best cost 91.3284 + 2751.82 = 2843.15 over 31 frames.
yweweler-8-4 eight 
LOG (lattice-best-path[5.5.510~1-68cfb]:main():lattice-best-path.cc:99) For utterance yweweler-9-0, best cost 99.205 + 2925.57 = 3024.78 over 34 frames.
yweweler-9-0 nine 
LOG (lattice-best-path[5.5.510~1-68cfb]:main():lattice-best-path.cc:99) For utterance yweweler-9-1, best cost 97.5238 + 2964.87 = 3062.39 over 37 frames.
yweweler-9-1 nine 
LOG (lattice-best-path[5.5.510~1-68cfb]:main():lattice-best-path.cc:99) For utterance yweweler-9-2, best cost 99.7972 + 3041.64 = 3141.43 over 38 frames.
yweweler-9-2 nine 
LOG (lattice-best-path[5.5.510~1-68cfb]:main():lattice-best-path.cc:99) For utterance yweweler-9-3, best cost 117.015 + 5137.17 = 5254.19 over 53 frames.
yweweler-9-3 nine 
LOG (lattice-best-path[5.5.510~1-68cfb]:main():lattice-best-path.cc:99) For utterance yweweler-9-4, best cost 100.745 + 3227.79 = 3328.53 over 40 frames.
yweweler-9-4 nine 
LOG (lattice-best-path[5.5.510~1-68cfb]:main():lattice-best-path.cc:124) Overall cost per frame is 91.2587 = 2.80908 [graph] + 88.4496 [acoustic] over 7161 frames.
LOG (lattice-best-path[5.5.510~1-68cfb]:main():lattice-best-path.cc:128) Done 200 lattices, failed for 0
# Accounting: time=1 threads=1
# Ended (code 0) at Mon Oct 14 16:04:33 DST 2019, elapsed time 1 seconds
