# gmm-latgen-faster --max-active=7000 --beam=13.0 --lattice-beam=6.0 --acoustic-scale=0.083333 --allow-partial=true --word-symbol-table=exp/tri1/graph/words.txt exp/tri1/final.mdl exp/tri1/graph/HCLG.fst "ark,s,cs:apply-cmvn  --utt2spk=ark:data/test/split1/1/utt2spk scp:data/test/split1/1/cmvn.scp scp:data/test/split1/1/feats.scp ark:- | add-deltas  ark:- ark:- |" "ark:|gzip -c > exp/tri1/decode/lat.1.gz" 
# Started at Mon Oct 14 16:06:42 DST 2019
#
gmm-latgen-faster --max-active=7000 --beam=13.0 --lattice-beam=6.0 --acoustic-scale=0.083333 --allow-partial=true --word-symbol-table=exp/tri1/graph/words.txt exp/tri1/final.mdl exp/tri1/graph/HCLG.fst 'ark,s,cs:apply-cmvn  --utt2spk=ark:data/test/split1/1/utt2spk scp:data/test/split1/1/cmvn.scp scp:data/test/split1/1/feats.scp ark:- | add-deltas  ark:- ark:- |' 'ark:|gzip -c > exp/tri1/decode/lat.1.gz' 
add-deltas ark:- ark:- 
apply-cmvn --utt2spk=ark:data/test/split1/1/utt2spk scp:data/test/split1/1/cmvn.scp scp:data/test/split1/1/feats.scp ark:- 
jackson-0-0 zero one 
LOG (gmm-latgen-faster[5.5.510~1-68cfb]:DecodeUtteranceLatticeFaster():decoder-wrappers.cc:289) Log-like per frame for utterance jackson-0-0 is -8.18595 over 62 frames.
jackson-0-1 zero 
LOG (gmm-latgen-faster[5.5.510~1-68cfb]:DecodeUtteranceLatticeFaster():decoder-wrappers.cc:289) Log-like per frame for utterance jackson-0-1 is -7.9886 over 51 frames.
jackson-0-2 zero 
LOG (gmm-latgen-faster[5.5.510~1-68cfb]:DecodeUtteranceLatticeFaster():decoder-wrappers.cc:289) Log-like per frame for utterance jackson-0-2 is -7.70872 over 51 frames.
jackson-0-3 zero 
LOG (gmm-latgen-faster[5.5.510~1-68cfb]:DecodeUtteranceLatticeFaster():decoder-wrappers.cc:289) Log-like per frame for utterance jackson-0-3 is -7.4256 over 58 frames.
jackson-0-4 zero 
LOG (gmm-latgen-faster[5.5.510~1-68cfb]:DecodeUtteranceLatticeFaster():decoder-wrappers.cc:289) Log-like per frame for utterance jackson-0-4 is -7.55032 over 52 frames.
jackson-1-0 one 
LOG (gmm-latgen-faster[5.5.510~1-68cfb]:DecodeUtteranceLatticeFaster():decoder-wrappers.cc:289) Log-like per frame for utterance jackson-1-0 is -8.36991 over 50 frames.
jackson-1-1 one 
LOG (gmm-latgen-faster[5.5.510~1-68cfb]:DecodeUtteranceLatticeFaster():decoder-wrappers.cc:289) Log-like per frame for utterance jackson-1-1 is -7.92659 over 51 frames.
jackson-1-2 one 
LOG (gmm-latgen-faster[5.5.510~1-68cfb]:DecodeUtteranceLatticeFaster():decoder-wrappers.cc:289) Log-like per frame for utterance jackson-1-2 is -7.97211 over 46 frames.
jackson-1-3 one 
LOG (gmm-latgen-faster[5.5.510~1-68cfb]:DecodeUtteranceLatticeFaster():decoder-wrappers.cc:289) Log-like per frame for utterance jackson-1-3 is -7.97331 over 48 frames.
jackson-1-4 one 
LOG (gmm-latgen-faster[5.5.510~1-68cfb]:DecodeUtteranceLatticeFaster():decoder-wrappers.cc:289) Log-like per frame for utterance jackson-1-4 is -8.48404 over 51 frames.
jackson-2-0 two 
LOG (gmm-latgen-faster[5.5.510~1-68cfb]:DecodeUtteranceLatticeFaster():decoder-wrappers.cc:289) Log-like per frame for utterance jackson-2-0 is -7.55815 over 48 frames.
jackson-2-1 two 
LOG (gmm-latgen-faster[5.5.510~1-68cfb]:DecodeUtteranceLatticeFaster():decoder-wrappers.cc:289) Log-like per frame for utterance jackson-2-1 is -7.45455 over 53 frames.
jackson-2-2 two 
LOG (gmm-latgen-faster[5.5.510~1-68cfb]:DecodeUtteranceLatticeFaster():decoder-wrappers.cc:289) Log-like per frame for utterance jackson-2-2 is -8.27763 over 42 frames.
jackson-2-3 two 
LOG (gmm-latgen-faster[5.5.510~1-68cfb]:DecodeUtteranceLatticeFaster():decoder-wrappers.cc:289) Log-like per frame for utterance jackson-2-3 is -8.49583 over 48 frames.
jackson-2-4 two 
LOG (gmm-latgen-faster[5.5.510~1-68cfb]:DecodeUtteranceLatticeFaster():decoder-wrappers.cc:289) Log-like per frame for utterance jackson-2-4 is -7.7458 over 46 frames.
jackson-3-0 three 
LOG (gmm-latgen-faster[5.5.510~1-68cfb]:DecodeUtteranceLatticeFaster():decoder-wrappers.cc:289) Log-like per frame for utterance jackson-3-0 is -8.01312 over 47 frames.
jackson-3-1 three 
LOG (gmm-latgen-faster[5.5.510~1-68cfb]:DecodeUtteranceLatticeFaster():decoder-wrappers.cc:289) Log-like per frame for utterance jackson-3-1 is -8.00774 over 45 frames.
jackson-3-2 three 
LOG (gmm-latgen-faster[5.5.510~1-68cfb]:DecodeUtteranceLatticeFaster():decoder-wrappers.cc:289) Log-like per frame for utterance jackson-3-2 is -7.45813 over 49 frames.
jackson-3-3 three 
LOG (gmm-latgen-faster[5.5.510~1-68cfb]:DecodeUtteranceLatticeFaster():decoder-wrappers.cc:289) Log-like per frame for utterance jackson-3-3 is -7.7624 over 49 frames.
jackson-3-4 three 
LOG (gmm-latgen-faster[5.5.510~1-68cfb]:DecodeUtteranceLatticeFaster():decoder-wrappers.cc:289) Log-like per frame for utterance jackson-3-4 is -7.67057 over 43 frames.
jackson-4-0 four 
LOG (gmm-latgen-faster[5.5.510~1-68cfb]:DecodeUtteranceLatticeFaster():decoder-wrappers.cc:289) Log-like per frame for utterance jackson-4-0 is -8.02761 over 44 frames.
jackson-4-1 four 
LOG (gmm-latgen-faster[5.5.510~1-68cfb]:DecodeUtteranceLatticeFaster():decoder-wrappers.cc:289) Log-like per frame for utterance jackson-4-1 is -7.71373 over 40 frames.
jackson-4-2 four 
LOG (gmm-latgen-faster[5.5.510~1-68cfb]:DecodeUtteranceLatticeFaster():decoder-wrappers.cc:289) Log-like per frame for utterance jackson-4-2 is -7.81427 over 40 frames.
jackson-4-3 four 
LOG (gmm-latgen-faster[5.5.510~1-68cfb]:DecodeUtteranceLatticeFaster():decoder-wrappers.cc:289) Log-like per frame for utterance jackson-4-3 is -7.86563 over 39 frames.
jackson-4-4 four 
LOG (gmm-latgen-faster[5.5.510~1-68cfb]:DecodeUtteranceLatticeFaster():decoder-wrappers.cc:289) Log-like per frame for utterance jackson-4-4 is -7.83515 over 41 frames.
jackson-5-0 five 
LOG (gmm-latgen-faster[5.5.510~1-68cfb]:DecodeUtteranceLatticeFaster():decoder-wrappers.cc:289) Log-like per frame for utterance jackson-5-0 is -7.51986 over 40 frames.
jackson-5-1 five 
LOG (gmm-latgen-faster[5.5.510~1-68cfb]:DecodeUtteranceLatticeFaster():decoder-wrappers.cc:289) Log-like per frame for utterance jackson-5-1 is -7.61451 over 39 frames.
jackson-5-2 five 
LOG (gmm-latgen-faster[5.5.510~1-68cfb]:DecodeUtteranceLatticeFaster():decoder-wrappers.cc:289) Log-like per frame for utterance jackson-5-2 is -7.7636 over 43 frames.
jackson-5-3 five 
LOG (gmm-latgen-faster[5.5.510~1-68cfb]:DecodeUtteranceLatticeFaster():decoder-wrappers.cc:289) Log-like per frame for utterance jackson-5-3 is -7.56059 over 38 frames.
jackson-5-4 five 
LOG (gmm-latgen-faster[5.5.510~1-68cfb]:DecodeUtteranceLatticeFaster():decoder-wrappers.cc:289) Log-like per frame for utterance jackson-5-4 is -8.02488 over 51 frames.
jackson-6-0 six 
LOG (gmm-latgen-faster[5.5.510~1-68cfb]:DecodeUtteranceLatticeFaster():decoder-wrappers.cc:289) Log-like per frame for utterance jackson-6-0 is -7.97277 over 81 frames.
jackson-6-1 six 
LOG (gmm-latgen-faster[5.5.510~1-68cfb]:DecodeUtteranceLatticeFaster():decoder-wrappers.cc:289) Log-like per frame for utterance jackson-6-1 is -8.73932 over 62 frames.
jackson-6-2 six 
LOG (gmm-latgen-faster[5.5.510~1-68cfb]:DecodeUtteranceLatticeFaster():decoder-wrappers.cc:289) Log-like per frame for utterance jackson-6-2 is -7.60719 over 61 frames.
jackson-6-3 six 
LOG (gmm-latgen-faster[5.5.510~1-68cfb]:DecodeUtteranceLatticeFaster():decoder-wrappers.cc:289) Log-like per frame for utterance jackson-6-3 is -7.94248 over 85 frames.
jackson-6-4 six 
LOG (gmm-latgen-faster[5.5.510~1-68cfb]:DecodeUtteranceLatticeFaster():decoder-wrappers.cc:289) Log-like per frame for utterance jackson-6-4 is -7.95726 over 61 frames.
jackson-7-0 seven 
LOG (gmm-latgen-faster[5.5.510~1-68cfb]:DecodeUtteranceLatticeFaster():decoder-wrappers.cc:289) Log-like per frame for utterance jackson-7-0 is -7.88936 over 41 frames.
jackson-7-1 seven 
LOG (gmm-latgen-faster[5.5.510~1-68cfb]:DecodeUtteranceLatticeFaster():decoder-wrappers.cc:289) Log-like per frame for utterance jackson-7-1 is -7.41171 over 45 frames.
jackson-7-2 seven 
LOG (gmm-latgen-faster[5.5.510~1-68cfb]:DecodeUtteranceLatticeFaster():decoder-wrappers.cc:289) Log-like per frame for utterance jackson-7-2 is -7.89126 over 36 frames.
jackson-7-3 seven 
LOG (gmm-latgen-faster[5.5.510~1-68cfb]:DecodeUtteranceLatticeFaster():decoder-wrappers.cc:289) Log-like per frame for utterance jackson-7-3 is -7.30162 over 41 frames.
jackson-7-4 seven 
LOG (gmm-latgen-faster[5.5.510~1-68cfb]:DecodeUtteranceLatticeFaster():decoder-wrappers.cc:289) Log-like per frame for utterance jackson-7-4 is -8.26754 over 40 frames.
jackson-8-0 eight 
LOG (gmm-latgen-faster[5.5.510~1-68cfb]:DecodeUtteranceLatticeFaster():decoder-wrappers.cc:289) Log-like per frame for utterance jackson-8-0 is -7.69509 over 33 frames.
jackson-8-1 eight 
LOG (gmm-latgen-faster[5.5.510~1-68cfb]:DecodeUtteranceLatticeFaster():decoder-wrappers.cc:289) Log-like per frame for utterance jackson-8-1 is -7.845 over 38 frames.
jackson-8-2 eight 
LOG (gmm-latgen-faster[5.5.510~1-68cfb]:DecodeUtteranceLatticeFaster():decoder-wrappers.cc:289) Log-like per frame for utterance jackson-8-2 is -8.18428 over 36 frames.
jackson-8-3 eight 
LOG (gmm-latgen-faster[5.5.510~1-68cfb]:DecodeUtteranceLatticeFaster():decoder-wrappers.cc:289) Log-like per frame for utterance jackson-8-3 is -8.18262 over 37 frames.
jackson-8-4 eight 
LOG (gmm-latgen-faster[5.5.510~1-68cfb]:DecodeUtteranceLatticeFaster():decoder-wrappers.cc:289) Log-like per frame for utterance jackson-8-4 is -7.84316 over 39 frames.
jackson-9-0 nine 
LOG (gmm-latgen-faster[5.5.510~1-68cfb]:DecodeUtteranceLatticeFaster():decoder-wrappers.cc:289) Log-like per frame for utterance jackson-9-0 is -7.5989 over 58 frames.
jackson-9-1 nine 
LOG (gmm-latgen-faster[5.5.510~1-68cfb]:DecodeUtteranceLatticeFaster():decoder-wrappers.cc:289) Log-like per frame for utterance jackson-9-1 is -7.74869 over 55 frames.
jackson-9-2 nine 
LOG (gmm-latgen-faster[5.5.510~1-68cfb]:DecodeUtteranceLatticeFaster():decoder-wrappers.cc:289) Log-like per frame for utterance jackson-9-2 is -7.65437 over 56 frames.
jackson-9-3 nine 
LOG (gmm-latgen-faster[5.5.510~1-68cfb]:DecodeUtteranceLatticeFaster():decoder-wrappers.cc:289) Log-like per frame for utterance jackson-9-3 is -7.70482 over 52 frames.
jackson-9-4 nine 
LOG (gmm-latgen-faster[5.5.510~1-68cfb]:DecodeUtteranceLatticeFaster():decoder-wrappers.cc:289) Log-like per frame for utterance jackson-9-4 is -7.32046 over 56 frames.
nicolas-0-0 zero 
LOG (gmm-latgen-faster[5.5.510~1-68cfb]:DecodeUtteranceLatticeFaster():decoder-wrappers.cc:289) Log-like per frame for utterance nicolas-0-0 is -7.84344 over 42 frames.
nicolas-0-1 zero 
LOG (gmm-latgen-faster[5.5.510~1-68cfb]:DecodeUtteranceLatticeFaster():decoder-wrappers.cc:289) Log-like per frame for utterance nicolas-0-1 is -7.39499 over 45 frames.
nicolas-0-2 zero 
LOG (gmm-latgen-faster[5.5.510~1-68cfb]:DecodeUtteranceLatticeFaster():decoder-wrappers.cc:289) Log-like per frame for utterance nicolas-0-2 is -7.46772 over 34 frames.
nicolas-0-3 zero 
LOG (gmm-latgen-faster[5.5.510~1-68cfb]:DecodeUtteranceLatticeFaster():decoder-wrappers.cc:289) Log-like per frame for utterance nicolas-0-3 is -7.04818 over 53 frames.
nicolas-0-4 zero 
LOG (gmm-latgen-faster[5.5.510~1-68cfb]:DecodeUtteranceLatticeFaster():decoder-wrappers.cc:289) Log-like per frame for utterance nicolas-0-4 is -7.50393 over 47 frames.
nicolas-1-0 one 
LOG (gmm-latgen-faster[5.5.510~1-68cfb]:DecodeUtteranceLatticeFaster():decoder-wrappers.cc:289) Log-like per frame for utterance nicolas-1-0 is -7.3012 over 35 frames.
nicolas-1-1 one 
LOG (gmm-latgen-faster[5.5.510~1-68cfb]:DecodeUtteranceLatticeFaster():decoder-wrappers.cc:289) Log-like per frame for utterance nicolas-1-1 is -6.32651 over 27 frames.
nicolas-1-2 one 
LOG (gmm-latgen-faster[5.5.510~1-68cfb]:DecodeUtteranceLatticeFaster():decoder-wrappers.cc:289) Log-like per frame for utterance nicolas-1-2 is -7.15628 over 24 frames.
nicolas-1-3 one 
LOG (gmm-latgen-faster[5.5.510~1-68cfb]:DecodeUtteranceLatticeFaster():decoder-wrappers.cc:289) Log-like per frame for utterance nicolas-1-3 is -7.03771 over 27 frames.
nicolas-1-4 one 
LOG (gmm-latgen-faster[5.5.510~1-68cfb]:DecodeUtteranceLatticeFaster():decoder-wrappers.cc:289) Log-like per frame for utterance nicolas-1-4 is -6.72214 over 27 frames.
nicolas-2-0 two 
LOG (gmm-latgen-faster[5.5.510~1-68cfb]:DecodeUtteranceLatticeFaster():decoder-wrappers.cc:289) Log-like per frame for utterance nicolas-2-0 is -7.28173 over 34 frames.
nicolas-2-1 two 
LOG (gmm-latgen-faster[5.5.510~1-68cfb]:DecodeUtteranceLatticeFaster():decoder-wrappers.cc:289) Log-like per frame for utterance nicolas-2-1 is -7.58067 over 28 frames.
nicolas-2-2 two 
LOG (gmm-latgen-faster[5.5.510~1-68cfb]:DecodeUtteranceLatticeFaster():decoder-wrappers.cc:289) Log-like per frame for utterance nicolas-2-2 is -7.09407 over 34 frames.
nicolas-2-3 two 
LOG (gmm-latgen-faster[5.5.510~1-68cfb]:DecodeUtteranceLatticeFaster():decoder-wrappers.cc:289) Log-like per frame for utterance nicolas-2-3 is -6.77516 over 22 frames.
nicolas-2-4 two 
LOG (gmm-latgen-faster[5.5.510~1-68cfb]:DecodeUtteranceLatticeFaster():decoder-wrappers.cc:289) Log-like per frame for utterance nicolas-2-4 is -7.08167 over 31 frames.
nicolas-3-0 three 
LOG (gmm-latgen-faster[5.5.510~1-68cfb]:DecodeUtteranceLatticeFaster():decoder-wrappers.cc:289) Log-like per frame for utterance nicolas-3-0 is -7.45675 over 31 frames.
nicolas-3-1 three 
LOG (gmm-latgen-faster[5.5.510~1-68cfb]:DecodeUtteranceLatticeFaster():decoder-wrappers.cc:289) Log-like per frame for utterance nicolas-3-1 is -6.98494 over 31 frames.
nicolas-3-2 three 
LOG (gmm-latgen-faster[5.5.510~1-68cfb]:DecodeUtteranceLatticeFaster():decoder-wrappers.cc:289) Log-like per frame for utterance nicolas-3-2 is -6.93007 over 24 frames.
nicolas-3-3 three 
LOG (gmm-latgen-faster[5.5.510~1-68cfb]:DecodeUtteranceLatticeFaster():decoder-wrappers.cc:289) Log-like per frame for utterance nicolas-3-3 is -6.47676 over 22 frames.
nicolas-3-4 three 
LOG (gmm-latgen-faster[5.5.510~1-68cfb]:DecodeUtteranceLatticeFaster():decoder-wrappers.cc:289) Log-like per frame for utterance nicolas-3-4 is -7.1314 over 34 frames.
nicolas-4-0 four 
LOG (gmm-latgen-faster[5.5.510~1-68cfb]:DecodeUtteranceLatticeFaster():decoder-wrappers.cc:289) Log-like per frame for utterance nicolas-4-0 is -7.02985 over 29 frames.
nicolas-4-1 four 
LOG (gmm-latgen-faster[5.5.510~1-68cfb]:DecodeUtteranceLatticeFaster():decoder-wrappers.cc:289) Log-like per frame for utterance nicolas-4-1 is -7.71568 over 33 frames.
nicolas-4-2 four 
LOG (gmm-latgen-faster[5.5.510~1-68cfb]:DecodeUtteranceLatticeFaster():decoder-wrappers.cc:289) Log-like per frame for utterance nicolas-4-2 is -7.59657 over 29 frames.
nicolas-4-3 four 
LOG (gmm-latgen-faster[5.5.510~1-68cfb]:DecodeUtteranceLatticeFaster():decoder-wrappers.cc:289) Log-like per frame for utterance nicolas-4-3 is -7.04074 over 31 frames.
nicolas-4-4 four 
LOG (gmm-latgen-faster[5.5.510~1-68cfb]:DecodeUtteranceLatticeFaster():decoder-wrappers.cc:289) Log-like per frame for utterance nicolas-4-4 is -7.31056 over 30 frames.
nicolas-5-0 five 
LOG (gmm-latgen-faster[5.5.510~1-68cfb]:DecodeUtteranceLatticeFaster():decoder-wrappers.cc:289) Log-like per frame for utterance nicolas-5-0 is -6.54898 over 32 frames.
nicolas-5-1 five 
LOG (gmm-latgen-faster[5.5.510~1-68cfb]:DecodeUtteranceLatticeFaster():decoder-wrappers.cc:289) Log-like per frame for utterance nicolas-5-1 is -6.98401 over 36 frames.
nicolas-5-2 five 
LOG (gmm-latgen-faster[5.5.510~1-68cfb]:DecodeUtteranceLatticeFaster():decoder-wrappers.cc:289) Log-like per frame for utterance nicolas-5-2 is -6.91957 over 29 frames.
nicolas-5-3 five 
LOG (gmm-latgen-faster[5.5.510~1-68cfb]:DecodeUtteranceLatticeFaster():decoder-wrappers.cc:289) Log-like per frame for utterance nicolas-5-3 is -6.80076 over 34 frames.
nicolas-5-4 five 
LOG (gmm-latgen-faster[5.5.510~1-68cfb]:DecodeUtteranceLatticeFaster():decoder-wrappers.cc:289) Log-like per frame for utterance nicolas-5-4 is -6.29406 over 33 frames.
nicolas-6-0 six 
LOG (gmm-latgen-faster[5.5.510~1-68cfb]:DecodeUtteranceLatticeFaster():decoder-wrappers.cc:289) Log-like per frame for utterance nicolas-6-0 is -8.56268 over 20 frames.
nicolas-6-1 six 
LOG (gmm-latgen-faster[5.5.510~1-68cfb]:DecodeUtteranceLatticeFaster():decoder-wrappers.cc:289) Log-like per frame for utterance nicolas-6-1 is -8.15332 over 21 frames.
nicolas-6-2 six 
LOG (gmm-latgen-faster[5.5.510~1-68cfb]:DecodeUtteranceLatticeFaster():decoder-wrappers.cc:289) Log-like per frame for utterance nicolas-6-2 is -8.10765 over 24 frames.
nicolas-6-3 six 
LOG (gmm-latgen-faster[5.5.510~1-68cfb]:DecodeUtteranceLatticeFaster():decoder-wrappers.cc:289) Log-like per frame for utterance nicolas-6-3 is -7.78081 over 37 frames.
nicolas-6-4 six 
LOG (gmm-latgen-faster[5.5.510~1-68cfb]:DecodeUtteranceLatticeFaster():decoder-wrappers.cc:289) Log-like per frame for utterance nicolas-6-4 is -7.43824 over 45 frames.
nicolas-7-0 seven 
LOG (gmm-latgen-faster[5.5.510~1-68cfb]:DecodeUtteranceLatticeFaster():decoder-wrappers.cc:289) Log-like per frame for utterance nicolas-7-0 is -6.98242 over 35 frames.
nicolas-7-1 seven 
LOG (gmm-latgen-faster[5.5.510~1-68cfb]:DecodeUtteranceLatticeFaster():decoder-wrappers.cc:289) Log-like per frame for utterance nicolas-7-1 is -7.11998 over 44 frames.
nicolas-7-2 seven 
LOG (gmm-latgen-faster[5.5.510~1-68cfb]:DecodeUtteranceLatticeFaster():decoder-wrappers.cc:289) Log-like per frame for utterance nicolas-7-2 is -7.19854 over 43 frames.
nicolas-7-3 seven 
LOG (gmm-latgen-faster[5.5.510~1-68cfb]:DecodeUtteranceLatticeFaster():decoder-wrappers.cc:289) Log-like per frame for utterance nicolas-7-3 is -6.91885 over 35 frames.
nicolas-7-4 seven 
LOG (gmm-latgen-faster[5.5.510~1-68cfb]:DecodeUtteranceLatticeFaster():decoder-wrappers.cc:289) Log-like per frame for utterance nicolas-7-4 is -7.6987 over 43 frames.
nicolas-8-0 eight 
LOG (gmm-latgen-faster[5.5.510~1-68cfb]:DecodeUtteranceLatticeFaster():decoder-wrappers.cc:289) Log-like per frame for utterance nicolas-8-0 is -7.52601 over 21 frames.
nicolas-8-1 eight 
LOG (gmm-latgen-faster[5.5.510~1-68cfb]:DecodeUtteranceLatticeFaster():decoder-wrappers.cc:289) Log-like per frame for utterance nicolas-8-1 is -8.43643 over 21 frames.
nicolas-8-2 eight 
LOG (gmm-latgen-faster[5.5.510~1-68cfb]:DecodeUtteranceLatticeFaster():decoder-wrappers.cc:289) Log-like per frame for utterance nicolas-8-2 is -7.45647 over 22 frames.
nicolas-8-3 eight 
LOG (gmm-latgen-faster[5.5.510~1-68cfb]:DecodeUtteranceLatticeFaster():decoder-wrappers.cc:289) Log-like per frame for utterance nicolas-8-3 is -7.3737 over 23 frames.
nicolas-8-4 eight 
LOG (gmm-latgen-faster[5.5.510~1-68cfb]:DecodeUtteranceLatticeFaster():decoder-wrappers.cc:289) Log-like per frame for utterance nicolas-8-4 is -7.07354 over 24 frames.
nicolas-9-0 nine 
LOG (gmm-latgen-faster[5.5.510~1-68cfb]:DecodeUtteranceLatticeFaster():decoder-wrappers.cc:289) Log-like per frame for utterance nicolas-9-0 is -7.57497 over 40 frames.
nicolas-9-1 nine 
LOG (gmm-latgen-faster[5.5.510~1-68cfb]:DecodeUtteranceLatticeFaster():decoder-wrappers.cc:289) Log-like per frame for utterance nicolas-9-1 is -6.64517 over 47 frames.
nicolas-9-2 nine 
LOG (gmm-latgen-faster[5.5.510~1-68cfb]:DecodeUtteranceLatticeFaster():decoder-wrappers.cc:289) Log-like per frame for utterance nicolas-9-2 is -6.65005 over 42 frames.
nicolas-9-3 nine 
LOG (gmm-latgen-faster[5.5.510~1-68cfb]:DecodeUtteranceLatticeFaster():decoder-wrappers.cc:289) Log-like per frame for utterance nicolas-9-3 is -6.84563 over 42 frames.
nicolas-9-4 nine 
LOG (gmm-latgen-faster[5.5.510~1-68cfb]:DecodeUtteranceLatticeFaster():decoder-wrappers.cc:289) Log-like per frame for utterance nicolas-9-4 is -7.5686 over 34 frames.
theo-0-0 zero 
LOG (gmm-latgen-faster[5.5.510~1-68cfb]:DecodeUtteranceLatticeFaster():decoder-wrappers.cc:289) Log-like per frame for utterance theo-0-0 is -8.22882 over 37 frames.
theo-0-1 zero 
LOG (gmm-latgen-faster[5.5.510~1-68cfb]:DecodeUtteranceLatticeFaster():decoder-wrappers.cc:289) Log-like per frame for utterance theo-0-1 is -7.70167 over 33 frames.
theo-0-2 zero 
LOG (gmm-latgen-faster[5.5.510~1-68cfb]:DecodeUtteranceLatticeFaster():decoder-wrappers.cc:289) Log-like per frame for utterance theo-0-2 is -8.21684 over 32 frames.
theo-0-3 zero 
LOG (gmm-latgen-faster[5.5.510~1-68cfb]:DecodeUtteranceLatticeFaster():decoder-wrappers.cc:289) Log-like per frame for utterance theo-0-3 is -7.9274 over 32 frames.
theo-0-4 zero 
LOG (gmm-latgen-faster[5.5.510~1-68cfb]:DecodeUtteranceLatticeFaster():decoder-wrappers.cc:289) Log-like per frame for utterance theo-0-4 is -7.09916 over 39 frames.
theo-1-0 one 
LOG (gmm-latgen-faster[5.5.510~1-68cfb]:DecodeUtteranceLatticeFaster():decoder-wrappers.cc:289) Log-like per frame for utterance theo-1-0 is -7.95156 over 22 frames.
theo-1-1 one 
LOG (gmm-latgen-faster[5.5.510~1-68cfb]:DecodeUtteranceLatticeFaster():decoder-wrappers.cc:289) Log-like per frame for utterance theo-1-1 is -7.75307 over 21 frames.
theo-1-2 one 
LOG (gmm-latgen-faster[5.5.510~1-68cfb]:DecodeUtteranceLatticeFaster():decoder-wrappers.cc:289) Log-like per frame for utterance theo-1-2 is -8.46812 over 17 frames.
theo-1-3 one 
LOG (gmm-latgen-faster[5.5.510~1-68cfb]:DecodeUtteranceLatticeFaster():decoder-wrappers.cc:289) Log-like per frame for utterance theo-1-3 is -7.81121 over 23 frames.
theo-1-4 one 
LOG (gmm-latgen-faster[5.5.510~1-68cfb]:DecodeUtteranceLatticeFaster():decoder-wrappers.cc:289) Log-like per frame for utterance theo-1-4 is -7.90094 over 20 frames.
theo-2-0 two 
LOG (gmm-latgen-faster[5.5.510~1-68cfb]:DecodeUtteranceLatticeFaster():decoder-wrappers.cc:289) Log-like per frame for utterance theo-2-0 is -7.96813 over 22 frames.
theo-2-1 two 
LOG (gmm-latgen-faster[5.5.510~1-68cfb]:DecodeUtteranceLatticeFaster():decoder-wrappers.cc:289) Log-like per frame for utterance theo-2-1 is -7.74444 over 21 frames.
theo-2-2 two 
LOG (gmm-latgen-faster[5.5.510~1-68cfb]:DecodeUtteranceLatticeFaster():decoder-wrappers.cc:289) Log-like per frame for utterance theo-2-2 is -7.99452 over 51 frames.
theo-2-3 two 
LOG (gmm-latgen-faster[5.5.510~1-68cfb]:DecodeUtteranceLatticeFaster():decoder-wrappers.cc:289) Log-like per frame for utterance theo-2-3 is -8.17062 over 18 frames.
theo-2-4 two 
LOG (gmm-latgen-faster[5.5.510~1-68cfb]:DecodeUtteranceLatticeFaster():decoder-wrappers.cc:289) Log-like per frame for utterance theo-2-4 is -7.52824 over 25 frames.
theo-3-0 three 
LOG (gmm-latgen-faster[5.5.510~1-68cfb]:DecodeUtteranceLatticeFaster():decoder-wrappers.cc:289) Log-like per frame for utterance theo-3-0 is -8.41077 over 22 frames.
theo-3-1 three 
LOG (gmm-latgen-faster[5.5.510~1-68cfb]:DecodeUtteranceLatticeFaster():decoder-wrappers.cc:289) Log-like per frame for utterance theo-3-1 is -8.17615 over 26 frames.
theo-3-2 three 
LOG (gmm-latgen-faster[5.5.510~1-68cfb]:DecodeUtteranceLatticeFaster():decoder-wrappers.cc:289) Log-like per frame for utterance theo-3-2 is -8.47381 over 25 frames.
theo-3-3 three 
LOG (gmm-latgen-faster[5.5.510~1-68cfb]:DecodeUtteranceLatticeFaster():decoder-wrappers.cc:289) Log-like per frame for utterance theo-3-3 is -8.08826 over 21 frames.
theo-3-4 three 
LOG (gmm-latgen-faster[5.5.510~1-68cfb]:DecodeUtteranceLatticeFaster():decoder-wrappers.cc:289) Log-like per frame for utterance theo-3-4 is -7.70762 over 20 frames.
theo-4-0 four 
LOG (gmm-latgen-faster[5.5.510~1-68cfb]:DecodeUtteranceLatticeFaster():decoder-wrappers.cc:289) Log-like per frame for utterance theo-4-0 is -7.68549 over 25 frames.
theo-4-1 four 
LOG (gmm-latgen-faster[5.5.510~1-68cfb]:DecodeUtteranceLatticeFaster():decoder-wrappers.cc:289) Log-like per frame for utterance theo-4-1 is -7.69047 over 23 frames.
theo-4-2 four 
LOG (gmm-latgen-faster[5.5.510~1-68cfb]:DecodeUtteranceLatticeFaster():decoder-wrappers.cc:289) Log-like per frame for utterance theo-4-2 is -7.49025 over 21 frames.
theo-4-3 four 
LOG (gmm-latgen-faster[5.5.510~1-68cfb]:DecodeUtteranceLatticeFaster():decoder-wrappers.cc:289) Log-like per frame for utterance theo-4-3 is -7.93474 over 23 frames.
theo-4-4 four 
LOG (gmm-latgen-faster[5.5.510~1-68cfb]:DecodeUtteranceLatticeFaster():decoder-wrappers.cc:289) Log-like per frame for utterance theo-4-4 is -7.60303 over 27 frames.
theo-5-0 five 
LOG (gmm-latgen-faster[5.5.510~1-68cfb]:DecodeUtteranceLatticeFaster():decoder-wrappers.cc:289) Log-like per frame for utterance theo-5-0 is -7.38735 over 28 frames.
theo-5-1 five 
LOG (gmm-latgen-faster[5.5.510~1-68cfb]:DecodeUtteranceLatticeFaster():decoder-wrappers.cc:289) Log-like per frame for utterance theo-5-1 is -7.27381 over 27 frames.
theo-5-2 five 
LOG (gmm-latgen-faster[5.5.510~1-68cfb]:DecodeUtteranceLatticeFaster():decoder-wrappers.cc:289) Log-like per frame for utterance theo-5-2 is -7.1693 over 25 frames.
theo-5-3 five 
LOG (gmm-latgen-faster[5.5.510~1-68cfb]:DecodeUtteranceLatticeFaster():decoder-wrappers.cc:289) Log-like per frame for utterance theo-5-3 is -7.63026 over 26 frames.
theo-5-4 five 
LOG (gmm-latgen-faster[5.5.510~1-68cfb]:DecodeUtteranceLatticeFaster():decoder-wrappers.cc:289) Log-like per frame for utterance theo-5-4 is -7.09106 over 26 frames.
theo-6-0 six 
LOG (gmm-latgen-faster[5.5.510~1-68cfb]:DecodeUtteranceLatticeFaster():decoder-wrappers.cc:289) Log-like per frame for utterance theo-6-0 is -7.74041 over 47 frames.
theo-6-1 six 
LOG (gmm-latgen-faster[5.5.510~1-68cfb]:DecodeUtteranceLatticeFaster():decoder-wrappers.cc:289) Log-like per frame for utterance theo-6-1 is -7.76757 over 46 frames.
theo-6-2 six 
LOG (gmm-latgen-faster[5.5.510~1-68cfb]:DecodeUtteranceLatticeFaster():decoder-wrappers.cc:289) Log-like per frame for utterance theo-6-2 is -7.7078 over 48 frames.
theo-6-3 six 
LOG (gmm-latgen-faster[5.5.510~1-68cfb]:DecodeUtteranceLatticeFaster():decoder-wrappers.cc:289) Log-like per frame for utterance theo-6-3 is -7.91098 over 46 frames.
theo-6-4 six 
LOG (gmm-latgen-faster[5.5.510~1-68cfb]:DecodeUtteranceLatticeFaster():decoder-wrappers.cc:289) Log-like per frame for utterance theo-6-4 is -7.89235 over 46 frames.
theo-7-0 seven 
LOG (gmm-latgen-faster[5.5.510~1-68cfb]:DecodeUtteranceLatticeFaster():decoder-wrappers.cc:289) Log-like per frame for utterance theo-7-0 is -7.52613 over 41 frames.
theo-7-1 seven 
LOG (gmm-latgen-faster[5.5.510~1-68cfb]:DecodeUtteranceLatticeFaster():decoder-wrappers.cc:289) Log-like per frame for utterance theo-7-1 is -7.38988 over 34 frames.
theo-7-2 seven 
LOG (gmm-latgen-faster[5.5.510~1-68cfb]:DecodeUtteranceLatticeFaster():decoder-wrappers.cc:289) Log-like per frame for utterance theo-7-2 is -8.10933 over 23 frames.
theo-7-3 seven 
LOG (gmm-latgen-faster[5.5.510~1-68cfb]:DecodeUtteranceLatticeFaster():decoder-wrappers.cc:289) Log-like per frame for utterance theo-7-3 is -7.97993 over 27 frames.
theo-7-4 seven 
LOG (gmm-latgen-faster[5.5.510~1-68cfb]:DecodeUtteranceLatticeFaster():decoder-wrappers.cc:289) Log-like per frame for utterance theo-7-4 is -7.572 over 41 frames.
theo-8-0 eight 
LOG (gmm-latgen-faster[5.5.510~1-68cfb]:DecodeUtteranceLatticeFaster():decoder-wrappers.cc:289) Log-like per frame for utterance theo-8-0 is -7.8508 over 34 frames.
theo-8-1 eight 
LOG (gmm-latgen-faster[5.5.510~1-68cfb]:DecodeUtteranceLatticeFaster():decoder-wrappers.cc:289) Log-like per frame for utterance theo-8-1 is -8.01164 over 30 frames.
theo-8-2 eight 
LOG (gmm-latgen-faster[5.5.510~1-68cfb]:DecodeUtteranceLatticeFaster():decoder-wrappers.cc:289) Log-like per frame for utterance theo-8-2 is -8.0314 over 34 frames.
theo-8-3 eight 
LOG (gmm-latgen-faster[5.5.510~1-68cfb]:DecodeUtteranceLatticeFaster():decoder-wrappers.cc:289) Log-like per frame for utterance theo-8-3 is -7.44889 over 27 frames.
theo-8-4 eight 
LOG (gmm-latgen-faster[5.5.510~1-68cfb]:DecodeUtteranceLatticeFaster():decoder-wrappers.cc:289) Log-like per frame for utterance theo-8-4 is -7.53969 over 33 frames.
theo-9-0 nine 
LOG (gmm-latgen-faster[5.5.510~1-68cfb]:DecodeUtteranceLatticeFaster():decoder-wrappers.cc:289) Log-like per frame for utterance theo-9-0 is -7.41402 over 36 frames.
LOG (apply-cmvn[5.5.510~1-68cfb]:main():apply-cmvn.cc:162) Applied cepstral mean normalization to 200 utterances, errors on 0
theo-9-1 nine 
LOG (gmm-latgen-faster[5.5.510~1-68cfb]:DecodeUtteranceLatticeFaster():decoder-wrappers.cc:289) Log-like per frame for utterance theo-9-1 is -8.38285 over 27 frames.
theo-9-2 nine 
LOG (gmm-latgen-faster[5.5.510~1-68cfb]:DecodeUtteranceLatticeFaster():decoder-wrappers.cc:289) Log-like per frame for utterance theo-9-2 is -7.75013 over 26 frames.
theo-9-3 nine 
LOG (gmm-latgen-faster[5.5.510~1-68cfb]:DecodeUtteranceLatticeFaster():decoder-wrappers.cc:289) Log-like per frame for utterance theo-9-3 is -7.31832 over 43 frames.
theo-9-4 nine 
LOG (gmm-latgen-faster[5.5.510~1-68cfb]:DecodeUtteranceLatticeFaster():decoder-wrappers.cc:289) Log-like per frame for utterance theo-9-4 is -6.75891 over 42 frames.
yweweler-0-0 zero 
LOG (gmm-latgen-faster[5.5.510~1-68cfb]:DecodeUtteranceLatticeFaster():decoder-wrappers.cc:289) Log-like per frame for utterance yweweler-0-0 is -7.7465 over 37 frames.
yweweler-0-1 zero 
LOG (gmm-latgen-faster[5.5.510~1-68cfb]:DecodeUtteranceLatticeFaster():decoder-wrappers.cc:289) Log-like per frame for utterance yweweler-0-1 is -8.25614 over 31 frames.
yweweler-0-2 zero 
LOG (gmm-latgen-faster[5.5.510~1-68cfb]:DecodeUtteranceLatticeFaster():decoder-wrappers.cc:289) Log-like per frame for utterance yweweler-0-2 is -7.09714 over 33 frames.
yweweler-0-3 zero 
LOG (gmm-latgen-faster[5.5.510~1-68cfb]:DecodeUtteranceLatticeFaster():decoder-wrappers.cc:289) Log-like per frame for utterance yweweler-0-3 is -7.38431 over 34 frames.
yweweler-0-4 zero 
LOG (gmm-latgen-faster[5.5.510~1-68cfb]:DecodeUtteranceLatticeFaster():decoder-wrappers.cc:289) Log-like per frame for utterance yweweler-0-4 is -7.52602 over 30 frames.
yweweler-1-0 one 
LOG (gmm-latgen-faster[5.5.510~1-68cfb]:DecodeUtteranceLatticeFaster():decoder-wrappers.cc:289) Log-like per frame for utterance yweweler-1-0 is -8.45052 over 40 frames.
yweweler-1-1 one 
LOG (gmm-latgen-faster[5.5.510~1-68cfb]:DecodeUtteranceLatticeFaster():decoder-wrappers.cc:289) Log-like per frame for utterance yweweler-1-1 is -7.02235 over 20 frames.
yweweler-1-2 one 
LOG (gmm-latgen-faster[5.5.510~1-68cfb]:DecodeUtteranceLatticeFaster():decoder-wrappers.cc:289) Log-like per frame for utterance yweweler-1-2 is -7.30427 over 32 frames.
yweweler-1-3 one 
LOG (gmm-latgen-faster[5.5.510~1-68cfb]:DecodeUtteranceLatticeFaster():decoder-wrappers.cc:289) Log-like per frame for utterance yweweler-1-3 is -7.74143 over 29 frames.
yweweler-1-4 one 
LOG (gmm-latgen-faster[5.5.510~1-68cfb]:DecodeUtteranceLatticeFaster():decoder-wrappers.cc:289) Log-like per frame for utterance yweweler-1-4 is -7.57547 over 28 frames.
yweweler-2-0 two 
LOG (gmm-latgen-faster[5.5.510~1-68cfb]:DecodeUtteranceLatticeFaster():decoder-wrappers.cc:289) Log-like per frame for utterance yweweler-2-0 is -8.18305 over 25 frames.
yweweler-2-1 two 
LOG (gmm-latgen-faster[5.5.510~1-68cfb]:DecodeUtteranceLatticeFaster():decoder-wrappers.cc:289) Log-like per frame for utterance yweweler-2-1 is -8.80263 over 28 frames.
yweweler-2-2 two 
LOG (gmm-latgen-faster[5.5.510~1-68cfb]:DecodeUtteranceLatticeFaster():decoder-wrappers.cc:289) Log-like per frame for utterance yweweler-2-2 is -7.80226 over 22 frames.
yweweler-2-3 two 
LOG (gmm-latgen-faster[5.5.510~1-68cfb]:DecodeUtteranceLatticeFaster():decoder-wrappers.cc:289) Log-like per frame for utterance yweweler-2-3 is -7.70973 over 26 frames.
yweweler-2-4 two 
LOG (gmm-latgen-faster[5.5.510~1-68cfb]:DecodeUtteranceLatticeFaster():decoder-wrappers.cc:289) Log-like per frame for utterance yweweler-2-4 is -7.33848 over 27 frames.
yweweler-3-0 three 
LOG (gmm-latgen-faster[5.5.510~1-68cfb]:DecodeUtteranceLatticeFaster():decoder-wrappers.cc:289) Log-like per frame for utterance yweweler-3-0 is -8.08908 over 37 frames.
yweweler-3-1 three 
LOG (gmm-latgen-faster[5.5.510~1-68cfb]:DecodeUtteranceLatticeFaster():decoder-wrappers.cc:289) Log-like per frame for utterance yweweler-3-1 is -7.97294 over 29 frames.
yweweler-3-2 three 
LOG (gmm-latgen-faster[5.5.510~1-68cfb]:DecodeUtteranceLatticeFaster():decoder-wrappers.cc:289) Log-like per frame for utterance yweweler-3-2 is -7.05343 over 23 frames.
yweweler-3-3 three 
LOG (gmm-latgen-faster[5.5.510~1-68cfb]:DecodeUtteranceLatticeFaster():decoder-wrappers.cc:289) Log-like per frame for utterance yweweler-3-3 is -7.70566 over 38 frames.
yweweler-3-4 three 
LOG (gmm-latgen-faster[5.5.510~1-68cfb]:DecodeUtteranceLatticeFaster():decoder-wrappers.cc:289) Log-like per frame for utterance yweweler-3-4 is -7.88414 over 38 frames.
yweweler-4-0 four 
LOG (gmm-latgen-faster[5.5.510~1-68cfb]:DecodeUtteranceLatticeFaster():decoder-wrappers.cc:289) Log-like per frame for utterance yweweler-4-0 is -7.9379 over 39 frames.
yweweler-4-1 four 
LOG (gmm-latgen-faster[5.5.510~1-68cfb]:DecodeUtteranceLatticeFaster():decoder-wrappers.cc:289) Log-like per frame for utterance yweweler-4-1 is -7.75459 over 37 frames.
yweweler-4-2 four 
LOG (gmm-latgen-faster[5.5.510~1-68cfb]:DecodeUtteranceLatticeFaster():decoder-wrappers.cc:289) Log-like per frame for utterance yweweler-4-2 is -7.09324 over 31 frames.
yweweler-4-3 four 
LOG (gmm-latgen-faster[5.5.510~1-68cfb]:DecodeUtteranceLatticeFaster():decoder-wrappers.cc:289) Log-like per frame for utterance yweweler-4-3 is -7.56622 over 25 frames.
yweweler-4-4 four 
LOG (gmm-latgen-faster[5.5.510~1-68cfb]:DecodeUtteranceLatticeFaster():decoder-wrappers.cc:289) Log-like per frame for utterance yweweler-4-4 is -7.2643 over 33 frames.
yweweler-5-0 five 
LOG (gmm-latgen-faster[5.5.510~1-68cfb]:DecodeUtteranceLatticeFaster():decoder-wrappers.cc:289) Log-like per frame for utterance yweweler-5-0 is -7.40876 over 28 frames.
yweweler-5-1 five 
LOG (gmm-latgen-faster[5.5.510~1-68cfb]:DecodeUtteranceLatticeFaster():decoder-wrappers.cc:289) Log-like per frame for utterance yweweler-5-1 is -7.66069 over 40 frames.
yweweler-5-2 five 
LOG (gmm-latgen-faster[5.5.510~1-68cfb]:DecodeUtteranceLatticeFaster():decoder-wrappers.cc:289) Log-like per frame for utterance yweweler-5-2 is -7.11284 over 37 frames.
yweweler-5-3 five 
LOG (gmm-latgen-faster[5.5.510~1-68cfb]:DecodeUtteranceLatticeFaster():decoder-wrappers.cc:289) Log-like per frame for utterance yweweler-5-3 is -7.41845 over 40 frames.
yweweler-5-4 five 
LOG (gmm-latgen-faster[5.5.510~1-68cfb]:DecodeUtteranceLatticeFaster():decoder-wrappers.cc:289) Log-like per frame for utterance yweweler-5-4 is -7.10261 over 48 frames.
yweweler-6-0 six 
LOG (gmm-latgen-faster[5.5.510~1-68cfb]:DecodeUtteranceLatticeFaster():decoder-wrappers.cc:289) Log-like per frame for utterance yweweler-6-0 is -7.68926 over 31 frames.
yweweler-6-1 six 
LOG (gmm-latgen-faster[5.5.510~1-68cfb]:DecodeUtteranceLatticeFaster():decoder-wrappers.cc:289) Log-like per frame for utterance yweweler-6-1 is -8.60244 over 14 frames.
yweweler-6-2 six 
LOG (gmm-latgen-faster[5.5.510~1-68cfb]:DecodeUtteranceLatticeFaster():decoder-wrappers.cc:289) Log-like per frame for utterance yweweler-6-2 is -7.51119 over 21 frames.
yweweler-6-3 six 
LOG (gmm-latgen-faster[5.5.510~1-68cfb]:DecodeUtteranceLatticeFaster():decoder-wrappers.cc:289) Log-like per frame for utterance yweweler-6-3 is -7.97313 over 12 frames.
yweweler-6-4 six 
LOG (gmm-latgen-faster[5.5.510~1-68cfb]:DecodeUtteranceLatticeFaster():decoder-wrappers.cc:289) Log-like per frame for utterance yweweler-6-4 is -7.08849 over 16 frames.
yweweler-7-0 seven 
LOG (gmm-latgen-faster[5.5.510~1-68cfb]:DecodeUtteranceLatticeFaster():decoder-wrappers.cc:289) Log-like per frame for utterance yweweler-7-0 is -7.38498 over 42 frames.
yweweler-7-1 seven 
LOG (gmm-latgen-faster[5.5.510~1-68cfb]:DecodeUtteranceLatticeFaster():decoder-wrappers.cc:289) Log-like per frame for utterance yweweler-7-1 is -7.54774 over 37 frames.
yweweler-7-2 seven 
LOG (gmm-latgen-faster[5.5.510~1-68cfb]:DecodeUtteranceLatticeFaster():decoder-wrappers.cc:289) Log-like per frame for utterance yweweler-7-2 is -7.52145 over 40 frames.
yweweler-7-3 seven 
LOG (gmm-latgen-faster[5.5.510~1-68cfb]:DecodeUtteranceLatticeFaster():decoder-wrappers.cc:289) Log-like per frame for utterance yweweler-7-3 is -8.3724 over 40 frames.
yweweler-7-4 seven 
LOG (gmm-latgen-faster[5.5.510~1-68cfb]:DecodeUtteranceLatticeFaster():decoder-wrappers.cc:289) Log-like per frame for utterance yweweler-7-4 is -7.43782 over 34 frames.
yweweler-8-0 eight 
LOG (gmm-latgen-faster[5.5.510~1-68cfb]:DecodeUtteranceLatticeFaster():decoder-wrappers.cc:289) Log-like per frame for utterance yweweler-8-0 is -8.26295 over 30 frames.
yweweler-8-1 eight 
LOG (gmm-latgen-faster[5.5.510~1-68cfb]:DecodeUtteranceLatticeFaster():decoder-wrappers.cc:289) Log-like per frame for utterance yweweler-8-1 is -7.62639 over 33 frames.
yweweler-8-2 eight 
LOG (gmm-latgen-faster[5.5.510~1-68cfb]:DecodeUtteranceLatticeFaster():decoder-wrappers.cc:289) Log-like per frame for utterance yweweler-8-2 is -8.11976 over 25 frames.
yweweler-8-3 eight 
LOG (gmm-latgen-faster[5.5.510~1-68cfb]:DecodeUtteranceLatticeFaster():decoder-wrappers.cc:289) Log-like per frame for utterance yweweler-8-3 is -7.62609 over 30 frames.
yweweler-8-4 eight 
LOG (gmm-latgen-faster[5.5.510~1-68cfb]:DecodeUtteranceLatticeFaster():decoder-wrappers.cc:289) Log-like per frame for utterance yweweler-8-4 is -7.89908 over 31 frames.
yweweler-9-0 nine 
LOG (gmm-latgen-faster[5.5.510~1-68cfb]:DecodeUtteranceLatticeFaster():decoder-wrappers.cc:289) Log-like per frame for utterance yweweler-9-0 is -7.55573 over 34 frames.
yweweler-9-1 nine 
LOG (gmm-latgen-faster[5.5.510~1-68cfb]:DecodeUtteranceLatticeFaster():decoder-wrappers.cc:289) Log-like per frame for utterance yweweler-9-1 is -6.83354 over 37 frames.
yweweler-9-2 nine 
LOG (gmm-latgen-faster[5.5.510~1-68cfb]:DecodeUtteranceLatticeFaster():decoder-wrappers.cc:289) Log-like per frame for utterance yweweler-9-2 is -6.7934 over 38 frames.
yweweler-9-3 nine 
LOG (gmm-latgen-faster[5.5.510~1-68cfb]:DecodeUtteranceLatticeFaster():decoder-wrappers.cc:289) Log-like per frame for utterance yweweler-9-3 is -8.3362 over 53 frames.
yweweler-9-4 nine 
LOG (gmm-latgen-faster[5.5.510~1-68cfb]:DecodeUtteranceLatticeFaster():decoder-wrappers.cc:289) Log-like per frame for utterance yweweler-9-4 is -6.81945 over 40 frames.
LOG (gmm-latgen-faster[5.5.510~1-68cfb]:main():gmm-latgen-faster.cc:176) Time taken 2.9609s: real-time factor assuming 100 frames/sec is 0.0413476
LOG (gmm-latgen-faster[5.5.510~1-68cfb]:main():gmm-latgen-faster.cc:179) Done 200 utterances, failed for 0
LOG (gmm-latgen-faster[5.5.510~1-68cfb]:main():gmm-latgen-faster.cc:181) Overall log-likelihood per frame is -7.63578 over 7161 frames.
# Accounting: time=4 threads=1
# Ended (code 0) at Mon Oct 14 16:06:46 DST 2019, elapsed time 4 seconds
